#
# A fatal error has been detected by the Java Runtime Environment:
#
#  EXCEPTION_ACCESS_VIOLATION (0xc0000005) at pc=0x00007fff5d3ffa16, pid=4380, tid=9916
#
# JRE version: OpenJDK Runtime Environment (11.0.7+10) (build 11.0.7+10)
# Java VM: OpenJDK 64-Bit Server VM (11.0.7+10, mixed mode, tiered, compressed oops, g1 gc, windows-amd64)
# Problematic frame:
# C  [awt.dll+0x8fa16]
#
# No core dump will be written. Minidumps are not enabled by default on client versions of Windows
#
# If you would like to submit a bug report, please visit:
#   https://github.com/AdoptOpenJDK/openjdk-support/issues
# The crash happened outside the Java Virtual Machine in native code.
# See problematic frame for where to report the bug.
#

---------------  S U M M A R Y ------------

Command Line: -Dfile.encoding=UTF-8 ObserverMain

Host: AMD Ryzen 5 3500 6-Core Processor              , 6 cores, 15G,  Windows 10 , 64 bit Build 19041 (10.0.19041.292)
Time: Mon Oct 12 00:14:13 2020 ìåãû (ïWèÄéû) elapsed time: 0 seconds (0d 0h 0m 0s)

---------------  T H R E A D  ---------------

Current thread (0x000002c18ada6000):  JavaThread "main" [_thread_in_native, id=9916, stack(0x000000d733400000,0x000000d733500000)]

Stack: [0x000000d733400000,0x000000d733500000],  sp=0x000000d7334fecb0,  free space=1019k
Native frames: (J=compiled Java code, j=interpreted, Vv=VM code, C=native code)
C  [awt.dll+0x8fa16]

Java frames: (J=compiled Java code, j=interpreted, Vv=VM code)
j  sun.awt.windows.WComponentPeer._setFont(Ljava/awt/Font;)V+0 java.desktop@11.0.7
j  sun.awt.windows.WComponentPeer.setFont(Ljava/awt/Font;)V+7 java.desktop@11.0.7
j  sun.awt.windows.WWindowPeer.initialize()V+42 java.desktop@11.0.7
j  sun.awt.windows.WFramePeer.initialize()V+1 java.desktop@11.0.7
j  sun.awt.windows.WComponentPeer.<init>(Ljava/awt/Component;)V+83 java.desktop@11.0.7
j  sun.awt.windows.WCanvasPeer.<init>(Ljava/awt/Component;)V+2 java.desktop@11.0.7
j  sun.awt.windows.WPanelPeer.<init>(Ljava/awt/Component;)V+2 java.desktop@11.0.7
j  sun.awt.windows.WWindowPeer.<init>(Ljava/awt/Window;)V+2 java.desktop@11.0.7
j  sun.awt.windows.WFramePeer.<init>(Ljava/awt/Frame;)V+2 java.desktop@11.0.7
j  sun.awt.windows.WToolkit.createFrame(Ljava/awt/Frame;)Ljava/awt/peer/FramePeer;+5 java.desktop@11.0.7
j  java.awt.Frame.addNotify()V+20 java.desktop@11.0.7
j  java.awt.Window.show()V+8 java.desktop@11.0.7
j  java.awt.Component.show(Z)V+5 java.desktop@11.0.7
j  java.awt.Component.setVisible(Z)V+2 java.desktop@11.0.7
j  java.awt.Window.setVisible(Z)V+2 java.desktop@11.0.7
j  ObserverList.<init>()V+74
j  ObserverMain.main([Ljava/lang/String;)V+4
v  ~StubRoutines::call_stub

siginfo: EXCEPTION_ACCESS_VIOLATION (0xc0000005), reading address 0x0000000000000058


Register to memory mapping:

RIP=0x00007fff5d3ffa16 awt.dll
RAX=0x00007fff5d47b680 awt.dll
RBX=0x000002c18ada6340 points into unknown readable memory: 00 bc fb 49 ff 7f 00 00
RCX=0x000002c1b19bcd20 points into unknown readable memory: 80 b6 47 5d ff 7f 00 00
RDX=0x0 is NULL
RSP=0x000000d7334fecb0 is pointing into the stack for thread: 0x000002c18ada6000
RBP=0x0 is NULL
RSI=0x000002c1b8c20070 is a global jni handle
RDI=0x000002c1b8c20078 is a global jni handle
R8 =0x0000000000000004 is an unknown value
R9 =0x00000008000af300 is a pointer to class: 
java.awt.Font {0x00000008000af308}
R10=0x0000000000008000 is an unknown value
R11=0x000000d7334fecb0 is pointing into the stack for thread: 0x000002c18ada6000
R12=0x0 is NULL
R13={method} {0x000002c1b0bfaa88} '_setFont' '(Ljava/awt/Font;)V' in 'sun/awt/windows/WComponentPeer'
R14=0x000002c1b19bcd20 points into unknown readable memory: 80 b6 47 5d ff 7f 00 00
R15=0x000002c1b8d04a40 points into unknown readable memory: 70 00 c2 b8 c1 02 00 00


Registers:
RAX=0x00007fff5d47b680, RBX=0x000002c18ada6340, RCX=0x000002c1b19bcd20, RDX=0x0000000000000000
RSP=0x000000d7334fecb0, RBP=0x0000000000000000, RSI=0x000002c1b8c20070, RDI=0x000002c1b8c20078
R8 =0x0000000000000004, R9 =0x00000008000af300, R10=0x0000000000008000, R11=0x000000d7334fecb0
R12=0x0000000000000000, R13=0x000002c1b0bfaa80, R14=0x000002c1b19bcd20, R15=0x000002c1b8d04a40
RIP=0x00007fff5d3ffa16, EFLAGS=0x0000000000010202

Top of Stack: (sp=0x000000d7334fecb0)
0x000000d7334fecb0:   000002c1b8d04a40 000002c1b19bcd20
0x000000d7334fecc0:   000002c1b8d04a40 000002c1b19bcd20
0x000000d7334fecd0:   000002c1b8c20078 00007fff5d404921
0x000000d7334fece0:   000002c18ada6340 000002c18ada6340
0x000000d7334fecf0:   0000000000000000 000002c1b8c20070
0x000000d7334fed00:   000002c18ada6000 000000d7334fee50
0x000000d7334fed10:   000002c1b8d04a40 00007fff5d43dbcb
0x000000d7334fed20:   00007fff5d4c1078 000000d7334fee28
0x000000d7334fed30:   00007fff5d4047f4 0000000000000000
0x000000d7334fed40:   fffffffffffffffe fffffffffffffffe
0x000000d7334fed50:   000002c1b8c20070 00007fff5d405ae8
0x000000d7334fed60:   000002c1b8c20078 000000d7334fee48
0x000000d7334fed70:   000000d7334fee48 00007fff5d4c1078
0x000000d7334fed80:   fffffffffffffffe 000002c18ada6000
0x000000d7334fed90:   000002c194c19e67 000002c194c1fe08
0x000000d7334feda0:   000002c1b0bfaa80 0000000000000001 

Instructions: (pc=0x00007fff5d3ffa16)
0x00007fff5d3ff916:   00 48 8b d9 e8 d9 dc ff ff 48 8b f8 48 85 c0 75
0x00007fff5d3ff926:   04 48 8b 7b 48 48 8b cf e8 50 19 05 00 48 8b d8
0x00007fff5d3ff936:   48 85 c0 74 60 83 64 24 20 00 0f 57 c0 83 64 24
0x00007fff5d3ff946:   34 00 b9 11 00 00 00 83 64 24 38 00 f3 0f 7f 44
0x00007fff5d3ff956:   24 24 ff 15 da d9 0b 00 4c 8d 44 24 40 ba 5c 00
0x00007fff5d3ff966:   00 00 48 8b c8 ff 15 7f dc 0b 00 83 f8 5c 75 0d
0x00007fff5d3ff976:   48 8d 54 24 40 48 8b cb e8 af 19 05 00 48 8d 54
0x00007fff5d3ff986:   24 20 48 8b cb e8 c6 19 05 00 48 8b d3 48 8b cf
0x00007fff5d3ff996:   e8 73 19 05 00 48 8b 8c 24 a0 00 00 00 48 33 cc
0x00007fff5d3ff9a6:   e8 a5 26 05 00 48 8b 9c 24 c8 00 00 00 48 81 c4
0x00007fff5d3ff9b6:   b0 00 00 00 5f c3 40 53 48 83 ec 20 48 8b d9 ff
0x00007fff5d3ff9c6:   15 bd e1 0b 00 48 85 c0 75 0a 48 8b 4b 48 ff 15
0x00007fff5d3ff9d6:   a6 e1 0b 00 48 83 c4 20 5b c3 4c 63 c2 48 8b 15
0x00007fff5d3ff9e6:   5e c5 0b 00 48 ff 25 37 e0 0b 00 cc cc cc 48 8b
0x00007fff5d3ff9f6:   d1 48 8b 0d 82 f5 0b 00 48 89 15 7b f5 0b 00 e9
0x00007fff5d3ffa06:   5a 67 04 00 cc cc 48 89 5c 24 08 57 48 83 ec 20
0x00007fff5d3ffa16:   83 7a 58 00 48 8b da 48 8b f9 7d 08 48 8b ca e8
0x00007fff5d3ffa26:   32 95 01 00 4c 8b 43 48 45 33 c9 48 8b 4f 48 4d
0x00007fff5d3ffa36:   8b 00 41 8d 51 30 ff 15 ae e2 0b 00 48 8b 4f 48
0x00007fff5d3ffa46:   33 d2 44 8d 42 01 48 8b 5c 24 30 48 83 c4 20 5f
0x00007fff5d3ffa56:   48 ff 25 4b e1 0b 00 cc cc cc 48 8b c4 48 89 58
0x00007fff5d3ffa66:   08 48 89 68 10 48 89 70 18 48 89 78 20 41 56 48
0x00007fff5d3ffa76:   83 ec 20 4c 8b f2 48 8b f9 48 8b 0d f2 13 0c 00
0x00007fff5d3ffa86:   ba 02 00 01 00 41 8b e8 e8 c0 24 05 00 48 8b 97
0x00007fff5d3ffa96:   c0 00 00 00 33 db 48 8b f0 48 85 d2 74 0d 4c 8b
0x00007fff5d3ffaa6:   08 48 8b c8 41 ff 91 b0 00 00 00 4d 85 f6 74 14
0x00007fff5d3ffab6:   48 8b 06 49 8b d6 48 8b ce ff 90 a8 00 00 00 48
0x00007fff5d3ffac6:   8b d8 eb 05 bd 01 00 00 00 48 89 9f c0 00 00 00
0x00007fff5d3ffad6:   89 af c8 00 00 00 48 8b 5c 24 30 48 8b 6c 24 38
0x00007fff5d3ffae6:   48 8b 74 24 40 48 8b 7c 24 48 48 83 c4 20 41 5e
0x00007fff5d3ffaf6:   c3 cc 48 89 5c 24 08 48 89 6c 24 10 48 89 74 24
0x00007fff5d3ffb06:   18 57 48 83 ec 20 33 db 48 8b f9 48 85 c9 75 09 


Stack slot to memory mapping:
stack at sp + 0 slots: 0x000002c1b8d04a40 points into unknown readable memory: 70 00 c2 b8 c1 02 00 00
stack at sp + 1 slots: 0x000002c1b19bcd20 points into unknown readable memory: 80 b6 47 5d ff 7f 00 00
stack at sp + 2 slots: 0x000002c1b8d04a40 points into unknown readable memory: 70 00 c2 b8 c1 02 00 00
stack at sp + 3 slots: 0x000002c1b19bcd20 points into unknown readable memory: 80 b6 47 5d ff 7f 00 00
stack at sp + 4 slots: 0x000002c1b8c20078 is a global jni handle
stack at sp + 5 slots: 0x00007fff5d404921 awt.dll
stack at sp + 6 slots: 0x000002c18ada6340 points into unknown readable memory: 00 bc fb 49 ff 7f 00 00
stack at sp + 7 slots: 0x000002c18ada6340 points into unknown readable memory: 00 bc fb 49 ff 7f 00 00


---------------  P R O C E S S  ---------------

Threads class SMR info:
_java_thread_list=0x000002c1b149d060, length=15, elements={
0x000002c18ada6000, 0x000002c1b0dac800, 0x000002c1b0db6000, 0x000002c1b0e14800,
0x000002c1b0e17000, 0x000002c1b0e1a000, 0x000002c1b0e1b000, 0x000002c1b0e1c000,
0x000002c1b0f90000, 0x000002c1b0fa3800, 0x000002c1b147f000, 0x000002c1b1475000,
0x000002c1b147c000, 0x000002c1b19bc800, 0x000002c1b91f0800
}

Java Threads: ( => current thread )
=>0x000002c18ada6000 JavaThread "main" [_thread_in_native, id=9916, stack(0x000000d733400000,0x000000d733500000)]
  0x000002c1b0dac800 JavaThread "Reference Handler" daemon [_thread_blocked, id=12348, stack(0x000000d733b00000,0x000000d733c00000)]
  0x000002c1b0db6000 JavaThread "Finalizer" daemon [_thread_blocked, id=14004, stack(0x000000d733c00000,0x000000d733d00000)]
  0x000002c1b0e14800 JavaThread "Signal Dispatcher" daemon [_thread_blocked, id=1696, stack(0x000000d733d00000,0x000000d733e00000)]
  0x000002c1b0e17000 JavaThread "Attach Listener" daemon [_thread_blocked, id=13936, stack(0x000000d733e00000,0x000000d733f00000)]
  0x000002c1b0e1a000 JavaThread "C2 CompilerThread0" daemon [_thread_blocked, id=11564, stack(0x000000d733f00000,0x000000d734000000)]
  0x000002c1b0e1b000 JavaThread "C1 CompilerThread0" daemon [_thread_blocked, id=1808, stack(0x000000d734000000,0x000000d734100000)]
  0x000002c1b0e1c000 JavaThread "Sweeper thread" daemon [_thread_blocked, id=13880, stack(0x000000d734100000,0x000000d734200000)]
  0x000002c1b0f90000 JavaThread "Service Thread" daemon [_thread_blocked, id=4432, stack(0x000000d734200000,0x000000d734300000)]
  0x000002c1b0fa3800 JavaThread "Common-Cleaner" daemon [_thread_blocked, id=5996, stack(0x000000d734400000,0x000000d734500000)]
  0x000002c1b147f000 JavaThread "Java2D Disposer" daemon [_thread_blocked, id=18784, stack(0x000000d734500000,0x000000d734600000)]
  0x000002c1b1475000 JavaThread "AWT-Shutdown" [_thread_blocked, id=13956, stack(0x000000d734600000,0x000000d734700000)]
  0x000002c1b147c000 JavaThread "AWT-Windows" daemon [_thread_in_native, id=19040, stack(0x000000d734700000,0x000000d734800000)]
  0x000002c1b19bc800 JavaThread "AWT-EventQueue-0" [_thread_blocked, id=6312, stack(0x000000d734a00000,0x000000d734b00000)]
  0x000002c1b91f0800 JavaThread "C2 CompilerThread1" daemon [_thread_blocked, id=14428, stack(0x000000d734b00000,0x000000d734c00000)]

Other Threads:
  0x000002c1b0da9800 VMThread "VM Thread" [stack: 0x000000d733a00000,0x000000d733b00000] [id=18044]
  0x000002c1b0f91800 WatcherThread [stack: 0x000000d734300000,0x000000d734400000] [id=4760]
  0x000002c18adbd800 GCTaskThread "GC Thread#0" [stack: 0x000000d733500000,0x000000d733600000] [id=13500]
  0x000002c18ae1a000 ConcurrentGCThread "G1 Main Marker" [stack: 0x000000d733600000,0x000000d733700000] [id=19996]
  0x000002c18ae1c000 ConcurrentGCThread "G1 Conc#0" [stack: 0x000000d733700000,0x000000d733800000] [id=2088]
  0x000002c1b03e9800 ConcurrentGCThread "G1 Refine#0" [stack: 0x000000d733800000,0x000000d733900000] [id=1160]
  0x000002c1b03eb000 ConcurrentGCThread "G1 Young RemSet Sampling" [stack: 0x000000d733900000,0x000000d733a00000] [id=18312]

Threads with active compile tasks:

VM state:not at safepoint (normal execution)

VM Mutex/Monitor currently owned by a thread: None

Heap address: 0x0000000701000000, size: 4080 MB, Compressed Oops mode: Zero based, Oop shift amount: 3
Narrow klass base: 0x0000000800000000, Narrow klass shift: 0
Compressed class space size: 1073741824 Address: 0x0000000800000000

Heap:
 garbage-first heap   total 262144K, used 9216K [0x0000000701000000, 0x0000000800000000)
  region size 1024K, 10 young (10240K), 0 survivors (0K)
 Metaspace       used 13138K, capacity 13500K, committed 13696K, reserved 1060864K
  class space    used 1413K, capacity 1573K, committed 1664K, reserved 1048576K
Heap Regions: E=young(eden), S=young(survivor), O=old, HS=humongous(starts), HC=humongous(continues), CS=collection set, F=free, A=archive, TAMS=top-at-mark-start (previous, next)
|   0|0x0000000701000000, 0x0000000701000000, 0x0000000701100000|  0%| F|  |TAMS 0x0000000701000000, 0x0000000701000000| Untracked 
|   1|0x0000000701100000, 0x0000000701100000, 0x0000000701200000|  0%| F|  |TAMS 0x0000000701100000, 0x0000000701100000| Untracked 
|   2|0x0000000701200000, 0x0000000701200000, 0x0000000701300000|  0%| F|  |TAMS 0x0000000701200000, 0x0000000701200000| Untracked 
|   3|0x0000000701300000, 0x0000000701300000, 0x0000000701400000|  0%| F|  |TAMS 0x0000000701300000, 0x0000000701300000| Untracked 
|   4|0x0000000701400000, 0x0000000701400000, 0x0000000701500000|  0%| F|  |TAMS 0x0000000701400000, 0x0000000701400000| Untracked 
|   5|0x0000000701500000, 0x0000000701500000, 0x0000000701600000|  0%| F|  |TAMS 0x0000000701500000, 0x0000000701500000| Untracked 
|   6|0x0000000701600000, 0x0000000701600000, 0x0000000701700000|  0%| F|  |TAMS 0x0000000701600000, 0x0000000701600000| Untracked 
|   7|0x0000000701700000, 0x0000000701700000, 0x0000000701800000|  0%| F|  |TAMS 0x0000000701700000, 0x0000000701700000| Untracked 
|   8|0x0000000701800000, 0x0000000701800000, 0x0000000701900000|  0%| F|  |TAMS 0x0000000701800000, 0x0000000701800000| Untracked 
|   9|0x0000000701900000, 0x0000000701900000, 0x0000000701a00000|  0%| F|  |TAMS 0x0000000701900000, 0x0000000701900000| Untracked 
|  10|0x0000000701a00000, 0x0000000701a00000, 0x0000000701b00000|  0%| F|  |TAMS 0x0000000701a00000, 0x0000000701a00000| Untracked 
|  11|0x0000000701b00000, 0x0000000701b00000, 0x0000000701c00000|  0%| F|  |TAMS 0x0000000701b00000, 0x0000000701b00000| Untracked 
|  12|0x0000000701c00000, 0x0000000701c00000, 0x0000000701d00000|  0%| F|  |TAMS 0x0000000701c00000, 0x0000000701c00000| Untracked 
|  13|0x0000000701d00000, 0x0000000701d00000, 0x0000000701e00000|  0%| F|  |TAMS 0x0000000701d00000, 0x0000000701d00000| Untracked 
|  14|0x0000000701e00000, 0x0000000701e00000, 0x0000000701f00000|  0%| F|  |TAMS 0x0000000701e00000, 0x0000000701e00000| Untracked 
|  15|0x0000000701f00000, 0x0000000701f00000, 0x0000000702000000|  0%| F|  |TAMS 0x0000000701f00000, 0x0000000701f00000| Untracked 
|  16|0x0000000702000000, 0x0000000702000000, 0x0000000702100000|  0%| F|  |TAMS 0x0000000702000000, 0x0000000702000000| Untracked 
|  17|0x0000000702100000, 0x0000000702100000, 0x0000000702200000|  0%| F|  |TAMS 0x0000000702100000, 0x0000000702100000| Untracked 
|  18|0x0000000702200000, 0x0000000702200000, 0x0000000702300000|  0%| F|  |TAMS 0x0000000702200000, 0x0000000702200000| Untracked 
|  19|0x0000000702300000, 0x0000000702300000, 0x0000000702400000|  0%| F|  |TAMS 0x0000000702300000, 0x0000000702300000| Untracked 
|  20|0x0000000702400000, 0x0000000702400000, 0x0000000702500000|  0%| F|  |TAMS 0x0000000702400000, 0x0000000702400000| Untracked 
|  21|0x0000000702500000, 0x0000000702500000, 0x0000000702600000|  0%| F|  |TAMS 0x0000000702500000, 0x0000000702500000| Untracked 
|  22|0x0000000702600000, 0x0000000702600000, 0x0000000702700000|  0%| F|  |TAMS 0x0000000702600000, 0x0000000702600000| Untracked 
|  23|0x0000000702700000, 0x0000000702700000, 0x0000000702800000|  0%| F|  |TAMS 0x0000000702700000, 0x0000000702700000| Untracked 
|  24|0x0000000702800000, 0x0000000702800000, 0x0000000702900000|  0%| F|  |TAMS 0x0000000702800000, 0x0000000702800000| Untracked 
|  25|0x0000000702900000, 0x0000000702900000, 0x0000000702a00000|  0%| F|  |TAMS 0x0000000702900000, 0x0000000702900000| Untracked 
|  26|0x0000000702a00000, 0x0000000702a00000, 0x0000000702b00000|  0%| F|  |TAMS 0x0000000702a00000, 0x0000000702a00000| Untracked 
|  27|0x0000000702b00000, 0x0000000702b00000, 0x0000000702c00000|  0%| F|  |TAMS 0x0000000702b00000, 0x0000000702b00000| Untracked 
|  28|0x0000000702c00000, 0x0000000702c00000, 0x0000000702d00000|  0%| F|  |TAMS 0x0000000702c00000, 0x0000000702c00000| Untracked 
|  29|0x0000000702d00000, 0x0000000702d00000, 0x0000000702e00000|  0%| F|  |TAMS 0x0000000702d00000, 0x0000000702d00000| Untracked 
|  30|0x0000000702e00000, 0x0000000702e00000, 0x0000000702f00000|  0%| F|  |TAMS 0x0000000702e00000, 0x0000000702e00000| Untracked 
|  31|0x0000000702f00000, 0x0000000702f00000, 0x0000000703000000|  0%| F|  |TAMS 0x0000000702f00000, 0x0000000702f00000| Untracked 
|  32|0x0000000703000000, 0x0000000703000000, 0x0000000703100000|  0%| F|  |TAMS 0x0000000703000000, 0x0000000703000000| Untracked 
|  33|0x0000000703100000, 0x0000000703100000, 0x0000000703200000|  0%| F|  |TAMS 0x0000000703100000, 0x0000000703100000| Untracked 
|  34|0x0000000703200000, 0x0000000703200000, 0x0000000703300000|  0%| F|  |TAMS 0x0000000703200000, 0x0000000703200000| Untracked 
|  35|0x0000000703300000, 0x0000000703300000, 0x0000000703400000|  0%| F|  |TAMS 0x0000000703300000, 0x0000000703300000| Untracked 
|  36|0x0000000703400000, 0x0000000703400000, 0x0000000703500000|  0%| F|  |TAMS 0x0000000703400000, 0x0000000703400000| Untracked 
|  37|0x0000000703500000, 0x0000000703500000, 0x0000000703600000|  0%| F|  |TAMS 0x0000000703500000, 0x0000000703500000| Untracked 
|  38|0x0000000703600000, 0x0000000703600000, 0x0000000703700000|  0%| F|  |TAMS 0x0000000703600000, 0x0000000703600000| Untracked 
|  39|0x0000000703700000, 0x0000000703700000, 0x0000000703800000|  0%| F|  |TAMS 0x0000000703700000, 0x0000000703700000| Untracked 
|  40|0x0000000703800000, 0x0000000703800000, 0x0000000703900000|  0%| F|  |TAMS 0x0000000703800000, 0x0000000703800000| Untracked 
|  41|0x0000000703900000, 0x0000000703900000, 0x0000000703a00000|  0%| F|  |TAMS 0x0000000703900000, 0x0000000703900000| Untracked 
|  42|0x0000000703a00000, 0x0000000703a00000, 0x0000000703b00000|  0%| F|  |TAMS 0x0000000703a00000, 0x0000000703a00000| Untracked 
|  43|0x0000000703b00000, 0x0000000703b00000, 0x0000000703c00000|  0%| F|  |TAMS 0x0000000703b00000, 0x0000000703b00000| Untracked 
|  44|0x0000000703c00000, 0x0000000703c00000, 0x0000000703d00000|  0%| F|  |TAMS 0x0000000703c00000, 0x0000000703c00000| Untracked 
|  45|0x0000000703d00000, 0x0000000703d00000, 0x0000000703e00000|  0%| F|  |TAMS 0x0000000703d00000, 0x0000000703d00000| Untracked 
|  46|0x0000000703e00000, 0x0000000703e00000, 0x0000000703f00000|  0%| F|  |TAMS 0x0000000703e00000, 0x0000000703e00000| Untracked 
|  47|0x0000000703f00000, 0x0000000703f00000, 0x0000000704000000|  0%| F|  |TAMS 0x0000000703f00000, 0x0000000703f00000| Untracked 
|  48|0x0000000704000000, 0x0000000704000000, 0x0000000704100000|  0%| F|  |TAMS 0x0000000704000000, 0x0000000704000000| Untracked 
|  49|0x0000000704100000, 0x0000000704100000, 0x0000000704200000|  0%| F|  |TAMS 0x0000000704100000, 0x0000000704100000| Untracked 
|  50|0x0000000704200000, 0x0000000704200000, 0x0000000704300000|  0%| F|  |TAMS 0x0000000704200000, 0x0000000704200000| Untracked 
|  51|0x0000000704300000, 0x0000000704300000, 0x0000000704400000|  0%| F|  |TAMS 0x0000000704300000, 0x0000000704300000| Untracked 
|  52|0x0000000704400000, 0x0000000704400000, 0x0000000704500000|  0%| F|  |TAMS 0x0000000704400000, 0x0000000704400000| Untracked 
|  53|0x0000000704500000, 0x0000000704500000, 0x0000000704600000|  0%| F|  |TAMS 0x0000000704500000, 0x0000000704500000| Untracked 
|  54|0x0000000704600000, 0x0000000704600000, 0x0000000704700000|  0%| F|  |TAMS 0x0000000704600000, 0x0000000704600000| Untracked 
|  55|0x0000000704700000, 0x0000000704700000, 0x0000000704800000|  0%| F|  |TAMS 0x0000000704700000, 0x0000000704700000| Untracked 
|  56|0x0000000704800000, 0x0000000704800000, 0x0000000704900000|  0%| F|  |TAMS 0x0000000704800000, 0x0000000704800000| Untracked 
|  57|0x0000000704900000, 0x0000000704900000, 0x0000000704a00000|  0%| F|  |TAMS 0x0000000704900000, 0x0000000704900000| Untracked 
|  58|0x0000000704a00000, 0x0000000704a00000, 0x0000000704b00000|  0%| F|  |TAMS 0x0000000704a00000, 0x0000000704a00000| Untracked 
|  59|0x0000000704b00000, 0x0000000704b00000, 0x0000000704c00000|  0%| F|  |TAMS 0x0000000704b00000, 0x0000000704b00000| Untracked 
|  60|0x0000000704c00000, 0x0000000704c00000, 0x0000000704d00000|  0%| F|  |TAMS 0x0000000704c00000, 0x0000000704c00000| Untracked 
|  61|0x0000000704d00000, 0x0000000704d00000, 0x0000000704e00000|  0%| F|  |TAMS 0x0000000704d00000, 0x0000000704d00000| Untracked 
|  62|0x0000000704e00000, 0x0000000704e00000, 0x0000000704f00000|  0%| F|  |TAMS 0x0000000704e00000, 0x0000000704e00000| Untracked 
|  63|0x0000000704f00000, 0x0000000704f00000, 0x0000000705000000|  0%| F|  |TAMS 0x0000000704f00000, 0x0000000704f00000| Untracked 
|  64|0x0000000705000000, 0x0000000705000000, 0x0000000705100000|  0%| F|  |TAMS 0x0000000705000000, 0x0000000705000000| Untracked 
|  65|0x0000000705100000, 0x0000000705100000, 0x0000000705200000|  0%| F|  |TAMS 0x0000000705100000, 0x0000000705100000| Untracked 
|  66|0x0000000705200000, 0x0000000705200000, 0x0000000705300000|  0%| F|  |TAMS 0x0000000705200000, 0x0000000705200000| Untracked 
|  67|0x0000000705300000, 0x0000000705300000, 0x0000000705400000|  0%| F|  |TAMS 0x0000000705300000, 0x0000000705300000| Untracked 
|  68|0x0000000705400000, 0x0000000705400000, 0x0000000705500000|  0%| F|  |TAMS 0x0000000705400000, 0x0000000705400000| Untracked 
|  69|0x0000000705500000, 0x0000000705500000, 0x0000000705600000|  0%| F|  |TAMS 0x0000000705500000, 0x0000000705500000| Untracked 
|  70|0x0000000705600000, 0x0000000705600000, 0x0000000705700000|  0%| F|  |TAMS 0x0000000705600000, 0x0000000705600000| Untracked 
|  71|0x0000000705700000, 0x0000000705700000, 0x0000000705800000|  0%| F|  |TAMS 0x0000000705700000, 0x0000000705700000| Untracked 
|  72|0x0000000705800000, 0x0000000705800000, 0x0000000705900000|  0%| F|  |TAMS 0x0000000705800000, 0x0000000705800000| Untracked 
|  73|0x0000000705900000, 0x0000000705900000, 0x0000000705a00000|  0%| F|  |TAMS 0x0000000705900000, 0x0000000705900000| Untracked 
|  74|0x0000000705a00000, 0x0000000705a00000, 0x0000000705b00000|  0%| F|  |TAMS 0x0000000705a00000, 0x0000000705a00000| Untracked 
|  75|0x0000000705b00000, 0x0000000705b00000, 0x0000000705c00000|  0%| F|  |TAMS 0x0000000705b00000, 0x0000000705b00000| Untracked 
|  76|0x0000000705c00000, 0x0000000705c00000, 0x0000000705d00000|  0%| F|  |TAMS 0x0000000705c00000, 0x0000000705c00000| Untracked 
|  77|0x0000000705d00000, 0x0000000705d00000, 0x0000000705e00000|  0%| F|  |TAMS 0x0000000705d00000, 0x0000000705d00000| Untracked 
|  78|0x0000000705e00000, 0x0000000705e00000, 0x0000000705f00000|  0%| F|  |TAMS 0x0000000705e00000, 0x0000000705e00000| Untracked 
|  79|0x0000000705f00000, 0x0000000705f00000, 0x0000000706000000|  0%| F|  |TAMS 0x0000000705f00000, 0x0000000705f00000| Untracked 
|  80|0x0000000706000000, 0x0000000706000000, 0x0000000706100000|  0%| F|  |TAMS 0x0000000706000000, 0x0000000706000000| Untracked 
|  81|0x0000000706100000, 0x0000000706100000, 0x0000000706200000|  0%| F|  |TAMS 0x0000000706100000, 0x0000000706100000| Untracked 
|  82|0x0000000706200000, 0x0000000706200000, 0x0000000706300000|  0%| F|  |TAMS 0x0000000706200000, 0x0000000706200000| Untracked 
|  83|0x0000000706300000, 0x0000000706300000, 0x0000000706400000|  0%| F|  |TAMS 0x0000000706300000, 0x0000000706300000| Untracked 
|  84|0x0000000706400000, 0x0000000706400000, 0x0000000706500000|  0%| F|  |TAMS 0x0000000706400000, 0x0000000706400000| Untracked 
|  85|0x0000000706500000, 0x0000000706500000, 0x0000000706600000|  0%| F|  |TAMS 0x0000000706500000, 0x0000000706500000| Untracked 
|  86|0x0000000706600000, 0x0000000706600000, 0x0000000706700000|  0%| F|  |TAMS 0x0000000706600000, 0x0000000706600000| Untracked 
|  87|0x0000000706700000, 0x0000000706700000, 0x0000000706800000|  0%| F|  |TAMS 0x0000000706700000, 0x0000000706700000| Untracked 
|  88|0x0000000706800000, 0x0000000706800000, 0x0000000706900000|  0%| F|  |TAMS 0x0000000706800000, 0x0000000706800000| Untracked 
|  89|0x0000000706900000, 0x0000000706900000, 0x0000000706a00000|  0%| F|  |TAMS 0x0000000706900000, 0x0000000706900000| Untracked 
|  90|0x0000000706a00000, 0x0000000706a00000, 0x0000000706b00000|  0%| F|  |TAMS 0x0000000706a00000, 0x0000000706a00000| Untracked 
|  91|0x0000000706b00000, 0x0000000706b00000, 0x0000000706c00000|  0%| F|  |TAMS 0x0000000706b00000, 0x0000000706b00000| Untracked 
|  92|0x0000000706c00000, 0x0000000706c00000, 0x0000000706d00000|  0%| F|  |TAMS 0x0000000706c00000, 0x0000000706c00000| Untracked 
|  93|0x0000000706d00000, 0x0000000706d00000, 0x0000000706e00000|  0%| F|  |TAMS 0x0000000706d00000, 0x0000000706d00000| Untracked 
|  94|0x0000000706e00000, 0x0000000706e00000, 0x0000000706f00000|  0%| F|  |TAMS 0x0000000706e00000, 0x0000000706e00000| Untracked 
|  95|0x0000000706f00000, 0x0000000706f00000, 0x0000000707000000|  0%| F|  |TAMS 0x0000000706f00000, 0x0000000706f00000| Untracked 
|  96|0x0000000707000000, 0x0000000707000000, 0x0000000707100000|  0%| F|  |TAMS 0x0000000707000000, 0x0000000707000000| Untracked 
|  97|0x0000000707100000, 0x0000000707100000, 0x0000000707200000|  0%| F|  |TAMS 0x0000000707100000, 0x0000000707100000| Untracked 
|  98|0x0000000707200000, 0x0000000707200000, 0x0000000707300000|  0%| F|  |TAMS 0x0000000707200000, 0x0000000707200000| Untracked 
|  99|0x0000000707300000, 0x0000000707300000, 0x0000000707400000|  0%| F|  |TAMS 0x0000000707300000, 0x0000000707300000| Untracked 
| 100|0x0000000707400000, 0x0000000707400000, 0x0000000707500000|  0%| F|  |TAMS 0x0000000707400000, 0x0000000707400000| Untracked 
| 101|0x0000000707500000, 0x0000000707500000, 0x0000000707600000|  0%| F|  |TAMS 0x0000000707500000, 0x0000000707500000| Untracked 
| 102|0x0000000707600000, 0x0000000707600000, 0x0000000707700000|  0%| F|  |TAMS 0x0000000707600000, 0x0000000707600000| Untracked 
| 103|0x0000000707700000, 0x0000000707700000, 0x0000000707800000|  0%| F|  |TAMS 0x0000000707700000, 0x0000000707700000| Untracked 
| 104|0x0000000707800000, 0x0000000707800000, 0x0000000707900000|  0%| F|  |TAMS 0x0000000707800000, 0x0000000707800000| Untracked 
| 105|0x0000000707900000, 0x0000000707900000, 0x0000000707a00000|  0%| F|  |TAMS 0x0000000707900000, 0x0000000707900000| Untracked 
| 106|0x0000000707a00000, 0x0000000707a00000, 0x0000000707b00000|  0%| F|  |TAMS 0x0000000707a00000, 0x0000000707a00000| Untracked 
| 107|0x0000000707b00000, 0x0000000707b00000, 0x0000000707c00000|  0%| F|  |TAMS 0x0000000707b00000, 0x0000000707b00000| Untracked 
| 108|0x0000000707c00000, 0x0000000707c00000, 0x0000000707d00000|  0%| F|  |TAMS 0x0000000707c00000, 0x0000000707c00000| Untracked 
| 109|0x0000000707d00000, 0x0000000707d00000, 0x0000000707e00000|  0%| F|  |TAMS 0x0000000707d00000, 0x0000000707d00000| Untracked 
| 110|0x0000000707e00000, 0x0000000707e00000, 0x0000000707f00000|  0%| F|  |TAMS 0x0000000707e00000, 0x0000000707e00000| Untracked 
| 111|0x0000000707f00000, 0x0000000707f00000, 0x0000000708000000|  0%| F|  |TAMS 0x0000000707f00000, 0x0000000707f00000| Untracked 
| 112|0x0000000708000000, 0x0000000708000000, 0x0000000708100000|  0%| F|  |TAMS 0x0000000708000000, 0x0000000708000000| Untracked 
| 113|0x0000000708100000, 0x0000000708100000, 0x0000000708200000|  0%| F|  |TAMS 0x0000000708100000, 0x0000000708100000| Untracked 
| 114|0x0000000708200000, 0x0000000708200000, 0x0000000708300000|  0%| F|  |TAMS 0x0000000708200000, 0x0000000708200000| Untracked 
| 115|0x0000000708300000, 0x0000000708300000, 0x0000000708400000|  0%| F|  |TAMS 0x0000000708300000, 0x0000000708300000| Untracked 
| 116|0x0000000708400000, 0x0000000708400000, 0x0000000708500000|  0%| F|  |TAMS 0x0000000708400000, 0x0000000708400000| Untracked 
| 117|0x0000000708500000, 0x0000000708500000, 0x0000000708600000|  0%| F|  |TAMS 0x0000000708500000, 0x0000000708500000| Untracked 
| 118|0x0000000708600000, 0x0000000708600000, 0x0000000708700000|  0%| F|  |TAMS 0x0000000708600000, 0x0000000708600000| Untracked 
| 119|0x0000000708700000, 0x0000000708700000, 0x0000000708800000|  0%| F|  |TAMS 0x0000000708700000, 0x0000000708700000| Untracked 
| 120|0x0000000708800000, 0x0000000708800000, 0x0000000708900000|  0%| F|  |TAMS 0x0000000708800000, 0x0000000708800000| Untracked 
| 121|0x0000000708900000, 0x0000000708900000, 0x0000000708a00000|  0%| F|  |TAMS 0x0000000708900000, 0x0000000708900000| Untracked 
| 122|0x0000000708a00000, 0x0000000708a00000, 0x0000000708b00000|  0%| F|  |TAMS 0x0000000708a00000, 0x0000000708a00000| Untracked 
| 123|0x0000000708b00000, 0x0000000708b00000, 0x0000000708c00000|  0%| F|  |TAMS 0x0000000708b00000, 0x0000000708b00000| Untracked 
| 124|0x0000000708c00000, 0x0000000708c00000, 0x0000000708d00000|  0%| F|  |TAMS 0x0000000708c00000, 0x0000000708c00000| Untracked 
| 125|0x0000000708d00000, 0x0000000708d00000, 0x0000000708e00000|  0%| F|  |TAMS 0x0000000708d00000, 0x0000000708d00000| Untracked 
| 126|0x0000000708e00000, 0x0000000708e00000, 0x0000000708f00000|  0%| F|  |TAMS 0x0000000708e00000, 0x0000000708e00000| Untracked 
| 127|0x0000000708f00000, 0x0000000708f00000, 0x0000000709000000|  0%| F|  |TAMS 0x0000000708f00000, 0x0000000708f00000| Untracked 
| 128|0x0000000709000000, 0x0000000709000000, 0x0000000709100000|  0%| F|  |TAMS 0x0000000709000000, 0x0000000709000000| Untracked 
| 129|0x0000000709100000, 0x0000000709100000, 0x0000000709200000|  0%| F|  |TAMS 0x0000000709100000, 0x0000000709100000| Untracked 
| 130|0x0000000709200000, 0x0000000709200000, 0x0000000709300000|  0%| F|  |TAMS 0x0000000709200000, 0x0000000709200000| Untracked 
| 131|0x0000000709300000, 0x0000000709300000, 0x0000000709400000|  0%| F|  |TAMS 0x0000000709300000, 0x0000000709300000| Untracked 
| 132|0x0000000709400000, 0x0000000709400000, 0x0000000709500000|  0%| F|  |TAMS 0x0000000709400000, 0x0000000709400000| Untracked 
| 133|0x0000000709500000, 0x0000000709500000, 0x0000000709600000|  0%| F|  |TAMS 0x0000000709500000, 0x0000000709500000| Untracked 
| 134|0x0000000709600000, 0x0000000709600000, 0x0000000709700000|  0%| F|  |TAMS 0x0000000709600000, 0x0000000709600000| Untracked 
| 135|0x0000000709700000, 0x0000000709700000, 0x0000000709800000|  0%| F|  |TAMS 0x0000000709700000, 0x0000000709700000| Untracked 
| 136|0x0000000709800000, 0x0000000709800000, 0x0000000709900000|  0%| F|  |TAMS 0x0000000709800000, 0x0000000709800000| Untracked 
| 137|0x0000000709900000, 0x0000000709900000, 0x0000000709a00000|  0%| F|  |TAMS 0x0000000709900000, 0x0000000709900000| Untracked 
| 138|0x0000000709a00000, 0x0000000709a00000, 0x0000000709b00000|  0%| F|  |TAMS 0x0000000709a00000, 0x0000000709a00000| Untracked 
| 139|0x0000000709b00000, 0x0000000709b00000, 0x0000000709c00000|  0%| F|  |TAMS 0x0000000709b00000, 0x0000000709b00000| Untracked 
| 140|0x0000000709c00000, 0x0000000709c00000, 0x0000000709d00000|  0%| F|  |TAMS 0x0000000709c00000, 0x0000000709c00000| Untracked 
| 141|0x0000000709d00000, 0x0000000709d00000, 0x0000000709e00000|  0%| F|  |TAMS 0x0000000709d00000, 0x0000000709d00000| Untracked 
| 142|0x0000000709e00000, 0x0000000709e00000, 0x0000000709f00000|  0%| F|  |TAMS 0x0000000709e00000, 0x0000000709e00000| Untracked 
| 143|0x0000000709f00000, 0x0000000709f00000, 0x000000070a000000|  0%| F|  |TAMS 0x0000000709f00000, 0x0000000709f00000| Untracked 
| 144|0x000000070a000000, 0x000000070a000000, 0x000000070a100000|  0%| F|  |TAMS 0x000000070a000000, 0x000000070a000000| Untracked 
| 145|0x000000070a100000, 0x000000070a100000, 0x000000070a200000|  0%| F|  |TAMS 0x000000070a100000, 0x000000070a100000| Untracked 
| 146|0x000000070a200000, 0x000000070a200000, 0x000000070a300000|  0%| F|  |TAMS 0x000000070a200000, 0x000000070a200000| Untracked 
| 147|0x000000070a300000, 0x000000070a300000, 0x000000070a400000|  0%| F|  |TAMS 0x000000070a300000, 0x000000070a300000| Untracked 
| 148|0x000000070a400000, 0x000000070a400000, 0x000000070a500000|  0%| F|  |TAMS 0x000000070a400000, 0x000000070a400000| Untracked 
| 149|0x000000070a500000, 0x000000070a500000, 0x000000070a600000|  0%| F|  |TAMS 0x000000070a500000, 0x000000070a500000| Untracked 
| 150|0x000000070a600000, 0x000000070a600000, 0x000000070a700000|  0%| F|  |TAMS 0x000000070a600000, 0x000000070a600000| Untracked 
| 151|0x000000070a700000, 0x000000070a700000, 0x000000070a800000|  0%| F|  |TAMS 0x000000070a700000, 0x000000070a700000| Untracked 
| 152|0x000000070a800000, 0x000000070a800000, 0x000000070a900000|  0%| F|  |TAMS 0x000000070a800000, 0x000000070a800000| Untracked 
| 153|0x000000070a900000, 0x000000070a900000, 0x000000070aa00000|  0%| F|  |TAMS 0x000000070a900000, 0x000000070a900000| Untracked 
| 154|0x000000070aa00000, 0x000000070aa00000, 0x000000070ab00000|  0%| F|  |TAMS 0x000000070aa00000, 0x000000070aa00000| Untracked 
| 155|0x000000070ab00000, 0x000000070ab00000, 0x000000070ac00000|  0%| F|  |TAMS 0x000000070ab00000, 0x000000070ab00000| Untracked 
| 156|0x000000070ac00000, 0x000000070ac00000, 0x000000070ad00000|  0%| F|  |TAMS 0x000000070ac00000, 0x000000070ac00000| Untracked 
| 157|0x000000070ad00000, 0x000000070ad00000, 0x000000070ae00000|  0%| F|  |TAMS 0x000000070ad00000, 0x000000070ad00000| Untracked 
| 158|0x000000070ae00000, 0x000000070ae00000, 0x000000070af00000|  0%| F|  |TAMS 0x000000070ae00000, 0x000000070ae00000| Untracked 
| 159|0x000000070af00000, 0x000000070af00000, 0x000000070b000000|  0%| F|  |TAMS 0x000000070af00000, 0x000000070af00000| Untracked 
| 160|0x000000070b000000, 0x000000070b000000, 0x000000070b100000|  0%| F|  |TAMS 0x000000070b000000, 0x000000070b000000| Untracked 
| 161|0x000000070b100000, 0x000000070b100000, 0x000000070b200000|  0%| F|  |TAMS 0x000000070b100000, 0x000000070b100000| Untracked 
| 162|0x000000070b200000, 0x000000070b200000, 0x000000070b300000|  0%| F|  |TAMS 0x000000070b200000, 0x000000070b200000| Untracked 
| 163|0x000000070b300000, 0x000000070b300000, 0x000000070b400000|  0%| F|  |TAMS 0x000000070b300000, 0x000000070b300000| Untracked 
| 164|0x000000070b400000, 0x000000070b400000, 0x000000070b500000|  0%| F|  |TAMS 0x000000070b400000, 0x000000070b400000| Untracked 
| 165|0x000000070b500000, 0x000000070b500000, 0x000000070b600000|  0%| F|  |TAMS 0x000000070b500000, 0x000000070b500000| Untracked 
| 166|0x000000070b600000, 0x000000070b600000, 0x000000070b700000|  0%| F|  |TAMS 0x000000070b600000, 0x000000070b600000| Untracked 
| 167|0x000000070b700000, 0x000000070b700000, 0x000000070b800000|  0%| F|  |TAMS 0x000000070b700000, 0x000000070b700000| Untracked 
| 168|0x000000070b800000, 0x000000070b800000, 0x000000070b900000|  0%| F|  |TAMS 0x000000070b800000, 0x000000070b800000| Untracked 
| 169|0x000000070b900000, 0x000000070b900000, 0x000000070ba00000|  0%| F|  |TAMS 0x000000070b900000, 0x000000070b900000| Untracked 
| 170|0x000000070ba00000, 0x000000070ba00000, 0x000000070bb00000|  0%| F|  |TAMS 0x000000070ba00000, 0x000000070ba00000| Untracked 
| 171|0x000000070bb00000, 0x000000070bb00000, 0x000000070bc00000|  0%| F|  |TAMS 0x000000070bb00000, 0x000000070bb00000| Untracked 
| 172|0x000000070bc00000, 0x000000070bc00000, 0x000000070bd00000|  0%| F|  |TAMS 0x000000070bc00000, 0x000000070bc00000| Untracked 
| 173|0x000000070bd00000, 0x000000070bd00000, 0x000000070be00000|  0%| F|  |TAMS 0x000000070bd00000, 0x000000070bd00000| Untracked 
| 174|0x000000070be00000, 0x000000070be00000, 0x000000070bf00000|  0%| F|  |TAMS 0x000000070be00000, 0x000000070be00000| Untracked 
| 175|0x000000070bf00000, 0x000000070bf00000, 0x000000070c000000|  0%| F|  |TAMS 0x000000070bf00000, 0x000000070bf00000| Untracked 
| 176|0x000000070c000000, 0x000000070c000000, 0x000000070c100000|  0%| F|  |TAMS 0x000000070c000000, 0x000000070c000000| Untracked 
| 177|0x000000070c100000, 0x000000070c100000, 0x000000070c200000|  0%| F|  |TAMS 0x000000070c100000, 0x000000070c100000| Untracked 
| 178|0x000000070c200000, 0x000000070c200000, 0x000000070c300000|  0%| F|  |TAMS 0x000000070c200000, 0x000000070c200000| Untracked 
| 179|0x000000070c300000, 0x000000070c300000, 0x000000070c400000|  0%| F|  |TAMS 0x000000070c300000, 0x000000070c300000| Untracked 
| 180|0x000000070c400000, 0x000000070c400000, 0x000000070c500000|  0%| F|  |TAMS 0x000000070c400000, 0x000000070c400000| Untracked 
| 181|0x000000070c500000, 0x000000070c500000, 0x000000070c600000|  0%| F|  |TAMS 0x000000070c500000, 0x000000070c500000| Untracked 
| 182|0x000000070c600000, 0x000000070c600000, 0x000000070c700000|  0%| F|  |TAMS 0x000000070c600000, 0x000000070c600000| Untracked 
| 183|0x000000070c700000, 0x000000070c700000, 0x000000070c800000|  0%| F|  |TAMS 0x000000070c700000, 0x000000070c700000| Untracked 
| 184|0x000000070c800000, 0x000000070c800000, 0x000000070c900000|  0%| F|  |TAMS 0x000000070c800000, 0x000000070c800000| Untracked 
| 185|0x000000070c900000, 0x000000070c900000, 0x000000070ca00000|  0%| F|  |TAMS 0x000000070c900000, 0x000000070c900000| Untracked 
| 186|0x000000070ca00000, 0x000000070ca00000, 0x000000070cb00000|  0%| F|  |TAMS 0x000000070ca00000, 0x000000070ca00000| Untracked 
| 187|0x000000070cb00000, 0x000000070cb00000, 0x000000070cc00000|  0%| F|  |TAMS 0x000000070cb00000, 0x000000070cb00000| Untracked 
| 188|0x000000070cc00000, 0x000000070cc00000, 0x000000070cd00000|  0%| F|  |TAMS 0x000000070cc00000, 0x000000070cc00000| Untracked 
| 189|0x000000070cd00000, 0x000000070cd00000, 0x000000070ce00000|  0%| F|  |TAMS 0x000000070cd00000, 0x000000070cd00000| Untracked 
| 190|0x000000070ce00000, 0x000000070ce00000, 0x000000070cf00000|  0%| F|  |TAMS 0x000000070ce00000, 0x000000070ce00000| Untracked 
| 191|0x000000070cf00000, 0x000000070cf00000, 0x000000070d000000|  0%| F|  |TAMS 0x000000070cf00000, 0x000000070cf00000| Untracked 
| 192|0x000000070d000000, 0x000000070d000000, 0x000000070d100000|  0%| F|  |TAMS 0x000000070d000000, 0x000000070d000000| Untracked 
| 193|0x000000070d100000, 0x000000070d100000, 0x000000070d200000|  0%| F|  |TAMS 0x000000070d100000, 0x000000070d100000| Untracked 
| 194|0x000000070d200000, 0x000000070d200000, 0x000000070d300000|  0%| F|  |TAMS 0x000000070d200000, 0x000000070d200000| Untracked 
| 195|0x000000070d300000, 0x000000070d300000, 0x000000070d400000|  0%| F|  |TAMS 0x000000070d300000, 0x000000070d300000| Untracked 
| 196|0x000000070d400000, 0x000000070d400000, 0x000000070d500000|  0%| F|  |TAMS 0x000000070d400000, 0x000000070d400000| Untracked 
| 197|0x000000070d500000, 0x000000070d500000, 0x000000070d600000|  0%| F|  |TAMS 0x000000070d500000, 0x000000070d500000| Untracked 
| 198|0x000000070d600000, 0x000000070d600000, 0x000000070d700000|  0%| F|  |TAMS 0x000000070d600000, 0x000000070d600000| Untracked 
| 199|0x000000070d700000, 0x000000070d700000, 0x000000070d800000|  0%| F|  |TAMS 0x000000070d700000, 0x000000070d700000| Untracked 
| 200|0x000000070d800000, 0x000000070d800000, 0x000000070d900000|  0%| F|  |TAMS 0x000000070d800000, 0x000000070d800000| Untracked 
| 201|0x000000070d900000, 0x000000070d900000, 0x000000070da00000|  0%| F|  |TAMS 0x000000070d900000, 0x000000070d900000| Untracked 
| 202|0x000000070da00000, 0x000000070da00000, 0x000000070db00000|  0%| F|  |TAMS 0x000000070da00000, 0x000000070da00000| Untracked 
| 203|0x000000070db00000, 0x000000070db00000, 0x000000070dc00000|  0%| F|  |TAMS 0x000000070db00000, 0x000000070db00000| Untracked 
| 204|0x000000070dc00000, 0x000000070dc00000, 0x000000070dd00000|  0%| F|  |TAMS 0x000000070dc00000, 0x000000070dc00000| Untracked 
| 205|0x000000070dd00000, 0x000000070dd00000, 0x000000070de00000|  0%| F|  |TAMS 0x000000070dd00000, 0x000000070dd00000| Untracked 
| 206|0x000000070de00000, 0x000000070de00000, 0x000000070df00000|  0%| F|  |TAMS 0x000000070de00000, 0x000000070de00000| Untracked 
| 207|0x000000070df00000, 0x000000070df00000, 0x000000070e000000|  0%| F|  |TAMS 0x000000070df00000, 0x000000070df00000| Untracked 
| 208|0x000000070e000000, 0x000000070e000000, 0x000000070e100000|  0%| F|  |TAMS 0x000000070e000000, 0x000000070e000000| Untracked 
| 209|0x000000070e100000, 0x000000070e100000, 0x000000070e200000|  0%| F|  |TAMS 0x000000070e100000, 0x000000070e100000| Untracked 
| 210|0x000000070e200000, 0x000000070e200000, 0x000000070e300000|  0%| F|  |TAMS 0x000000070e200000, 0x000000070e200000| Untracked 
| 211|0x000000070e300000, 0x000000070e300000, 0x000000070e400000|  0%| F|  |TAMS 0x000000070e300000, 0x000000070e300000| Untracked 
| 212|0x000000070e400000, 0x000000070e400000, 0x000000070e500000|  0%| F|  |TAMS 0x000000070e400000, 0x000000070e400000| Untracked 
| 213|0x000000070e500000, 0x000000070e500000, 0x000000070e600000|  0%| F|  |TAMS 0x000000070e500000, 0x000000070e500000| Untracked 
| 214|0x000000070e600000, 0x000000070e600000, 0x000000070e700000|  0%| F|  |TAMS 0x000000070e600000, 0x000000070e600000| Untracked 
| 215|0x000000070e700000, 0x000000070e700000, 0x000000070e800000|  0%| F|  |TAMS 0x000000070e700000, 0x000000070e700000| Untracked 
| 216|0x000000070e800000, 0x000000070e800000, 0x000000070e900000|  0%| F|  |TAMS 0x000000070e800000, 0x000000070e800000| Untracked 
| 217|0x000000070e900000, 0x000000070e900000, 0x000000070ea00000|  0%| F|  |TAMS 0x000000070e900000, 0x000000070e900000| Untracked 
| 218|0x000000070ea00000, 0x000000070ea00000, 0x000000070eb00000|  0%| F|  |TAMS 0x000000070ea00000, 0x000000070ea00000| Untracked 
| 219|0x000000070eb00000, 0x000000070eb00000, 0x000000070ec00000|  0%| F|  |TAMS 0x000000070eb00000, 0x000000070eb00000| Untracked 
| 220|0x000000070ec00000, 0x000000070ec00000, 0x000000070ed00000|  0%| F|  |TAMS 0x000000070ec00000, 0x000000070ec00000| Untracked 
| 221|0x000000070ed00000, 0x000000070ed00000, 0x000000070ee00000|  0%| F|  |TAMS 0x000000070ed00000, 0x000000070ed00000| Untracked 
| 222|0x000000070ee00000, 0x000000070ee00000, 0x000000070ef00000|  0%| F|  |TAMS 0x000000070ee00000, 0x000000070ee00000| Untracked 
| 223|0x000000070ef00000, 0x000000070ef00000, 0x000000070f000000|  0%| F|  |TAMS 0x000000070ef00000, 0x000000070ef00000| Untracked 
| 224|0x000000070f000000, 0x000000070f000000, 0x000000070f100000|  0%| F|  |TAMS 0x000000070f000000, 0x000000070f000000| Untracked 
| 225|0x000000070f100000, 0x000000070f100000, 0x000000070f200000|  0%| F|  |TAMS 0x000000070f100000, 0x000000070f100000| Untracked 
| 226|0x000000070f200000, 0x000000070f200000, 0x000000070f300000|  0%| F|  |TAMS 0x000000070f200000, 0x000000070f200000| Untracked 
| 227|0x000000070f300000, 0x000000070f300000, 0x000000070f400000|  0%| F|  |TAMS 0x000000070f300000, 0x000000070f300000| Untracked 
| 228|0x000000070f400000, 0x000000070f400000, 0x000000070f500000|  0%| F|  |TAMS 0x000000070f400000, 0x000000070f400000| Untracked 
| 229|0x000000070f500000, 0x000000070f500000, 0x000000070f600000|  0%| F|  |TAMS 0x000000070f500000, 0x000000070f500000| Untracked 
| 230|0x000000070f600000, 0x000000070f600000, 0x000000070f700000|  0%| F|  |TAMS 0x000000070f600000, 0x000000070f600000| Untracked 
| 231|0x000000070f700000, 0x000000070f700000, 0x000000070f800000|  0%| F|  |TAMS 0x000000070f700000, 0x000000070f700000| Untracked 
| 232|0x000000070f800000, 0x000000070f800000, 0x000000070f900000|  0%| F|  |TAMS 0x000000070f800000, 0x000000070f800000| Untracked 
| 233|0x000000070f900000, 0x000000070f900000, 0x000000070fa00000|  0%| F|  |TAMS 0x000000070f900000, 0x000000070f900000| Untracked 
| 234|0x000000070fa00000, 0x000000070fa00000, 0x000000070fb00000|  0%| F|  |TAMS 0x000000070fa00000, 0x000000070fa00000| Untracked 
| 235|0x000000070fb00000, 0x000000070fb00000, 0x000000070fc00000|  0%| F|  |TAMS 0x000000070fb00000, 0x000000070fb00000| Untracked 
| 236|0x000000070fc00000, 0x000000070fc00000, 0x000000070fd00000|  0%| F|  |TAMS 0x000000070fc00000, 0x000000070fc00000| Untracked 
| 237|0x000000070fd00000, 0x000000070fd00000, 0x000000070fe00000|  0%| F|  |TAMS 0x000000070fd00000, 0x000000070fd00000| Untracked 
| 238|0x000000070fe00000, 0x000000070fe00000, 0x000000070ff00000|  0%| F|  |TAMS 0x000000070fe00000, 0x000000070fe00000| Untracked 
| 239|0x000000070ff00000, 0x000000070ff00000, 0x0000000710000000|  0%| F|  |TAMS 0x000000070ff00000, 0x000000070ff00000| Untracked 
| 240|0x0000000710000000, 0x0000000710000000, 0x0000000710100000|  0%| F|  |TAMS 0x0000000710000000, 0x0000000710000000| Untracked 
| 241|0x0000000710100000, 0x0000000710100000, 0x0000000710200000|  0%| F|  |TAMS 0x0000000710100000, 0x0000000710100000| Untracked 
| 242|0x0000000710200000, 0x0000000710200000, 0x0000000710300000|  0%| F|  |TAMS 0x0000000710200000, 0x0000000710200000| Untracked 
| 243|0x0000000710300000, 0x0000000710300000, 0x0000000710400000|  0%| F|  |TAMS 0x0000000710300000, 0x0000000710300000| Untracked 
| 244|0x0000000710400000, 0x0000000710400000, 0x0000000710500000|  0%| F|  |TAMS 0x0000000710400000, 0x0000000710400000| Untracked 
| 245|0x0000000710500000, 0x0000000710500000, 0x0000000710600000|  0%| F|  |TAMS 0x0000000710500000, 0x0000000710500000| Untracked 
| 246|0x0000000710600000, 0x00000007106e22a8, 0x0000000710700000| 88%| E|  |TAMS 0x0000000710600000, 0x0000000710600000| Complete 
| 247|0x0000000710700000, 0x0000000710800000, 0x0000000710800000|100%| E|CS|TAMS 0x0000000710700000, 0x0000000710700000| Complete 
| 248|0x0000000710800000, 0x0000000710900000, 0x0000000710900000|100%| E|CS|TAMS 0x0000000710800000, 0x0000000710800000| Complete 
| 249|0x0000000710900000, 0x0000000710a00000, 0x0000000710a00000|100%| E|CS|TAMS 0x0000000710900000, 0x0000000710900000| Complete 
| 250|0x0000000710a00000, 0x0000000710b00000, 0x0000000710b00000|100%| E|CS|TAMS 0x0000000710a00000, 0x0000000710a00000| Complete 
| 251|0x0000000710b00000, 0x0000000710c00000, 0x0000000710c00000|100%| E|CS|TAMS 0x0000000710b00000, 0x0000000710b00000| Complete 
| 252|0x0000000710c00000, 0x0000000710d00000, 0x0000000710d00000|100%| E|CS|TAMS 0x0000000710c00000, 0x0000000710c00000| Complete 
| 253|0x0000000710d00000, 0x0000000710e00000, 0x0000000710e00000|100%| E|CS|TAMS 0x0000000710d00000, 0x0000000710d00000| Complete 
| 254|0x0000000710e00000, 0x0000000710f00000, 0x0000000710f00000|100%| E|CS|TAMS 0x0000000710e00000, 0x0000000710e00000| Complete 
| 255|0x0000000710f00000, 0x0000000711000000, 0x0000000711000000|100%| E|CS|TAMS 0x0000000710f00000, 0x0000000710f00000| Complete 

Card table byte_map: [0x000002c1a4c50000,0x000002c1a5450000] _byte_map_base: 0x000002c1a1448000

Marking Bits (Prev, Next): (CMBitMap*) 0x000002c18ae090b8, (CMBitMap*) 0x000002c18ae090f0
 Prev Bits: [0x000002c1a5c50000, 0x000002c1a9c10000)
 Next Bits: [0x000002c1a9c10000, 0x000002c1adbd0000)

Polling page: 0x000002c18ae90000

Metaspace:

Usage:
  Non-class:     11.65 MB capacity,    11.45 MB ( 98%) used,   163.21 KB (  1%) free+waste,    39.13 KB ( <1%) overhead. 
      Class:      1.54 MB capacity,     1.38 MB ( 90%) used,   137.39 KB (  9%) free+waste,    21.69 KB (  1%) overhead. 
       Both:     13.18 MB capacity,    12.83 MB ( 97%) used,   300.60 KB (  2%) free+waste,    60.81 KB ( <1%) overhead. 

Virtual space:
  Non-class space:       12.00 MB reserved,      11.75 MB ( 98%) committed 
      Class space:        1.00 GB reserved,       1.63 MB ( <1%) committed 
             Both:        1.01 GB reserved,      13.38 MB (  1%) committed 

Chunk freelists:
   Non-Class:  41.00 KB
       Class:  0 bytes
        Both:  41.00 KB

MaxMetaspaceSize: 17179869184.00 GB
CompressedClassSpaceSize: 1.00 GB

CodeHeap 'non-profiled nmethods': size=120064Kb used=247Kb max_used=247Kb free=119816Kb
 bounds [0x000002c19c6d0000, 0x000002c19c940000, 0x000002c1a3c10000]
CodeHeap 'profiled nmethods': size=120000Kb used=1288Kb max_used=1288Kb free=118712Kb
 bounds [0x000002c1951a0000, 0x000002c195410000, 0x000002c19c6d0000]
CodeHeap 'non-nmethods': size=5696Kb used=1170Kb max_used=1193Kb free=4525Kb
 bounds [0x000002c194c10000, 0x000002c194e80000, 0x000002c1951a0000]
 total_blobs=1661 nmethods=747 adapters=419
 compilation: enabled
              stopped_count=0, restarted_count=0
 full_count=0

Compilation events (20 events):
Event: 0.411 Thread 0x000002c1b0e1a000 nmethod 726 0x000002c19c709290 code [0x000002c19c709420, 0x000002c19c7094a8]
Event: 0.411 Thread 0x000002c1b0e1a000  727       4       jdk.internal.org.objectweb.asm.MethodWriter::visitVarInsn (300 bytes)
Event: 0.411 Thread 0x000002c1b0e1b000 nmethod 723 0x000002c1952d6510 code [0x000002c1952d6900, 0x000002c1952d8410]
Event: 0.411 Thread 0x000002c1b0e1b000  729       3       java.lang.invoke.DirectMethodHandle::make (21 bytes)
Event: 0.412 Thread 0x000002c1b0e1b000 nmethod 729 0x000002c1952d8c10 code [0x000002c1952d8de0, 0x000002c1952d9030]
Event: 0.412 Thread 0x000002c1b0e1b000  725       3       java.util.Collections$UnmodifiableCollection::<init> (22 bytes)
Event: 0.412 Thread 0x000002c1b0e1b000 nmethod 725 0x000002c1952d9110 code [0x000002c1952d92e0, 0x000002c1952d9610]
Event: 0.412 Thread 0x000002c1b0e1b000  731       3       java.lang.invoke.ClassSpecializer::classBCName (33 bytes)
Event: 0.412 Thread 0x000002c1b0e1b000 nmethod 731 0x000002c1952d9710 code [0x000002c1952d98c0, 0x000002c1952d9a50]
Event: 0.412 Thread 0x000002c1b0e1b000  732       3       jdk.internal.org.objectweb.asm.Frame::initInputFrame (158 bytes)
Event: 0.412 Thread 0x000002c1b0e1b000 nmethod 732 0x000002c1952d9b10 code [0x000002c1952d9d60, 0x000002c1952da750]
Event: 0.412 Thread 0x000002c1b0e1b000  733       3       java.lang.invoke.ClassSpecializer::className (33 bytes)
Event: 0.412 Thread 0x000002c1b0e1b000 nmethod 733 0x000002c1952dac10 code [0x000002c1952dade0, 0x000002c1952db030]
Event: 0.412 Thread 0x000002c1b0e1b000  735       3       java.lang.invoke.ClassSpecializer::classSig (94 bytes)
Event: 0.413 Thread 0x000002c1b0e1b000 nmethod 735 0x000002c1952db110 code [0x000002c1952db380, 0x000002c1952dbc20]
Event: 0.413 Thread 0x000002c1b0e1b000  738       3       java.lang.invoke.LambdaFormBuffer::indexOf (25 bytes)
Event: 0.413 Thread 0x000002c1b0e1b000 nmethod 738 0x000002c1952dbf10 code [0x000002c1952dc0c0, 0x000002c1952dc318]
Event: 0.413 Thread 0x000002c1b0e1b000  740       3       java.lang.invoke.ClassSpecializer$Factory$1Var::emitVarInstruction (73 bytes)
Event: 0.413 Thread 0x000002c1b0e1b000 nmethod 740 0x000002c1952dc410 code [0x000002c1952dc6c0, 0x000002c1952dd240]
Event: 0.413 Thread 0x000002c1b0e1b000  742       3       java.lang.invoke.MethodTypeForm::<init> (687 bytes)

GC Heap History (0 events):
No events

Deoptimization events (4 events):
Event: 0.067 Thread 0x000002c18ada6000 Uncommon trap: trap_request=0xffffff4d fr.pc=0x000002c19c6d469c relative=0x00000000000001fc
Event: 0.067 Thread 0x000002c18ada6000 Uncommon trap: reason=unstable_if action=reinterpret pc=0x000002c19c6d469c method=java.lang.String.hashCode()I @ 14 c2
Event: 0.067 Thread 0x000002c18ada6000 DEOPT PACKING pc=0x000002c19c6d469c sp=0x000000d7334fd7a0
Event: 0.067 Thread 0x000002c18ada6000 DEOPT UNPACKING pc=0x000002c194c391af sp=0x000000d7334fd738 mode 2

Classes redefined (0 events):
No events

Internal exceptions (20 events):
Event: 0.142 Thread 0x000002c18ada6000 Exception <a 'java/lang/NoSuchMethodError'{0x0000000710c50de8}: 'java.lang.Object java.lang.invoke.DirectMethodHandle$Holder.invokeSpecial(java.lang.Object, java.lang.Object, int, int, java.lang.Object, java.lang.Object, java.lang.Object)'> (0x0000000710c50de8) thrown at [./src/hotspot/share/interpreter/linkResolver.cpp, line 773]
Event: 0.142 Thread 0x000002c18ada6000 Exception <a 'java/lang/NoSuchMethodError'{0x0000000710c54378}: 'java.lang.Object java.lang.invoke.DelegatingMethodHandle$Holder.reinvoke_L(java.lang.Object, int, int, java.lang.Object, java.lang.Object, java.lang.Object)'> (0x0000000710c54378) thrown at [./src/hotspot/share/interpreter/linkResolver.cpp, line 773]
Event: 0.142 Thread 0x000002c18ada6000 Exception <a 'java/lang/NoSuchMethodError'{0x0000000710c58458}: 'java.lang.Object java.lang.invoke.DirectMethodHandle$Holder.invokeStatic(java.lang.Object, java.lang.Object, java.lang.Object, java.lang.Object, int)'> (0x0000000710c58458) thrown at [./src/hotspot/share/interpreter/linkResolver.cpp, line 773]
Event: 0.148 Thread 0x000002c18ada6000 Exception <a 'java/io/FileNotFoundException'{0x0000000710cbb1d0}> (0x0000000710cbb1d0) thrown at [./src/hotspot/share/prims/jni.cpp, line 615]
Event: 0.186 Thread 0x000002c1b147c000 Exception <a 'java/lang/NoSuchMethodError'{0x0000000710be6df8}: 'void java.lang.invoke.DirectMethodHandle$Holder.invokeSpecial(java.lang.Object, java.lang.Object)'> (0x0000000710be6df8) thrown at [./src/hotspot/share/interpreter/linkResolver.cpp, line 773]
Event: 0.189 Thread 0x000002c18ada6000 Exception <a 'java/lang/NoSuchMethodError'{0x0000000710b6d1a8}: 'java.lang.Object java.lang.invoke.DirectMethodHandle$Holder.invokeStatic(java.lang.Object, java.lang.Object, java.lang.Object, java.lang.Object, java.lang.Object, java.lang.Object, java.lang.Object, java.lang.Object, int)'> (0x0000000710b6d1a8) thrown at [./src/hotspot/share/interpreter/linkResolver.cpp, line 773]
Event: 0.190 Thread 0x000002c18ada6000 Exception <a 'java/lang/NoSuchMethodError'{0x0000000710a16340}: 'java.lang.Object java.lang.invoke.DirectMethodHandle$Holder.invokeStatic(java.lang.Object, java.lang.Object, java.lang.Object, java.lang.Object, java.lang.Object, java.lang.Object, java.lang.Object, java.lang.Object, int, int)'> (0x0000000710a16340) thrown at [./src/hotspot/share/interpreter/linkResolver.cpp, line 773]
Event: 0.335 Thread 0x000002c18ada6000 Exception <a 'java/lang/NoSuchMethodError'{0x000000071092e8f0}: 'java.lang.Object java.lang.invoke.DirectMethodHandle$Holder.invokeStatic(java.lang.Object, int, java.lang.Object, java.lang.Object, java.lang.Object, java.lang.Object)'> (0x000000071092e8f0) thrown at [./src/hotspot/share/interpreter/linkResolver.cpp, line 773]
Event: 0.335 Thread 0x000002c18ada6000 Exception <a 'java/lang/NoSuchMethodError'{0x00000007109359b0}: 'java.lang.Object java.lang.invoke.DirectMethodHandle$Holder.invokeStatic(java.lang.Object, int, java.lang.Object, java.lang.Object, java.lang.Object)'> (0x00000007109359b0) thrown at [./src/hotspot/share/interpreter/linkResolver.cpp, line 773]
Event: 0.335 Thread 0x000002c18ada6000 Exception <a 'java/lang/NoSuchMethodError'{0x00000007109394f8}: 'java.lang.Object java.lang.invoke.DirectMethodHandle$Holder.invokeSpecial(java.lang.Object, java.lang.Object, int, java.lang.Object, java.lang.Object, java.lang.Object)'> (0x00000007109394f8) thrown at [./src/hotspot/share/interpreter/linkResolver.cpp, line 773]
Event: 0.337 Thread 0x000002c18ada6000 Exception <a 'java/lang/NoSuchMethodError'{0x0000000710950dd8}: 'java.lang.Object java.lang.invoke.DirectMethodHandle$Holder.invokeStatic(java.lang.Object, int, java.lang.Object)'> (0x0000000710950dd8) thrown at [./src/hotspot/share/interpreter/linkResolver.cpp, line 773]
Event: 0.348 Thread 0x000002c18ada6000 Exception <a 'java/lang/ClassNotFoundException'{0x00000007109fb538}: com/sun/swing/internal/plaf/metal/resources/spi/metalProvider> (0x00000007109fb538) thrown at [./src/hotspot/share/classfile/systemDictionary.cpp, line 231]
Event: 0.348 Thread 0x000002c18ada6000 Exception <a 'java/lang/ClassNotFoundException'{0x0000000710800850}: com/sun/swing/internal/plaf/basic/resources/spi/basicProvider> (0x0000000710800850) thrown at [./src/hotspot/share/classfile/systemDictionary.cpp, line 231]
Event: 0.386 Thread 0x000002c18ada6000 Exception <a 'java/lang/NoSuchMethodError'{0x00000007107033c8}: 'void java.lang.invoke.DirectMethodHandle$Holder.invokeStaticInit(java.lang.Object)'> (0x00000007107033c8) thrown at [./src/hotspot/share/interpreter/linkResolver.cpp, line 773]
Event: 0.392 Thread 0x000002c18ada6000 Exception <a 'java/io/FileNotFoundException'{0x00000007107120c0}> (0x00000007107120c0) thrown at [./src/hotspot/share/prims/jni.cpp, line 615]
Event: 0.392 Thread 0x000002c18ada6000 Exception <a 'java/lang/NullPointerException'{0x00000007107129b0}> (0x00000007107129b0) thrown at [./src/hotspot/share/interpreter/linkResolver.cpp, line 1358]
Event: 0.411 Thread 0x000002c18ada6000 Exception <a 'java/lang/NoSuchMethodError'{0x000000071064d7f0}: 'java.lang.Object java.lang.invoke.DirectMethodHandle$Holder.invokeStatic(java.lang.Object, java.lang.Object, java.lang.Object, java.lang.Object, java.lang.Object, java.lang.Object, java.lang.Object, java.lang.Object, java.lang.Object, java.lang.Object, java.lang.Object, int)'> (0x000000071064d7f0) thrown at [./src/hotspot/share/interpreter/linkResolver.cpp, line 773]
Event: 0.412 Thread 0x000002c18ada6000 Exception <a 'java/lang/NoSuchMethodError'{0x000000071066b9f8}: 'java.lang.Object java.lang.invoke.DirectMethodHandle$Holder.invokeStatic(java.lang.Object, java.lang.Object, java.lang.Object, java.lang.Object, java.lang.Object, java.lang.Object, java.lang.Object, java.lang.Object, java.lang.Object, java.lang.Object, java.lang.Object, int, int)'> (0x000000071066b9f8) thrown at [./src/hotspot/share/interpreter/linkResolver.cpp, line 773]
Event: 0.413 Thread 0x000002c18ada6000 Exception <a 'java/lang/NoSuchMethodError'{0x000000071068abd8}: 'java.lang.Object java.lang.invoke.DirectMethodHandle$Holder.invokeStatic(java.lang.Object, java.lang.Object, java.lang.Object, java.lang.Object, java.lang.Object, java.lang.Object, java.lang.Object, java.lang.Object, java.lang.Object, java.lang.Object, java.lang.Object, int, int, java.lang.Object)'> (0x000000071068abd8) thrown at [./src/hotspot/share/interpreter/linkResolver.cpp, line 773]
Event: 0.413 Thread 0x000002c18ada6000 Exception <a 'java/lang/NoSuchMethodError'{0x0000000710696b88}: 'java.lang.Object java.lang.invoke.Invokers$Holder.linkToTargetMethod(java.lang.Object, int, java.lang.Object)'> (0x0000000710696b88) thrown at [./src/hotspot/share/interpreter/linkResolver.cpp, line 773]

Events (20 events):
Event: 0.408 loading class sun/awt/windows/WDefaultFontCharset$Encoder
Event: 0.408 loading class sun/awt/AWTCharset$Encoder
Event: 0.408 loading class sun/awt/AWTCharset$Encoder done
Event: 0.408 loading class sun/awt/windows/WDefaultFontCharset$Encoder done
Event: 0.408 loading class sun/nio/cs/SingleByte$Encoder
Event: 0.408 loading class sun/nio/cs/SingleByte$Encoder done
Event: 0.409 loading class sun/awt/windows/WingDings
Event: 0.409 loading class sun/awt/windows/WingDings done
Event: 0.409 loading class sun/awt/windows/WingDings$Encoder
Event: 0.409 loading class sun/awt/windows/WingDings$Encoder done
Event: 0.409 loading class sun/awt/Symbol
Event: 0.409 loading class sun/awt/Symbol done
Event: 0.409 loading class sun/awt/Symbol$Encoder
Event: 0.409 loading class sun/awt/Symbol$Encoder done
Event: 0.411 loading class java/lang/invoke/BoundMethodHandle$Species_LLLLLLLLI
Event: 0.411 loading class java/lang/invoke/BoundMethodHandle$Species_LLLLLLLLI done
Event: 0.412 loading class java/lang/invoke/BoundMethodHandle$Species_LLLLLLLLII
Event: 0.412 loading class java/lang/invoke/BoundMethodHandle$Species_LLLLLLLLII done
Event: 0.413 loading class java/lang/invoke/BoundMethodHandle$Species_LLLLLLLLIIL
Event: 0.413 loading class java/lang/invoke/BoundMethodHandle$Species_LLLLLLLLIIL done


Dynamic libraries:
0x00007ff6c7020000 - 0x00007ff6c702d000 	C:\Users\tansa\Desktop\pleiades\java\11\bin\javaw.exe
0x00007fffb00d0000 - 0x00007fffb02c5000 	C:\Windows\SYSTEM32\ntdll.dll
0x00007fffae3f0000 - 0x00007fffae4ad000 	C:\Windows\System32\KERNEL32.DLL
0x00007fffada60000 - 0x00007fffadd27000 	C:\Windows\System32\KERNELBASE.dll
0x00007fffad810000 - 0x00007fffad910000 	C:\Windows\System32\ucrtbase.dll
0x00007fffa80e0000 - 0x00007fffa80f7000 	C:\Users\tansa\Desktop\pleiades\java\11\bin\jli.dll
0x00007fffae130000 - 0x00007fffae2d0000 	C:\Windows\System32\USER32.dll
0x00007fffae0b0000 - 0x00007fffae0d2000 	C:\Windows\System32\win32u.dll
0x00007fffaf090000 - 0x00007fffaf0ba000 	C:\Windows\System32\GDI32.dll
0x00007fffadd30000 - 0x00007fffade39000 	C:\Windows\System32\gdi32full.dll
0x00007fffa7fe0000 - 0x00007fffa7ff5000 	C:\Users\tansa\Desktop\pleiades\java\11\bin\VCRUNTIME140.dll
0x00007fffad910000 - 0x00007fffad9ad000 	C:\Windows\System32\msvcp_win.dll
0x00007fff994c0000 - 0x00007fff9975b000 	C:\Windows\WinSxS\amd64_microsoft.windows.common-controls_6595b64144ccf1df_6.0.19041.488_none_ca04af081b815d21\COMCTL32.dll
0x00007fffae5b0000 - 0x00007fffae64e000 	C:\Windows\System32\msvcrt.dll
0x00007fffaf1a0000 - 0x00007fffaf1d0000 	C:\Windows\System32\IMM32.DLL
0x00007fff787d0000 - 0x00007fff7886b000 	C:\Users\tansa\Desktop\pleiades\java\11\bin\msvcp140.dll
0x00007fff49630000 - 0x00007fff4a0ec000 	C:\Users\tansa\Desktop\pleiades\java\11\bin\server\jvm.dll
0x00007fffae700000 - 0x00007fffae7aa000 	C:\Windows\System32\ADVAPI32.dll
0x00007fffae4b0000 - 0x00007fffae54b000 	C:\Windows\System32\sechost.dll
0x00007fffaef60000 - 0x00007fffaf084000 	C:\Windows\System32\RPCRT4.dll
0x00007fffaf1f0000 - 0x00007fffaf1f8000 	C:\Windows\System32\PSAPI.DLL
0x00007fff9b430000 - 0x00007fff9b439000 	C:\Windows\SYSTEM32\WSOCK32.dll
0x00007fffb0020000 - 0x00007fffb008b000 	C:\Windows\System32\WS2_32.dll
0x00007fffa1f10000 - 0x00007fffa1f37000 	C:\Windows\SYSTEM32\WINMM.dll
0x00007fffa7f60000 - 0x00007fffa7f6a000 	C:\Windows\SYSTEM32\VERSION.dll
0x00007fffab790000 - 0x00007fffab7a3000 	C:\Windows\SYSTEM32\kernel.appcore.dll
0x00007fffa7fd0000 - 0x00007fffa7fe0000 	C:\Users\tansa\Desktop\pleiades\java\11\bin\verify.dll
0x00007fffa61b0000 - 0x00007fffa6394000 	C:\Windows\SYSTEM32\DBGHELP.DLL
0x00007fffa5c90000 - 0x00007fffa5cbc000 	C:\Windows\SYSTEM32\dbgcore.DLL
0x00007fffade40000 - 0x00007fffadebf000 	C:\Windows\System32\bcryptPrimitives.dll
0x00007fffa7fa0000 - 0x00007fffa7fc8000 	C:\Users\tansa\Desktop\pleiades\java\11\bin\java.dll
0x00007fff916f0000 - 0x00007fff91706000 	C:\Users\tansa\Desktop\pleiades\java\11\bin\zip.dll
0x00007fffa77f0000 - 0x00007fffa77fa000 	C:\Users\tansa\Desktop\pleiades\java\11\bin\jimage.dll
0x00007fffae810000 - 0x00007fffaef51000 	C:\Windows\System32\SHELL32.dll
0x00007fffab990000 - 0x00007fffac123000 	C:\Windows\SYSTEM32\windows.storage.dll
0x00007fffaf850000 - 0x00007fffafba5000 	C:\Windows\System32\combase.dll
0x00007fffad210000 - 0x00007fffad23c000 	C:\Windows\SYSTEM32\Wldp.dll
0x00007fffaf200000 - 0x00007fffaf2ae000 	C:\Windows\System32\SHCORE.dll
0x00007fffae550000 - 0x00007fffae5a5000 	C:\Windows\System32\shlwapi.dll
0x00007fffad740000 - 0x00007fffad766000 	C:\Windows\SYSTEM32\profapi.dll
0x00007fff5d370000 - 0x00007fff5d509000 	C:\Users\tansa\Desktop\pleiades\java\11\bin\awt.dll
0x00007fffafce0000 - 0x00007fffafdad000 	C:\Windows\System32\OLEAUT32.dll
0x00007fffab100000 - 0x00007fffab190000 	C:\Windows\SYSTEM32\apphelp.dll
0x00007fffab5b0000 - 0x00007fffab5df000 	C:\Windows\system32\DWMAPI.DLL
0x00007fffab2d0000 - 0x00007fffab36f000 	C:\Windows\system32\uxtheme.dll
0x00007fff6de10000 - 0x00007fff6df35000 	C:\Windows\system32\opengl32.dll
0x00007fff8b800000 - 0x00007fff8b82c000 	C:\Windows\SYSTEM32\GLU32.dll
0x00007fffae2d0000 - 0x00007fffae3e5000 	C:\Windows\System32\MSCTF.dll
0x00007fffafbb0000 - 0x00007fffafcd9000 	C:\Windows\System32\ole32.dll
0x00007fffa7400000 - 0x00007fffa75cd000 	C:\Windows\system32\d3d9.dll
0x00007fffa23b0000 - 0x00007fffa249e000 	C:\Windows\System32\DriverStore\FileRepository\nv_dispi.inf_amd64_90685a092bcf58c7\nvldumdx.dll
0x00007fffadf50000 - 0x00007fffae0ad000 	C:\Windows\System32\crypt32.dll
0x00007fffadec0000 - 0x00007fffadf20000 	C:\Windows\System32\WINTRUST.DLL
0x00007fffad400000 - 0x00007fffad412000 	C:\Windows\SYSTEM32\MSASN1.dll
0x00007fffaf1d0000 - 0x00007fffaf1ed000 	C:\Windows\System32\imagehlp.dll
0x00007fffad110000 - 0x00007fffad128000 	C:\Windows\SYSTEM32\CRYPTSP.dll
0x00007fffac8c0000 - 0x00007fffac8f4000 	C:\Windows\system32\rsaenh.dll
0x00007fffadf20000 - 0x00007fffadf47000 	C:\Windows\System32\bcrypt.dll
0x00007fffad100000 - 0x00007fffad10c000 	C:\Windows\SYSTEM32\CRYPTBASE.dll
0x00007fff6c5b0000 - 0x00007fff6da4b000 	C:\Windows\System32\DriverStore\FileRepository\nv_dispi.inf_amd64_90685a092bcf58c7\nvd3dumx.dll
0x00007fffad260000 - 0x00007fffad2ab000 	C:\Windows\system32\powrprof.dll
0x00007fffad240000 - 0x00007fffad252000 	C:\Windows\SYSTEM32\UMPDC.dll
0x00007fffac140000 - 0x00007fffac163000 	C:\Windows\SYSTEM32\gpapi.dll
0x00007fffa12f0000 - 0x00007fffa1321000 	C:\Windows\SYSTEM32\cryptnet.dll
0x00007fffa28a0000 - 0x00007fffa28db000 	C:\Windows\SYSTEM32\dxcore.dll
0x00007fffae0e0000 - 0x00007fffae12d000 	C:\Windows\System32\cfgmgr32.dll
0x00007fff75620000 - 0x00007fff756a2000 	C:\Users\tansa\Desktop\pleiades\java\11\bin\freetype.dll
0x00007fff6e6f0000 - 0x00007fff6e796000 	C:\Users\tansa\Desktop\pleiades\java\11\bin\fontmanager.dll

dbghelp: loaded successfully - version: 4.0.5 - missing functions: none
symbol engine: initialized successfully - sym options: 0x614 - pdb path: .;C:\Users\tansa\Desktop\pleiades\java\11\bin;C:\Windows\SYSTEM32;C:\Windows\WinSxS\amd64_microsoft.windows.common-controls_6595b64144ccf1df_6.0.19041.488_none_ca04af081b815d21;C:\Users\tansa\Desktop\pleiades\java\11\bin\server;C:\Windows\System32\DriverStore\FileRepository\nv_dispi.inf_amd64_90685a092bcf58c7

VM Arguments:
jvm_args: -Dfile.encoding=UTF-8 
java_command: ObserverMain
java_class_path (initial): C:\Users\tansa\Desktop\Program\Java\final\bin
Launcher Type: SUN_STANDARD

[Global flags]
     intx CICompilerCount                          = 3                                         {product} {ergonomic}
     uint ConcGCThreads                            = 2                                         {product} {ergonomic}
     uint G1ConcRefinementThreads                  = 6                                         {product} {ergonomic}
   size_t G1HeapRegionSize                         = 1048576                                   {product} {ergonomic}
    uintx GCDrainStackTargetSize                   = 64                                        {product} {ergonomic}
   size_t InitialHeapSize                          = 268435456                                 {product} {ergonomic}
   size_t MarkStackSize                            = 4194304                                   {product} {ergonomic}
   size_t MaxHeapSize                              = 4278190080                                {product} {ergonomic}
   size_t MaxNewSize                               = 2566914048                                {product} {ergonomic}
   size_t MinHeapDeltaBytes                        = 1048576                                   {product} {ergonomic}
    uintx NonNMethodCodeHeapSize                   = 5830732                                {pd product} {ergonomic}
    uintx NonProfiledCodeHeapSize                  = 122913754                              {pd product} {ergonomic}
    uintx ProfiledCodeHeapSize                     = 122913754                              {pd product} {ergonomic}
    uintx ReservedCodeCacheSize                    = 251658240                              {pd product} {ergonomic}
     bool SegmentedCodeCache                       = true                                      {product} {ergonomic}
     bool UseCompressedClassPointers               = true                                 {lp64_product} {ergonomic}
     bool UseCompressedOops                        = true                                 {lp64_product} {ergonomic}
     bool UseG1GC                                  = true                                      {product} {ergonomic}
     bool UseLargePagesIndividualAllocation        = false                                  {pd product} {ergonomic}

Logging:
Log output configuration:
 #0: stdout all=warning uptime,level,tags
 #1: stderr all=off uptime,level,tags

Environment Variables:
PATH=C:/Users/tansa/Desktop/pleiades/eclipse//jre/bin/server;C:/Users/tansa/Desktop/pleiades/eclipse//jre/bin;C:\Program Files (x86)\Common Files\Oracle\Java\javapath;C:\Program Files (x86)\Common Files\Intel\Shared Libraries\redist\intel64\compiler;C:\Windows\system32;C:\Windows;C:\Windows\System32\Wbem;C:\Windows\System32\WindowsPowerShell\v1.0\;C:\Windows\System32\OpenSSH\;C:\Program Files\swipl\bin;C:\Users\tansa\AppData\Local\Microsoft\WindowsApps;C:\Users\tansa\AppData\Local\Programs\Microsoft VS Code\bin;C:\MinGW\bin;C:\Program Files (x86)\Java\jre1.8.0_251\bin;;C:\Users\tansa\Desktop\pleiades\eclipse;
USERNAME=tansaku
OS=Windows_NT
PROCESSOR_IDENTIFIER=AMD64 Family 23 Model 113 Stepping 0, AuthenticAMD



---------------  S Y S T E M  ---------------

OS: Windows 10 , 64 bit Build 19041 (10.0.19041.292)
OS uptime: 5 days 22:32 hours

CPU:total 6 (initial active 6) (6 cores per cpu, 1 threads per core) family 23 model 113 stepping 0, cmov, cx8, fxsr, mmx, sse, sse2, sse3, ssse3, sse4.1, sse4.2, popcnt, avx, avx2, aes, clmul, mmxext, 3dnowpref, lzcnt, sse4a, tsc, tscinvbit, tscinv, bmi1, bmi2, adx, sha, fma

Memory: 4k page, system-wide physical 16315M (9192M free)
TotalPageFile size 18747M (AvailPageFile size 8257M)
current process WorkingSet (physical memory assigned to process): 80M, peak: 80M
current process commit charge ("private bytes"): 364M, peak: 365M

vm_info: OpenJDK 64-Bit Server VM (11.0.7+10) for windows-amd64 JRE (11.0.7+10), built on Apr 22 2020 11:46:09 by "" with MS VC++ 15.9 (VS2017)

END.
