#
# A fatal error has been detected by the Java Runtime Environment:
#
#  EXCEPTION_ACCESS_VIOLATION (0xc0000005) at pc=0x00007fff5cfefa16, pid=8368, tid=1476
#
# JRE version: OpenJDK Runtime Environment (11.0.7+10) (build 11.0.7+10)
# Java VM: OpenJDK 64-Bit Server VM (11.0.7+10, mixed mode, tiered, compressed oops, g1 gc, windows-amd64)
# Problematic frame:
# C  [awt.dll+0x8fa16]
#
# No core dump will be written. Minidumps are not enabled by default on client versions of Windows
#
# If you would like to submit a bug report, please visit:
#   https://github.com/AdoptOpenJDK/openjdk-support/issues
# The crash happened outside the Java Virtual Machine in native code.
# See problematic frame for where to report the bug.
#

---------------  S U M M A R Y ------------

Command Line: -agentlib:jdwp=transport=dt_socket,suspend=y,address=localhost:61296 -javaagent:C:\Users\tansa\Desktop\pleiades\eclipse\configuration\org.eclipse.osgi\413\0\.cp\lib\javaagent-shaded.jar -Dfile.encoding=UTF-8 View2

Host: AMD Ryzen 5 3500 6-Core Processor              , 6 cores, 15G,  Windows 10 , 64 bit Build 19041 (10.0.19041.292)
Time: Sun Oct 11 23:11:44 2020 ìåãû (ïWèÄéû) elapsed time: 0 seconds (0d 0h 0m 0s)

---------------  T H R E A D  ---------------

Current thread (0x00000245abb17000):  JavaThread "main" [_thread_in_native, id=1476, stack(0x0000006501f00000,0x0000006502000000)]

Stack: [0x0000006501f00000,0x0000006502000000],  sp=0x0000006501ffeeb0,  free space=1019k
Native frames: (J=compiled Java code, j=interpreted, Vv=VM code, C=native code)
C  [awt.dll+0x8fa16]

Java frames: (J=compiled Java code, j=interpreted, Vv=VM code)
j  sun.awt.windows.WComponentPeer._setFont(Ljava/awt/Font;)V+0 java.desktop@11.0.7
j  sun.awt.windows.WComponentPeer.setFont(Ljava/awt/Font;)V+7 java.desktop@11.0.7
j  sun.awt.windows.WWindowPeer.initialize()V+42 java.desktop@11.0.7
j  sun.awt.windows.WFramePeer.initialize()V+1 java.desktop@11.0.7
j  sun.awt.windows.WComponentPeer.<init>(Ljava/awt/Component;)V+83 java.desktop@11.0.7
j  sun.awt.windows.WCanvasPeer.<init>(Ljava/awt/Component;)V+2 java.desktop@11.0.7
j  sun.awt.windows.WPanelPeer.<init>(Ljava/awt/Component;)V+2 java.desktop@11.0.7
j  sun.awt.windows.WWindowPeer.<init>(Ljava/awt/Window;)V+2 java.desktop@11.0.7
j  sun.awt.windows.WFramePeer.<init>(Ljava/awt/Frame;)V+2 java.desktop@11.0.7
j  sun.awt.windows.WToolkit.createFrame(Ljava/awt/Frame;)Ljava/awt/peer/FramePeer;+5 java.desktop@11.0.7
j  java.awt.Frame.addNotify()V+20 java.desktop@11.0.7
j  java.awt.Window.pack()V+28 java.desktop@11.0.7
j  View2.<init>()V+178
j  View2.main([Ljava/lang/String;)V+3
v  ~StubRoutines::call_stub

siginfo: EXCEPTION_ACCESS_VIOLATION (0xc0000005), reading address 0x0000000000000058


Register to memory mapping:

RIP=0x00007fff5cfefa16 awt.dll
RAX=0x00007fff5d06b680 awt.dll
RBX=0x00000245abb17340 points into unknown readable memory: 00 bc 3d 47 ff 7f 00 00
RCX=0x00000245d0cd11d0 points into unknown readable memory: 80 b6 06 5d ff 7f 00 00
RDX=0x0 is NULL
RSP=0x0000006501ffeeb0 is pointing into the stack for thread: 0x00000245abb17000
RBP=0x0 is NULL
RSI=0x00000245d09b7490 is a global jni handle
RDI=0x00000245d09b7498 is a global jni handle
R8 =0x0000000000000004 is an unknown value
R9 =0x00000008000f8040 is a pointer to class: 
java.awt.Font {0x00000008000f8048}
R10=0x0000000000008000 is an unknown value
R11=0x0000006501ffeeb0 is pointing into the stack for thread: 0x00000245abb17000
R12=0x0 is NULL
R13={method} {0x00000245d1361878} '_setFont' '(Ljava/awt/Font;)V' in 'sun/awt/windows/WComponentPeer'
R14=0x00000245d0cd11d0 points into unknown readable memory: 80 b6 06 5d ff 7f 00 00
R15=0x00000245d0734ba0 points into unknown readable memory: 90 74 9b d0 45 02 00 00


Registers:
RAX=0x00007fff5d06b680, RBX=0x00000245abb17340, RCX=0x00000245d0cd11d0, RDX=0x0000000000000000
RSP=0x0000006501ffeeb0, RBP=0x0000000000000000, RSI=0x00000245d09b7490, RDI=0x00000245d09b7498
R8 =0x0000000000000004, R9 =0x00000008000f8040, R10=0x0000000000008000, R11=0x0000006501ffeeb0
R12=0x0000000000000000, R13=0x00000245d1361870, R14=0x00000245d0cd11d0, R15=0x00000245d0734ba0
RIP=0x00007fff5cfefa16, EFLAGS=0x0000000000010202

Top of Stack: (sp=0x0000006501ffeeb0)
0x0000006501ffeeb0:   00000245d0734ba0 00000245d0cd11d0
0x0000006501ffeec0:   00000245d0734ba0 00000245d0cd11d0
0x0000006501ffeed0:   00000245d09b7498 00007fff5cff4921
0x0000006501ffeee0:   00000245abb17340 00000245abb17340
0x0000006501ffeef0:   0000000000000000 00000245d09b7490
0x0000006501ffef00:   00000245abb17000 0000006501fff050
0x0000006501ffef10:   00000245d0734ba0 00007fff5d02dbcb
0x0000006501ffef20:   00007fff5d0b1078 0000006501fff028
0x0000006501ffef30:   00007fff5cff47f4 0000000000000000
0x0000006501ffef40:   fffffffffffffffe fffffffffffffffe
0x0000006501ffef50:   00000245d09b7490 00007fff5cff5ae8
0x0000006501ffef60:   00000245d09b7498 0000006501fff048
0x0000006501ffef70:   0000006501fff048 00007fff5d0b1078
0x0000006501ffef80:   fffffffffffffffe 00000245abb17000
0x0000006501ffef90:   00000245b419c9ac 00000245b41a7326
0x0000006501ffefa0:   00000245d1361870 0000000000000004 

Instructions: (pc=0x00007fff5cfefa16)
0x00007fff5cfef916:   00 48 8b d9 e8 d9 dc ff ff 48 8b f8 48 85 c0 75
0x00007fff5cfef926:   04 48 8b 7b 48 48 8b cf e8 50 19 05 00 48 8b d8
0x00007fff5cfef936:   48 85 c0 74 60 83 64 24 20 00 0f 57 c0 83 64 24
0x00007fff5cfef946:   34 00 b9 11 00 00 00 83 64 24 38 00 f3 0f 7f 44
0x00007fff5cfef956:   24 24 ff 15 da d9 0b 00 4c 8d 44 24 40 ba 5c 00
0x00007fff5cfef966:   00 00 48 8b c8 ff 15 7f dc 0b 00 83 f8 5c 75 0d
0x00007fff5cfef976:   48 8d 54 24 40 48 8b cb e8 af 19 05 00 48 8d 54
0x00007fff5cfef986:   24 20 48 8b cb e8 c6 19 05 00 48 8b d3 48 8b cf
0x00007fff5cfef996:   e8 73 19 05 00 48 8b 8c 24 a0 00 00 00 48 33 cc
0x00007fff5cfef9a6:   e8 a5 26 05 00 48 8b 9c 24 c8 00 00 00 48 81 c4
0x00007fff5cfef9b6:   b0 00 00 00 5f c3 40 53 48 83 ec 20 48 8b d9 ff
0x00007fff5cfef9c6:   15 bd e1 0b 00 48 85 c0 75 0a 48 8b 4b 48 ff 15
0x00007fff5cfef9d6:   a6 e1 0b 00 48 83 c4 20 5b c3 4c 63 c2 48 8b 15
0x00007fff5cfef9e6:   5e c5 0b 00 48 ff 25 37 e0 0b 00 cc cc cc 48 8b
0x00007fff5cfef9f6:   d1 48 8b 0d 82 f5 0b 00 48 89 15 7b f5 0b 00 e9
0x00007fff5cfefa06:   5a 67 04 00 cc cc 48 89 5c 24 08 57 48 83 ec 20
0x00007fff5cfefa16:   83 7a 58 00 48 8b da 48 8b f9 7d 08 48 8b ca e8
0x00007fff5cfefa26:   32 95 01 00 4c 8b 43 48 45 33 c9 48 8b 4f 48 4d
0x00007fff5cfefa36:   8b 00 41 8d 51 30 ff 15 ae e2 0b 00 48 8b 4f 48
0x00007fff5cfefa46:   33 d2 44 8d 42 01 48 8b 5c 24 30 48 83 c4 20 5f
0x00007fff5cfefa56:   48 ff 25 4b e1 0b 00 cc cc cc 48 8b c4 48 89 58
0x00007fff5cfefa66:   08 48 89 68 10 48 89 70 18 48 89 78 20 41 56 48
0x00007fff5cfefa76:   83 ec 20 4c 8b f2 48 8b f9 48 8b 0d f2 13 0c 00
0x00007fff5cfefa86:   ba 02 00 01 00 41 8b e8 e8 c0 24 05 00 48 8b 97
0x00007fff5cfefa96:   c0 00 00 00 33 db 48 8b f0 48 85 d2 74 0d 4c 8b
0x00007fff5cfefaa6:   08 48 8b c8 41 ff 91 b0 00 00 00 4d 85 f6 74 14
0x00007fff5cfefab6:   48 8b 06 49 8b d6 48 8b ce ff 90 a8 00 00 00 48
0x00007fff5cfefac6:   8b d8 eb 05 bd 01 00 00 00 48 89 9f c0 00 00 00
0x00007fff5cfefad6:   89 af c8 00 00 00 48 8b 5c 24 30 48 8b 6c 24 38
0x00007fff5cfefae6:   48 8b 74 24 40 48 8b 7c 24 48 48 83 c4 20 41 5e
0x00007fff5cfefaf6:   c3 cc 48 89 5c 24 08 48 89 6c 24 10 48 89 74 24
0x00007fff5cfefb06:   18 57 48 83 ec 20 33 db 48 8b f9 48 85 c9 75 09 


Stack slot to memory mapping:
stack at sp + 0 slots: 0x00000245d0734ba0 points into unknown readable memory: 90 74 9b d0 45 02 00 00
stack at sp + 1 slots: 0x00000245d0cd11d0 points into unknown readable memory: 80 b6 06 5d ff 7f 00 00
stack at sp + 2 slots: 0x00000245d0734ba0 points into unknown readable memory: 90 74 9b d0 45 02 00 00
stack at sp + 3 slots: 0x00000245d0cd11d0 points into unknown readable memory: 80 b6 06 5d ff 7f 00 00
stack at sp + 4 slots: 0x00000245d09b7498 is a global jni handle
stack at sp + 5 slots: 0x00007fff5cff4921 awt.dll
stack at sp + 6 slots: 0x00000245abb17340 points into unknown readable memory: 00 bc 3d 47 ff 7f 00 00
stack at sp + 7 slots: 0x00000245abb17340 points into unknown readable memory: 00 bc 3d 47 ff 7f 00 00


---------------  P R O C E S S  ---------------

Threads class SMR info:
_java_thread_list=0x00000245d0ec35b0, length=18, elements={
0x00000245abb17000, 0x00000245d0362000, 0x00000245d036b800, 0x00000245d03c5000,
0x00000245d03c7000, 0x00000245d03c8000, 0x00000245d03cb800, 0x00000245cfadc000,
0x00000245d0360800, 0x00000245d0619000, 0x00000245d061c800, 0x00000245d061d800,
0x00000245d0738000, 0x00000245d0a5d800, 0x00000245d09d3800, 0x00000245d09d2000,
0x00000245d09d2800, 0x00000245d0eaf800
}

Java Threads: ( => current thread )
=>0x00000245abb17000 JavaThread "main" [_thread_in_native, id=1476, stack(0x0000006501f00000,0x0000006502000000)]
  0x00000245d0362000 JavaThread "Reference Handler" daemon [_thread_blocked, id=12852, stack(0x0000006502600000,0x0000006502700000)]
  0x00000245d036b800 JavaThread "Finalizer" daemon [_thread_blocked, id=6296, stack(0x0000006502700000,0x0000006502800000)]
  0x00000245d03c5000 JavaThread "Signal Dispatcher" daemon [_thread_blocked, id=9340, stack(0x0000006502800000,0x0000006502900000)]
  0x00000245d03c7000 JavaThread "Attach Listener" daemon [_thread_blocked, id=12124, stack(0x0000006502900000,0x0000006502a00000)]
  0x00000245d03c8000 JavaThread "C2 CompilerThread0" daemon [_thread_in_native, id=10256, stack(0x0000006502a00000,0x0000006502b00000)]
  0x00000245d03cb800 JavaThread "C1 CompilerThread0" daemon [_thread_blocked, id=13436, stack(0x0000006502b00000,0x0000006502c00000)]
  0x00000245cfadc000 JavaThread "Sweeper thread" daemon [_thread_blocked, id=12924, stack(0x0000006502c00000,0x0000006502d00000)]
  0x00000245d0360800 JavaThread "Common-Cleaner" daemon [_thread_blocked, id=8728, stack(0x0000006502d00000,0x0000006502e00000)]
  0x00000245d0619000 JavaThread "JDWP Transport Listener: dt_socket" daemon [_thread_blocked, id=6976, stack(0x0000006502e00000,0x0000006502f00000)]
  0x00000245d061c800 JavaThread "JDWP Event Helper Thread" daemon [_thread_blocked, id=4264, stack(0x0000006502f00000,0x0000006503000000)]
  0x00000245d061d800 JavaThread "JDWP Command Reader" daemon [_thread_in_native, id=19560, stack(0x0000006503000000,0x0000006503100000)]
  0x00000245d0738000 JavaThread "Service Thread" daemon [_thread_blocked, id=10824, stack(0x0000006503100000,0x0000006503200000)]
  0x00000245d0a5d800 JavaThread "Java2D Disposer" daemon [_thread_blocked, id=19732, stack(0x0000006503300000,0x0000006503400000)]
  0x00000245d09d3800 JavaThread "AWT-Shutdown" [_thread_blocked, id=15056, stack(0x0000006503400000,0x0000006503500000)]
  0x00000245d09d2000 JavaThread "AWT-Windows" daemon [_thread_in_native, id=11928, stack(0x0000006503500000,0x0000006503600000)]
  0x00000245d09d2800 JavaThread "AWT-EventQueue-0" [_thread_blocked, id=9692, stack(0x0000006503800000,0x0000006503900000)]
  0x00000245d0eaf800 JavaThread "C2 CompilerThread1" daemon [_thread_blocked, id=2068, stack(0x0000006503900000,0x0000006503a00000)]

Other Threads:
  0x00000245cfaab800 VMThread "VM Thread" [stack: 0x0000006502500000,0x0000006502600000] [id=2348]
  0x00000245d0739000 WatcherThread [stack: 0x0000006503200000,0x0000006503300000] [id=20040]
  0x00000245abb2f800 GCTaskThread "GC Thread#0" [stack: 0x0000006502000000,0x0000006502100000] [id=1864]
  0x00000245abb8b800 ConcurrentGCThread "G1 Main Marker" [stack: 0x0000006502100000,0x0000006502200000] [id=3224]
  0x00000245abb8e000 ConcurrentGCThread "G1 Conc#0" [stack: 0x0000006502200000,0x0000006502300000] [id=7796]
  0x00000245cf98e800 ConcurrentGCThread "G1 Refine#0" [stack: 0x0000006502300000,0x0000006502400000] [id=5412]
  0x00000245cf98f800 ConcurrentGCThread "G1 Young RemSet Sampling" [stack: 0x0000006502400000,0x0000006502500000] [id=17936]

Threads with active compile tasks:
C2 CompilerThread0    698  719       4       jdk.internal.org.objectweb.asm.Frame::execute (2264 bytes)

VM state:not at safepoint (normal execution)

VM Mutex/Monitor currently owned by a thread: None

Heap address: 0x0000000701000000, size: 4080 MB, Compressed Oops mode: Zero based, Oop shift amount: 3
Narrow klass base: 0x0000000800000000, Narrow klass shift: 0
Compressed class space size: 1073741824 Address: 0x0000000800000000

Heap:
 garbage-first heap   total 262144K, used 11264K [0x0000000701000000, 0x0000000800000000)
  region size 1024K, 13 young (13312K), 0 survivors (0K)
 Metaspace       used 13454K, capacity 13757K, committed 14080K, reserved 1062912K
  class space    used 1313K, capacity 1459K, committed 1536K, reserved 1048576K
Heap Regions: E=young(eden), S=young(survivor), O=old, HS=humongous(starts), HC=humongous(continues), CS=collection set, F=free, A=archive, TAMS=top-at-mark-start (previous, next)
|   0|0x0000000701000000, 0x0000000701000000, 0x0000000701100000|  0%| F|  |TAMS 0x0000000701000000, 0x0000000701000000| Untracked 
|   1|0x0000000701100000, 0x0000000701100000, 0x0000000701200000|  0%| F|  |TAMS 0x0000000701100000, 0x0000000701100000| Untracked 
|   2|0x0000000701200000, 0x0000000701200000, 0x0000000701300000|  0%| F|  |TAMS 0x0000000701200000, 0x0000000701200000| Untracked 
|   3|0x0000000701300000, 0x0000000701300000, 0x0000000701400000|  0%| F|  |TAMS 0x0000000701300000, 0x0000000701300000| Untracked 
|   4|0x0000000701400000, 0x0000000701400000, 0x0000000701500000|  0%| F|  |TAMS 0x0000000701400000, 0x0000000701400000| Untracked 
|   5|0x0000000701500000, 0x0000000701500000, 0x0000000701600000|  0%| F|  |TAMS 0x0000000701500000, 0x0000000701500000| Untracked 
|   6|0x0000000701600000, 0x0000000701600000, 0x0000000701700000|  0%| F|  |TAMS 0x0000000701600000, 0x0000000701600000| Untracked 
|   7|0x0000000701700000, 0x0000000701700000, 0x0000000701800000|  0%| F|  |TAMS 0x0000000701700000, 0x0000000701700000| Untracked 
|   8|0x0000000701800000, 0x0000000701800000, 0x0000000701900000|  0%| F|  |TAMS 0x0000000701800000, 0x0000000701800000| Untracked 
|   9|0x0000000701900000, 0x0000000701900000, 0x0000000701a00000|  0%| F|  |TAMS 0x0000000701900000, 0x0000000701900000| Untracked 
|  10|0x0000000701a00000, 0x0000000701a00000, 0x0000000701b00000|  0%| F|  |TAMS 0x0000000701a00000, 0x0000000701a00000| Untracked 
|  11|0x0000000701b00000, 0x0000000701b00000, 0x0000000701c00000|  0%| F|  |TAMS 0x0000000701b00000, 0x0000000701b00000| Untracked 
|  12|0x0000000701c00000, 0x0000000701c00000, 0x0000000701d00000|  0%| F|  |TAMS 0x0000000701c00000, 0x0000000701c00000| Untracked 
|  13|0x0000000701d00000, 0x0000000701d00000, 0x0000000701e00000|  0%| F|  |TAMS 0x0000000701d00000, 0x0000000701d00000| Untracked 
|  14|0x0000000701e00000, 0x0000000701e00000, 0x0000000701f00000|  0%| F|  |TAMS 0x0000000701e00000, 0x0000000701e00000| Untracked 
|  15|0x0000000701f00000, 0x0000000701f00000, 0x0000000702000000|  0%| F|  |TAMS 0x0000000701f00000, 0x0000000701f00000| Untracked 
|  16|0x0000000702000000, 0x0000000702000000, 0x0000000702100000|  0%| F|  |TAMS 0x0000000702000000, 0x0000000702000000| Untracked 
|  17|0x0000000702100000, 0x0000000702100000, 0x0000000702200000|  0%| F|  |TAMS 0x0000000702100000, 0x0000000702100000| Untracked 
|  18|0x0000000702200000, 0x0000000702200000, 0x0000000702300000|  0%| F|  |TAMS 0x0000000702200000, 0x0000000702200000| Untracked 
|  19|0x0000000702300000, 0x0000000702300000, 0x0000000702400000|  0%| F|  |TAMS 0x0000000702300000, 0x0000000702300000| Untracked 
|  20|0x0000000702400000, 0x0000000702400000, 0x0000000702500000|  0%| F|  |TAMS 0x0000000702400000, 0x0000000702400000| Untracked 
|  21|0x0000000702500000, 0x0000000702500000, 0x0000000702600000|  0%| F|  |TAMS 0x0000000702500000, 0x0000000702500000| Untracked 
|  22|0x0000000702600000, 0x0000000702600000, 0x0000000702700000|  0%| F|  |TAMS 0x0000000702600000, 0x0000000702600000| Untracked 
|  23|0x0000000702700000, 0x0000000702700000, 0x0000000702800000|  0%| F|  |TAMS 0x0000000702700000, 0x0000000702700000| Untracked 
|  24|0x0000000702800000, 0x0000000702800000, 0x0000000702900000|  0%| F|  |TAMS 0x0000000702800000, 0x0000000702800000| Untracked 
|  25|0x0000000702900000, 0x0000000702900000, 0x0000000702a00000|  0%| F|  |TAMS 0x0000000702900000, 0x0000000702900000| Untracked 
|  26|0x0000000702a00000, 0x0000000702a00000, 0x0000000702b00000|  0%| F|  |TAMS 0x0000000702a00000, 0x0000000702a00000| Untracked 
|  27|0x0000000702b00000, 0x0000000702b00000, 0x0000000702c00000|  0%| F|  |TAMS 0x0000000702b00000, 0x0000000702b00000| Untracked 
|  28|0x0000000702c00000, 0x0000000702c00000, 0x0000000702d00000|  0%| F|  |TAMS 0x0000000702c00000, 0x0000000702c00000| Untracked 
|  29|0x0000000702d00000, 0x0000000702d00000, 0x0000000702e00000|  0%| F|  |TAMS 0x0000000702d00000, 0x0000000702d00000| Untracked 
|  30|0x0000000702e00000, 0x0000000702e00000, 0x0000000702f00000|  0%| F|  |TAMS 0x0000000702e00000, 0x0000000702e00000| Untracked 
|  31|0x0000000702f00000, 0x0000000702f00000, 0x0000000703000000|  0%| F|  |TAMS 0x0000000702f00000, 0x0000000702f00000| Untracked 
|  32|0x0000000703000000, 0x0000000703000000, 0x0000000703100000|  0%| F|  |TAMS 0x0000000703000000, 0x0000000703000000| Untracked 
|  33|0x0000000703100000, 0x0000000703100000, 0x0000000703200000|  0%| F|  |TAMS 0x0000000703100000, 0x0000000703100000| Untracked 
|  34|0x0000000703200000, 0x0000000703200000, 0x0000000703300000|  0%| F|  |TAMS 0x0000000703200000, 0x0000000703200000| Untracked 
|  35|0x0000000703300000, 0x0000000703300000, 0x0000000703400000|  0%| F|  |TAMS 0x0000000703300000, 0x0000000703300000| Untracked 
|  36|0x0000000703400000, 0x0000000703400000, 0x0000000703500000|  0%| F|  |TAMS 0x0000000703400000, 0x0000000703400000| Untracked 
|  37|0x0000000703500000, 0x0000000703500000, 0x0000000703600000|  0%| F|  |TAMS 0x0000000703500000, 0x0000000703500000| Untracked 
|  38|0x0000000703600000, 0x0000000703600000, 0x0000000703700000|  0%| F|  |TAMS 0x0000000703600000, 0x0000000703600000| Untracked 
|  39|0x0000000703700000, 0x0000000703700000, 0x0000000703800000|  0%| F|  |TAMS 0x0000000703700000, 0x0000000703700000| Untracked 
|  40|0x0000000703800000, 0x0000000703800000, 0x0000000703900000|  0%| F|  |TAMS 0x0000000703800000, 0x0000000703800000| Untracked 
|  41|0x0000000703900000, 0x0000000703900000, 0x0000000703a00000|  0%| F|  |TAMS 0x0000000703900000, 0x0000000703900000| Untracked 
|  42|0x0000000703a00000, 0x0000000703a00000, 0x0000000703b00000|  0%| F|  |TAMS 0x0000000703a00000, 0x0000000703a00000| Untracked 
|  43|0x0000000703b00000, 0x0000000703b00000, 0x0000000703c00000|  0%| F|  |TAMS 0x0000000703b00000, 0x0000000703b00000| Untracked 
|  44|0x0000000703c00000, 0x0000000703c00000, 0x0000000703d00000|  0%| F|  |TAMS 0x0000000703c00000, 0x0000000703c00000| Untracked 
|  45|0x0000000703d00000, 0x0000000703d00000, 0x0000000703e00000|  0%| F|  |TAMS 0x0000000703d00000, 0x0000000703d00000| Untracked 
|  46|0x0000000703e00000, 0x0000000703e00000, 0x0000000703f00000|  0%| F|  |TAMS 0x0000000703e00000, 0x0000000703e00000| Untracked 
|  47|0x0000000703f00000, 0x0000000703f00000, 0x0000000704000000|  0%| F|  |TAMS 0x0000000703f00000, 0x0000000703f00000| Untracked 
|  48|0x0000000704000000, 0x0000000704000000, 0x0000000704100000|  0%| F|  |TAMS 0x0000000704000000, 0x0000000704000000| Untracked 
|  49|0x0000000704100000, 0x0000000704100000, 0x0000000704200000|  0%| F|  |TAMS 0x0000000704100000, 0x0000000704100000| Untracked 
|  50|0x0000000704200000, 0x0000000704200000, 0x0000000704300000|  0%| F|  |TAMS 0x0000000704200000, 0x0000000704200000| Untracked 
|  51|0x0000000704300000, 0x0000000704300000, 0x0000000704400000|  0%| F|  |TAMS 0x0000000704300000, 0x0000000704300000| Untracked 
|  52|0x0000000704400000, 0x0000000704400000, 0x0000000704500000|  0%| F|  |TAMS 0x0000000704400000, 0x0000000704400000| Untracked 
|  53|0x0000000704500000, 0x0000000704500000, 0x0000000704600000|  0%| F|  |TAMS 0x0000000704500000, 0x0000000704500000| Untracked 
|  54|0x0000000704600000, 0x0000000704600000, 0x0000000704700000|  0%| F|  |TAMS 0x0000000704600000, 0x0000000704600000| Untracked 
|  55|0x0000000704700000, 0x0000000704700000, 0x0000000704800000|  0%| F|  |TAMS 0x0000000704700000, 0x0000000704700000| Untracked 
|  56|0x0000000704800000, 0x0000000704800000, 0x0000000704900000|  0%| F|  |TAMS 0x0000000704800000, 0x0000000704800000| Untracked 
|  57|0x0000000704900000, 0x0000000704900000, 0x0000000704a00000|  0%| F|  |TAMS 0x0000000704900000, 0x0000000704900000| Untracked 
|  58|0x0000000704a00000, 0x0000000704a00000, 0x0000000704b00000|  0%| F|  |TAMS 0x0000000704a00000, 0x0000000704a00000| Untracked 
|  59|0x0000000704b00000, 0x0000000704b00000, 0x0000000704c00000|  0%| F|  |TAMS 0x0000000704b00000, 0x0000000704b00000| Untracked 
|  60|0x0000000704c00000, 0x0000000704c00000, 0x0000000704d00000|  0%| F|  |TAMS 0x0000000704c00000, 0x0000000704c00000| Untracked 
|  61|0x0000000704d00000, 0x0000000704d00000, 0x0000000704e00000|  0%| F|  |TAMS 0x0000000704d00000, 0x0000000704d00000| Untracked 
|  62|0x0000000704e00000, 0x0000000704e00000, 0x0000000704f00000|  0%| F|  |TAMS 0x0000000704e00000, 0x0000000704e00000| Untracked 
|  63|0x0000000704f00000, 0x0000000704f00000, 0x0000000705000000|  0%| F|  |TAMS 0x0000000704f00000, 0x0000000704f00000| Untracked 
|  64|0x0000000705000000, 0x0000000705000000, 0x0000000705100000|  0%| F|  |TAMS 0x0000000705000000, 0x0000000705000000| Untracked 
|  65|0x0000000705100000, 0x0000000705100000, 0x0000000705200000|  0%| F|  |TAMS 0x0000000705100000, 0x0000000705100000| Untracked 
|  66|0x0000000705200000, 0x0000000705200000, 0x0000000705300000|  0%| F|  |TAMS 0x0000000705200000, 0x0000000705200000| Untracked 
|  67|0x0000000705300000, 0x0000000705300000, 0x0000000705400000|  0%| F|  |TAMS 0x0000000705300000, 0x0000000705300000| Untracked 
|  68|0x0000000705400000, 0x0000000705400000, 0x0000000705500000|  0%| F|  |TAMS 0x0000000705400000, 0x0000000705400000| Untracked 
|  69|0x0000000705500000, 0x0000000705500000, 0x0000000705600000|  0%| F|  |TAMS 0x0000000705500000, 0x0000000705500000| Untracked 
|  70|0x0000000705600000, 0x0000000705600000, 0x0000000705700000|  0%| F|  |TAMS 0x0000000705600000, 0x0000000705600000| Untracked 
|  71|0x0000000705700000, 0x0000000705700000, 0x0000000705800000|  0%| F|  |TAMS 0x0000000705700000, 0x0000000705700000| Untracked 
|  72|0x0000000705800000, 0x0000000705800000, 0x0000000705900000|  0%| F|  |TAMS 0x0000000705800000, 0x0000000705800000| Untracked 
|  73|0x0000000705900000, 0x0000000705900000, 0x0000000705a00000|  0%| F|  |TAMS 0x0000000705900000, 0x0000000705900000| Untracked 
|  74|0x0000000705a00000, 0x0000000705a00000, 0x0000000705b00000|  0%| F|  |TAMS 0x0000000705a00000, 0x0000000705a00000| Untracked 
|  75|0x0000000705b00000, 0x0000000705b00000, 0x0000000705c00000|  0%| F|  |TAMS 0x0000000705b00000, 0x0000000705b00000| Untracked 
|  76|0x0000000705c00000, 0x0000000705c00000, 0x0000000705d00000|  0%| F|  |TAMS 0x0000000705c00000, 0x0000000705c00000| Untracked 
|  77|0x0000000705d00000, 0x0000000705d00000, 0x0000000705e00000|  0%| F|  |TAMS 0x0000000705d00000, 0x0000000705d00000| Untracked 
|  78|0x0000000705e00000, 0x0000000705e00000, 0x0000000705f00000|  0%| F|  |TAMS 0x0000000705e00000, 0x0000000705e00000| Untracked 
|  79|0x0000000705f00000, 0x0000000705f00000, 0x0000000706000000|  0%| F|  |TAMS 0x0000000705f00000, 0x0000000705f00000| Untracked 
|  80|0x0000000706000000, 0x0000000706000000, 0x0000000706100000|  0%| F|  |TAMS 0x0000000706000000, 0x0000000706000000| Untracked 
|  81|0x0000000706100000, 0x0000000706100000, 0x0000000706200000|  0%| F|  |TAMS 0x0000000706100000, 0x0000000706100000| Untracked 
|  82|0x0000000706200000, 0x0000000706200000, 0x0000000706300000|  0%| F|  |TAMS 0x0000000706200000, 0x0000000706200000| Untracked 
|  83|0x0000000706300000, 0x0000000706300000, 0x0000000706400000|  0%| F|  |TAMS 0x0000000706300000, 0x0000000706300000| Untracked 
|  84|0x0000000706400000, 0x0000000706400000, 0x0000000706500000|  0%| F|  |TAMS 0x0000000706400000, 0x0000000706400000| Untracked 
|  85|0x0000000706500000, 0x0000000706500000, 0x0000000706600000|  0%| F|  |TAMS 0x0000000706500000, 0x0000000706500000| Untracked 
|  86|0x0000000706600000, 0x0000000706600000, 0x0000000706700000|  0%| F|  |TAMS 0x0000000706600000, 0x0000000706600000| Untracked 
|  87|0x0000000706700000, 0x0000000706700000, 0x0000000706800000|  0%| F|  |TAMS 0x0000000706700000, 0x0000000706700000| Untracked 
|  88|0x0000000706800000, 0x0000000706800000, 0x0000000706900000|  0%| F|  |TAMS 0x0000000706800000, 0x0000000706800000| Untracked 
|  89|0x0000000706900000, 0x0000000706900000, 0x0000000706a00000|  0%| F|  |TAMS 0x0000000706900000, 0x0000000706900000| Untracked 
|  90|0x0000000706a00000, 0x0000000706a00000, 0x0000000706b00000|  0%| F|  |TAMS 0x0000000706a00000, 0x0000000706a00000| Untracked 
|  91|0x0000000706b00000, 0x0000000706b00000, 0x0000000706c00000|  0%| F|  |TAMS 0x0000000706b00000, 0x0000000706b00000| Untracked 
|  92|0x0000000706c00000, 0x0000000706c00000, 0x0000000706d00000|  0%| F|  |TAMS 0x0000000706c00000, 0x0000000706c00000| Untracked 
|  93|0x0000000706d00000, 0x0000000706d00000, 0x0000000706e00000|  0%| F|  |TAMS 0x0000000706d00000, 0x0000000706d00000| Untracked 
|  94|0x0000000706e00000, 0x0000000706e00000, 0x0000000706f00000|  0%| F|  |TAMS 0x0000000706e00000, 0x0000000706e00000| Untracked 
|  95|0x0000000706f00000, 0x0000000706f00000, 0x0000000707000000|  0%| F|  |TAMS 0x0000000706f00000, 0x0000000706f00000| Untracked 
|  96|0x0000000707000000, 0x0000000707000000, 0x0000000707100000|  0%| F|  |TAMS 0x0000000707000000, 0x0000000707000000| Untracked 
|  97|0x0000000707100000, 0x0000000707100000, 0x0000000707200000|  0%| F|  |TAMS 0x0000000707100000, 0x0000000707100000| Untracked 
|  98|0x0000000707200000, 0x0000000707200000, 0x0000000707300000|  0%| F|  |TAMS 0x0000000707200000, 0x0000000707200000| Untracked 
|  99|0x0000000707300000, 0x0000000707300000, 0x0000000707400000|  0%| F|  |TAMS 0x0000000707300000, 0x0000000707300000| Untracked 
| 100|0x0000000707400000, 0x0000000707400000, 0x0000000707500000|  0%| F|  |TAMS 0x0000000707400000, 0x0000000707400000| Untracked 
| 101|0x0000000707500000, 0x0000000707500000, 0x0000000707600000|  0%| F|  |TAMS 0x0000000707500000, 0x0000000707500000| Untracked 
| 102|0x0000000707600000, 0x0000000707600000, 0x0000000707700000|  0%| F|  |TAMS 0x0000000707600000, 0x0000000707600000| Untracked 
| 103|0x0000000707700000, 0x0000000707700000, 0x0000000707800000|  0%| F|  |TAMS 0x0000000707700000, 0x0000000707700000| Untracked 
| 104|0x0000000707800000, 0x0000000707800000, 0x0000000707900000|  0%| F|  |TAMS 0x0000000707800000, 0x0000000707800000| Untracked 
| 105|0x0000000707900000, 0x0000000707900000, 0x0000000707a00000|  0%| F|  |TAMS 0x0000000707900000, 0x0000000707900000| Untracked 
| 106|0x0000000707a00000, 0x0000000707a00000, 0x0000000707b00000|  0%| F|  |TAMS 0x0000000707a00000, 0x0000000707a00000| Untracked 
| 107|0x0000000707b00000, 0x0000000707b00000, 0x0000000707c00000|  0%| F|  |TAMS 0x0000000707b00000, 0x0000000707b00000| Untracked 
| 108|0x0000000707c00000, 0x0000000707c00000, 0x0000000707d00000|  0%| F|  |TAMS 0x0000000707c00000, 0x0000000707c00000| Untracked 
| 109|0x0000000707d00000, 0x0000000707d00000, 0x0000000707e00000|  0%| F|  |TAMS 0x0000000707d00000, 0x0000000707d00000| Untracked 
| 110|0x0000000707e00000, 0x0000000707e00000, 0x0000000707f00000|  0%| F|  |TAMS 0x0000000707e00000, 0x0000000707e00000| Untracked 
| 111|0x0000000707f00000, 0x0000000707f00000, 0x0000000708000000|  0%| F|  |TAMS 0x0000000707f00000, 0x0000000707f00000| Untracked 
| 112|0x0000000708000000, 0x0000000708000000, 0x0000000708100000|  0%| F|  |TAMS 0x0000000708000000, 0x0000000708000000| Untracked 
| 113|0x0000000708100000, 0x0000000708100000, 0x0000000708200000|  0%| F|  |TAMS 0x0000000708100000, 0x0000000708100000| Untracked 
| 114|0x0000000708200000, 0x0000000708200000, 0x0000000708300000|  0%| F|  |TAMS 0x0000000708200000, 0x0000000708200000| Untracked 
| 115|0x0000000708300000, 0x0000000708300000, 0x0000000708400000|  0%| F|  |TAMS 0x0000000708300000, 0x0000000708300000| Untracked 
| 116|0x0000000708400000, 0x0000000708400000, 0x0000000708500000|  0%| F|  |TAMS 0x0000000708400000, 0x0000000708400000| Untracked 
| 117|0x0000000708500000, 0x0000000708500000, 0x0000000708600000|  0%| F|  |TAMS 0x0000000708500000, 0x0000000708500000| Untracked 
| 118|0x0000000708600000, 0x0000000708600000, 0x0000000708700000|  0%| F|  |TAMS 0x0000000708600000, 0x0000000708600000| Untracked 
| 119|0x0000000708700000, 0x0000000708700000, 0x0000000708800000|  0%| F|  |TAMS 0x0000000708700000, 0x0000000708700000| Untracked 
| 120|0x0000000708800000, 0x0000000708800000, 0x0000000708900000|  0%| F|  |TAMS 0x0000000708800000, 0x0000000708800000| Untracked 
| 121|0x0000000708900000, 0x0000000708900000, 0x0000000708a00000|  0%| F|  |TAMS 0x0000000708900000, 0x0000000708900000| Untracked 
| 122|0x0000000708a00000, 0x0000000708a00000, 0x0000000708b00000|  0%| F|  |TAMS 0x0000000708a00000, 0x0000000708a00000| Untracked 
| 123|0x0000000708b00000, 0x0000000708b00000, 0x0000000708c00000|  0%| F|  |TAMS 0x0000000708b00000, 0x0000000708b00000| Untracked 
| 124|0x0000000708c00000, 0x0000000708c00000, 0x0000000708d00000|  0%| F|  |TAMS 0x0000000708c00000, 0x0000000708c00000| Untracked 
| 125|0x0000000708d00000, 0x0000000708d00000, 0x0000000708e00000|  0%| F|  |TAMS 0x0000000708d00000, 0x0000000708d00000| Untracked 
| 126|0x0000000708e00000, 0x0000000708e00000, 0x0000000708f00000|  0%| F|  |TAMS 0x0000000708e00000, 0x0000000708e00000| Untracked 
| 127|0x0000000708f00000, 0x0000000708f00000, 0x0000000709000000|  0%| F|  |TAMS 0x0000000708f00000, 0x0000000708f00000| Untracked 
| 128|0x0000000709000000, 0x0000000709000000, 0x0000000709100000|  0%| F|  |TAMS 0x0000000709000000, 0x0000000709000000| Untracked 
| 129|0x0000000709100000, 0x0000000709100000, 0x0000000709200000|  0%| F|  |TAMS 0x0000000709100000, 0x0000000709100000| Untracked 
| 130|0x0000000709200000, 0x0000000709200000, 0x0000000709300000|  0%| F|  |TAMS 0x0000000709200000, 0x0000000709200000| Untracked 
| 131|0x0000000709300000, 0x0000000709300000, 0x0000000709400000|  0%| F|  |TAMS 0x0000000709300000, 0x0000000709300000| Untracked 
| 132|0x0000000709400000, 0x0000000709400000, 0x0000000709500000|  0%| F|  |TAMS 0x0000000709400000, 0x0000000709400000| Untracked 
| 133|0x0000000709500000, 0x0000000709500000, 0x0000000709600000|  0%| F|  |TAMS 0x0000000709500000, 0x0000000709500000| Untracked 
| 134|0x0000000709600000, 0x0000000709600000, 0x0000000709700000|  0%| F|  |TAMS 0x0000000709600000, 0x0000000709600000| Untracked 
| 135|0x0000000709700000, 0x0000000709700000, 0x0000000709800000|  0%| F|  |TAMS 0x0000000709700000, 0x0000000709700000| Untracked 
| 136|0x0000000709800000, 0x0000000709800000, 0x0000000709900000|  0%| F|  |TAMS 0x0000000709800000, 0x0000000709800000| Untracked 
| 137|0x0000000709900000, 0x0000000709900000, 0x0000000709a00000|  0%| F|  |TAMS 0x0000000709900000, 0x0000000709900000| Untracked 
| 138|0x0000000709a00000, 0x0000000709a00000, 0x0000000709b00000|  0%| F|  |TAMS 0x0000000709a00000, 0x0000000709a00000| Untracked 
| 139|0x0000000709b00000, 0x0000000709b00000, 0x0000000709c00000|  0%| F|  |TAMS 0x0000000709b00000, 0x0000000709b00000| Untracked 
| 140|0x0000000709c00000, 0x0000000709c00000, 0x0000000709d00000|  0%| F|  |TAMS 0x0000000709c00000, 0x0000000709c00000| Untracked 
| 141|0x0000000709d00000, 0x0000000709d00000, 0x0000000709e00000|  0%| F|  |TAMS 0x0000000709d00000, 0x0000000709d00000| Untracked 
| 142|0x0000000709e00000, 0x0000000709e00000, 0x0000000709f00000|  0%| F|  |TAMS 0x0000000709e00000, 0x0000000709e00000| Untracked 
| 143|0x0000000709f00000, 0x0000000709f00000, 0x000000070a000000|  0%| F|  |TAMS 0x0000000709f00000, 0x0000000709f00000| Untracked 
| 144|0x000000070a000000, 0x000000070a000000, 0x000000070a100000|  0%| F|  |TAMS 0x000000070a000000, 0x000000070a000000| Untracked 
| 145|0x000000070a100000, 0x000000070a100000, 0x000000070a200000|  0%| F|  |TAMS 0x000000070a100000, 0x000000070a100000| Untracked 
| 146|0x000000070a200000, 0x000000070a200000, 0x000000070a300000|  0%| F|  |TAMS 0x000000070a200000, 0x000000070a200000| Untracked 
| 147|0x000000070a300000, 0x000000070a300000, 0x000000070a400000|  0%| F|  |TAMS 0x000000070a300000, 0x000000070a300000| Untracked 
| 148|0x000000070a400000, 0x000000070a400000, 0x000000070a500000|  0%| F|  |TAMS 0x000000070a400000, 0x000000070a400000| Untracked 
| 149|0x000000070a500000, 0x000000070a500000, 0x000000070a600000|  0%| F|  |TAMS 0x000000070a500000, 0x000000070a500000| Untracked 
| 150|0x000000070a600000, 0x000000070a600000, 0x000000070a700000|  0%| F|  |TAMS 0x000000070a600000, 0x000000070a600000| Untracked 
| 151|0x000000070a700000, 0x000000070a700000, 0x000000070a800000|  0%| F|  |TAMS 0x000000070a700000, 0x000000070a700000| Untracked 
| 152|0x000000070a800000, 0x000000070a800000, 0x000000070a900000|  0%| F|  |TAMS 0x000000070a800000, 0x000000070a800000| Untracked 
| 153|0x000000070a900000, 0x000000070a900000, 0x000000070aa00000|  0%| F|  |TAMS 0x000000070a900000, 0x000000070a900000| Untracked 
| 154|0x000000070aa00000, 0x000000070aa00000, 0x000000070ab00000|  0%| F|  |TAMS 0x000000070aa00000, 0x000000070aa00000| Untracked 
| 155|0x000000070ab00000, 0x000000070ab00000, 0x000000070ac00000|  0%| F|  |TAMS 0x000000070ab00000, 0x000000070ab00000| Untracked 
| 156|0x000000070ac00000, 0x000000070ac00000, 0x000000070ad00000|  0%| F|  |TAMS 0x000000070ac00000, 0x000000070ac00000| Untracked 
| 157|0x000000070ad00000, 0x000000070ad00000, 0x000000070ae00000|  0%| F|  |TAMS 0x000000070ad00000, 0x000000070ad00000| Untracked 
| 158|0x000000070ae00000, 0x000000070ae00000, 0x000000070af00000|  0%| F|  |TAMS 0x000000070ae00000, 0x000000070ae00000| Untracked 
| 159|0x000000070af00000, 0x000000070af00000, 0x000000070b000000|  0%| F|  |TAMS 0x000000070af00000, 0x000000070af00000| Untracked 
| 160|0x000000070b000000, 0x000000070b000000, 0x000000070b100000|  0%| F|  |TAMS 0x000000070b000000, 0x000000070b000000| Untracked 
| 161|0x000000070b100000, 0x000000070b100000, 0x000000070b200000|  0%| F|  |TAMS 0x000000070b100000, 0x000000070b100000| Untracked 
| 162|0x000000070b200000, 0x000000070b200000, 0x000000070b300000|  0%| F|  |TAMS 0x000000070b200000, 0x000000070b200000| Untracked 
| 163|0x000000070b300000, 0x000000070b300000, 0x000000070b400000|  0%| F|  |TAMS 0x000000070b300000, 0x000000070b300000| Untracked 
| 164|0x000000070b400000, 0x000000070b400000, 0x000000070b500000|  0%| F|  |TAMS 0x000000070b400000, 0x000000070b400000| Untracked 
| 165|0x000000070b500000, 0x000000070b500000, 0x000000070b600000|  0%| F|  |TAMS 0x000000070b500000, 0x000000070b500000| Untracked 
| 166|0x000000070b600000, 0x000000070b600000, 0x000000070b700000|  0%| F|  |TAMS 0x000000070b600000, 0x000000070b600000| Untracked 
| 167|0x000000070b700000, 0x000000070b700000, 0x000000070b800000|  0%| F|  |TAMS 0x000000070b700000, 0x000000070b700000| Untracked 
| 168|0x000000070b800000, 0x000000070b800000, 0x000000070b900000|  0%| F|  |TAMS 0x000000070b800000, 0x000000070b800000| Untracked 
| 169|0x000000070b900000, 0x000000070b900000, 0x000000070ba00000|  0%| F|  |TAMS 0x000000070b900000, 0x000000070b900000| Untracked 
| 170|0x000000070ba00000, 0x000000070ba00000, 0x000000070bb00000|  0%| F|  |TAMS 0x000000070ba00000, 0x000000070ba00000| Untracked 
| 171|0x000000070bb00000, 0x000000070bb00000, 0x000000070bc00000|  0%| F|  |TAMS 0x000000070bb00000, 0x000000070bb00000| Untracked 
| 172|0x000000070bc00000, 0x000000070bc00000, 0x000000070bd00000|  0%| F|  |TAMS 0x000000070bc00000, 0x000000070bc00000| Untracked 
| 173|0x000000070bd00000, 0x000000070bd00000, 0x000000070be00000|  0%| F|  |TAMS 0x000000070bd00000, 0x000000070bd00000| Untracked 
| 174|0x000000070be00000, 0x000000070be00000, 0x000000070bf00000|  0%| F|  |TAMS 0x000000070be00000, 0x000000070be00000| Untracked 
| 175|0x000000070bf00000, 0x000000070bf00000, 0x000000070c000000|  0%| F|  |TAMS 0x000000070bf00000, 0x000000070bf00000| Untracked 
| 176|0x000000070c000000, 0x000000070c000000, 0x000000070c100000|  0%| F|  |TAMS 0x000000070c000000, 0x000000070c000000| Untracked 
| 177|0x000000070c100000, 0x000000070c100000, 0x000000070c200000|  0%| F|  |TAMS 0x000000070c100000, 0x000000070c100000| Untracked 
| 178|0x000000070c200000, 0x000000070c200000, 0x000000070c300000|  0%| F|  |TAMS 0x000000070c200000, 0x000000070c200000| Untracked 
| 179|0x000000070c300000, 0x000000070c300000, 0x000000070c400000|  0%| F|  |TAMS 0x000000070c300000, 0x000000070c300000| Untracked 
| 180|0x000000070c400000, 0x000000070c400000, 0x000000070c500000|  0%| F|  |TAMS 0x000000070c400000, 0x000000070c400000| Untracked 
| 181|0x000000070c500000, 0x000000070c500000, 0x000000070c600000|  0%| F|  |TAMS 0x000000070c500000, 0x000000070c500000| Untracked 
| 182|0x000000070c600000, 0x000000070c600000, 0x000000070c700000|  0%| F|  |TAMS 0x000000070c600000, 0x000000070c600000| Untracked 
| 183|0x000000070c700000, 0x000000070c700000, 0x000000070c800000|  0%| F|  |TAMS 0x000000070c700000, 0x000000070c700000| Untracked 
| 184|0x000000070c800000, 0x000000070c800000, 0x000000070c900000|  0%| F|  |TAMS 0x000000070c800000, 0x000000070c800000| Untracked 
| 185|0x000000070c900000, 0x000000070c900000, 0x000000070ca00000|  0%| F|  |TAMS 0x000000070c900000, 0x000000070c900000| Untracked 
| 186|0x000000070ca00000, 0x000000070ca00000, 0x000000070cb00000|  0%| F|  |TAMS 0x000000070ca00000, 0x000000070ca00000| Untracked 
| 187|0x000000070cb00000, 0x000000070cb00000, 0x000000070cc00000|  0%| F|  |TAMS 0x000000070cb00000, 0x000000070cb00000| Untracked 
| 188|0x000000070cc00000, 0x000000070cc00000, 0x000000070cd00000|  0%| F|  |TAMS 0x000000070cc00000, 0x000000070cc00000| Untracked 
| 189|0x000000070cd00000, 0x000000070cd00000, 0x000000070ce00000|  0%| F|  |TAMS 0x000000070cd00000, 0x000000070cd00000| Untracked 
| 190|0x000000070ce00000, 0x000000070ce00000, 0x000000070cf00000|  0%| F|  |TAMS 0x000000070ce00000, 0x000000070ce00000| Untracked 
| 191|0x000000070cf00000, 0x000000070cf00000, 0x000000070d000000|  0%| F|  |TAMS 0x000000070cf00000, 0x000000070cf00000| Untracked 
| 192|0x000000070d000000, 0x000000070d000000, 0x000000070d100000|  0%| F|  |TAMS 0x000000070d000000, 0x000000070d000000| Untracked 
| 193|0x000000070d100000, 0x000000070d100000, 0x000000070d200000|  0%| F|  |TAMS 0x000000070d100000, 0x000000070d100000| Untracked 
| 194|0x000000070d200000, 0x000000070d200000, 0x000000070d300000|  0%| F|  |TAMS 0x000000070d200000, 0x000000070d200000| Untracked 
| 195|0x000000070d300000, 0x000000070d300000, 0x000000070d400000|  0%| F|  |TAMS 0x000000070d300000, 0x000000070d300000| Untracked 
| 196|0x000000070d400000, 0x000000070d400000, 0x000000070d500000|  0%| F|  |TAMS 0x000000070d400000, 0x000000070d400000| Untracked 
| 197|0x000000070d500000, 0x000000070d500000, 0x000000070d600000|  0%| F|  |TAMS 0x000000070d500000, 0x000000070d500000| Untracked 
| 198|0x000000070d600000, 0x000000070d600000, 0x000000070d700000|  0%| F|  |TAMS 0x000000070d600000, 0x000000070d600000| Untracked 
| 199|0x000000070d700000, 0x000000070d700000, 0x000000070d800000|  0%| F|  |TAMS 0x000000070d700000, 0x000000070d700000| Untracked 
| 200|0x000000070d800000, 0x000000070d800000, 0x000000070d900000|  0%| F|  |TAMS 0x000000070d800000, 0x000000070d800000| Untracked 
| 201|0x000000070d900000, 0x000000070d900000, 0x000000070da00000|  0%| F|  |TAMS 0x000000070d900000, 0x000000070d900000| Untracked 
| 202|0x000000070da00000, 0x000000070da00000, 0x000000070db00000|  0%| F|  |TAMS 0x000000070da00000, 0x000000070da00000| Untracked 
| 203|0x000000070db00000, 0x000000070db00000, 0x000000070dc00000|  0%| F|  |TAMS 0x000000070db00000, 0x000000070db00000| Untracked 
| 204|0x000000070dc00000, 0x000000070dc00000, 0x000000070dd00000|  0%| F|  |TAMS 0x000000070dc00000, 0x000000070dc00000| Untracked 
| 205|0x000000070dd00000, 0x000000070dd00000, 0x000000070de00000|  0%| F|  |TAMS 0x000000070dd00000, 0x000000070dd00000| Untracked 
| 206|0x000000070de00000, 0x000000070de00000, 0x000000070df00000|  0%| F|  |TAMS 0x000000070de00000, 0x000000070de00000| Untracked 
| 207|0x000000070df00000, 0x000000070df00000, 0x000000070e000000|  0%| F|  |TAMS 0x000000070df00000, 0x000000070df00000| Untracked 
| 208|0x000000070e000000, 0x000000070e000000, 0x000000070e100000|  0%| F|  |TAMS 0x000000070e000000, 0x000000070e000000| Untracked 
| 209|0x000000070e100000, 0x000000070e100000, 0x000000070e200000|  0%| F|  |TAMS 0x000000070e100000, 0x000000070e100000| Untracked 
| 210|0x000000070e200000, 0x000000070e200000, 0x000000070e300000|  0%| F|  |TAMS 0x000000070e200000, 0x000000070e200000| Untracked 
| 211|0x000000070e300000, 0x000000070e300000, 0x000000070e400000|  0%| F|  |TAMS 0x000000070e300000, 0x000000070e300000| Untracked 
| 212|0x000000070e400000, 0x000000070e400000, 0x000000070e500000|  0%| F|  |TAMS 0x000000070e400000, 0x000000070e400000| Untracked 
| 213|0x000000070e500000, 0x000000070e500000, 0x000000070e600000|  0%| F|  |TAMS 0x000000070e500000, 0x000000070e500000| Untracked 
| 214|0x000000070e600000, 0x000000070e600000, 0x000000070e700000|  0%| F|  |TAMS 0x000000070e600000, 0x000000070e600000| Untracked 
| 215|0x000000070e700000, 0x000000070e700000, 0x000000070e800000|  0%| F|  |TAMS 0x000000070e700000, 0x000000070e700000| Untracked 
| 216|0x000000070e800000, 0x000000070e800000, 0x000000070e900000|  0%| F|  |TAMS 0x000000070e800000, 0x000000070e800000| Untracked 
| 217|0x000000070e900000, 0x000000070e900000, 0x000000070ea00000|  0%| F|  |TAMS 0x000000070e900000, 0x000000070e900000| Untracked 
| 218|0x000000070ea00000, 0x000000070ea00000, 0x000000070eb00000|  0%| F|  |TAMS 0x000000070ea00000, 0x000000070ea00000| Untracked 
| 219|0x000000070eb00000, 0x000000070eb00000, 0x000000070ec00000|  0%| F|  |TAMS 0x000000070eb00000, 0x000000070eb00000| Untracked 
| 220|0x000000070ec00000, 0x000000070ec00000, 0x000000070ed00000|  0%| F|  |TAMS 0x000000070ec00000, 0x000000070ec00000| Untracked 
| 221|0x000000070ed00000, 0x000000070ed00000, 0x000000070ee00000|  0%| F|  |TAMS 0x000000070ed00000, 0x000000070ed00000| Untracked 
| 222|0x000000070ee00000, 0x000000070ee00000, 0x000000070ef00000|  0%| F|  |TAMS 0x000000070ee00000, 0x000000070ee00000| Untracked 
| 223|0x000000070ef00000, 0x000000070ef00000, 0x000000070f000000|  0%| F|  |TAMS 0x000000070ef00000, 0x000000070ef00000| Untracked 
| 224|0x000000070f000000, 0x000000070f000000, 0x000000070f100000|  0%| F|  |TAMS 0x000000070f000000, 0x000000070f000000| Untracked 
| 225|0x000000070f100000, 0x000000070f100000, 0x000000070f200000|  0%| F|  |TAMS 0x000000070f100000, 0x000000070f100000| Untracked 
| 226|0x000000070f200000, 0x000000070f200000, 0x000000070f300000|  0%| F|  |TAMS 0x000000070f200000, 0x000000070f200000| Untracked 
| 227|0x000000070f300000, 0x000000070f300000, 0x000000070f400000|  0%| F|  |TAMS 0x000000070f300000, 0x000000070f300000| Untracked 
| 228|0x000000070f400000, 0x000000070f400000, 0x000000070f500000|  0%| F|  |TAMS 0x000000070f400000, 0x000000070f400000| Untracked 
| 229|0x000000070f500000, 0x000000070f500000, 0x000000070f600000|  0%| F|  |TAMS 0x000000070f500000, 0x000000070f500000| Untracked 
| 230|0x000000070f600000, 0x000000070f600000, 0x000000070f700000|  0%| F|  |TAMS 0x000000070f600000, 0x000000070f600000| Untracked 
| 231|0x000000070f700000, 0x000000070f700000, 0x000000070f800000|  0%| F|  |TAMS 0x000000070f700000, 0x000000070f700000| Untracked 
| 232|0x000000070f800000, 0x000000070f800000, 0x000000070f900000|  0%| F|  |TAMS 0x000000070f800000, 0x000000070f800000| Untracked 
| 233|0x000000070f900000, 0x000000070f900000, 0x000000070fa00000|  0%| F|  |TAMS 0x000000070f900000, 0x000000070f900000| Untracked 
| 234|0x000000070fa00000, 0x000000070fa00000, 0x000000070fb00000|  0%| F|  |TAMS 0x000000070fa00000, 0x000000070fa00000| Untracked 
| 235|0x000000070fb00000, 0x000000070fb00000, 0x000000070fc00000|  0%| F|  |TAMS 0x000000070fb00000, 0x000000070fb00000| Untracked 
| 236|0x000000070fc00000, 0x000000070fc00000, 0x000000070fd00000|  0%| F|  |TAMS 0x000000070fc00000, 0x000000070fc00000| Untracked 
| 237|0x000000070fd00000, 0x000000070fd00000, 0x000000070fe00000|  0%| F|  |TAMS 0x000000070fd00000, 0x000000070fd00000| Untracked 
| 238|0x000000070fe00000, 0x000000070fe00000, 0x000000070ff00000|  0%| F|  |TAMS 0x000000070fe00000, 0x000000070fe00000| Untracked 
| 239|0x000000070ff00000, 0x000000070ff00000, 0x0000000710000000|  0%| F|  |TAMS 0x000000070ff00000, 0x000000070ff00000| Untracked 
| 240|0x0000000710000000, 0x0000000710000000, 0x0000000710100000|  0%| F|  |TAMS 0x0000000710000000, 0x0000000710000000| Untracked 
| 241|0x0000000710100000, 0x0000000710100000, 0x0000000710200000|  0%| F|  |TAMS 0x0000000710100000, 0x0000000710100000| Untracked 
| 242|0x0000000710200000, 0x0000000710200000, 0x0000000710300000|  0%| F|  |TAMS 0x0000000710200000, 0x0000000710200000| Untracked 
| 243|0x0000000710300000, 0x00000007103e1ec0, 0x0000000710400000| 88%| E|  |TAMS 0x0000000710300000, 0x0000000710300000| Complete 
| 244|0x0000000710400000, 0x0000000710500000, 0x0000000710500000|100%| E|CS|TAMS 0x0000000710400000, 0x0000000710400000| Complete 
| 245|0x0000000710500000, 0x0000000710600000, 0x0000000710600000|100%| E|CS|TAMS 0x0000000710500000, 0x0000000710500000| Complete 
| 246|0x0000000710600000, 0x0000000710700000, 0x0000000710700000|100%| E|CS|TAMS 0x0000000710600000, 0x0000000710600000| Complete 
| 247|0x0000000710700000, 0x0000000710800000, 0x0000000710800000|100%| E|CS|TAMS 0x0000000710700000, 0x0000000710700000| Complete 
| 248|0x0000000710800000, 0x0000000710900000, 0x0000000710900000|100%| E|CS|TAMS 0x0000000710800000, 0x0000000710800000| Complete 
| 249|0x0000000710900000, 0x0000000710a00000, 0x0000000710a00000|100%| E|CS|TAMS 0x0000000710900000, 0x0000000710900000| Complete 
| 250|0x0000000710a00000, 0x0000000710b00000, 0x0000000710b00000|100%| E|CS|TAMS 0x0000000710a00000, 0x0000000710a00000| Complete 
| 251|0x0000000710b00000, 0x0000000710c00000, 0x0000000710c00000|100%| E|CS|TAMS 0x0000000710b00000, 0x0000000710b00000| Complete 
| 252|0x0000000710c00000, 0x0000000710d00000, 0x0000000710d00000|100%| E|  |TAMS 0x0000000710c00000, 0x0000000710c00000| Complete 
| 253|0x0000000710d00000, 0x0000000710e00000, 0x0000000710e00000|100%| E|CS|TAMS 0x0000000710d00000, 0x0000000710d00000| Complete 
| 254|0x0000000710e00000, 0x0000000710f00000, 0x0000000710f00000|100%| E|CS|TAMS 0x0000000710e00000, 0x0000000710e00000| Complete 
| 255|0x0000000710f00000, 0x0000000711000000, 0x0000000711000000|100%| E|CS|TAMS 0x0000000710f00000, 0x0000000710f00000| Complete 

Card table byte_map: [0x00000245c41f0000,0x00000245c49f0000] _byte_map_base: 0x00000245c09e8000

Marking Bits (Prev, Next): (CMBitMap*) 0x00000245abb7ac38, (CMBitMap*) 0x00000245abb7ac70
 Prev Bits: [0x00000245c51f0000, 0x00000245c91b0000)
 Next Bits: [0x00000245c91b0000, 0x00000245cd170000)

Polling page: 0x00000245aa270000

Metaspace:

Usage:
  Non-class:     12.01 MB capacity,    11.86 MB ( 99%) used,   125.45 KB (  1%) free+waste,    30.81 KB ( <1%) overhead. 
      Class:      1.42 MB capacity,     1.28 MB ( 90%) used,   131.42 KB (  9%) free+waste,    14.44 KB ( <1%) overhead. 
       Both:     13.43 MB capacity,    13.14 MB ( 98%) used,   256.88 KB (  2%) free+waste,    45.25 KB ( <1%) overhead. 

Virtual space:
  Non-class space:       14.00 MB reserved,      12.25 MB ( 88%) committed 
      Class space:        1.00 GB reserved,       1.50 MB ( <1%) committed 
             Both:        1.01 GB reserved,      13.75 MB (  1%) committed 

Chunk freelists:
   Non-Class:  0 bytes
       Class:  13.00 KB
        Both:  13.00 KB

MaxMetaspaceSize: 17179869184.00 GB
CompressedClassSpaceSize: 1.00 GB

CodeHeap 'non-profiled nmethods': size=120064Kb used=259Kb max_used=259Kb free=119804Kb
 bounds [0x00000245bbc50000, 0x00000245bbec0000, 0x00000245c3190000]
CodeHeap 'profiled nmethods': size=120000Kb used=1329Kb max_used=1329Kb free=118670Kb
 bounds [0x00000245b4720000, 0x00000245b4990000, 0x00000245bbc50000]
CodeHeap 'non-nmethods': size=5696Kb used=1250Kb max_used=1263Kb free=4445Kb
 bounds [0x00000245b4190000, 0x00000245b4400000, 0x00000245b4720000]
 total_blobs=1743 nmethods=804 adapters=424
 compilation: enabled
              stopped_count=0, restarted_count=0
 full_count=0

Compilation events (20 events):
Event: 0.666 Thread 0x00000245d03cb800 nmethod 781 0x00000245b485cf90 code [0x00000245b485d240, 0x00000245b485e440]
Event: 0.666 Thread 0x00000245d0eaf800 nmethod 779 0x00000245bbc8ce90 code [0x00000245bbc8d040, 0x00000245bbc8d208]
Event: 0.666 Thread 0x00000245d0eaf800  730       4       java.util.Arrays::copyOfRange (63 bytes)
Event: 0.667 Thread 0x00000245d03cb800  783       3       java.lang.invoke.ClassSpecializer$Factory$1Var::<init> (146 bytes)
Event: 0.668 Thread 0x00000245d0eaf800 nmethod 730 0x00000245bbc8d710 code [0x00000245bbc8d8c0, 0x00000245bbc8db58]
Event: 0.668 Thread 0x00000245d0eaf800  782       4       jdk.internal.org.objectweb.asm.ByteVector::put12 (64 bytes)
Event: 0.668 Thread 0x00000245d03cb800 nmethod 783 0x00000245b485e990 code [0x00000245b485eda0, 0x00000245b4860820]
Event: 0.668 Thread 0x00000245d03cb800  784       3       java.lang.invoke.ClassSpecializer$Factory$1Var::nextSlotIndex (24 bytes)
Event: 0.668 Thread 0x00000245d03cb800 nmethod 784 0x00000245b4861290 code [0x00000245b4861460, 0x00000245b4861758]
Event: 0.668 Thread 0x00000245d03cb800  785       3       java.lang.invoke.ClassSpecializer::classSig (34 bytes)
Event: 0.668 Thread 0x00000245d03cb800 nmethod 785 0x00000245b4861890 code [0x00000245b4861ac0, 0x00000245b4862030]
Event: 0.668 Thread 0x00000245d03cb800  790       3       jdk.internal.org.objectweb.asm.MethodWriter::visitLabel (321 bytes)
Event: 0.669 Thread 0x00000245d03cb800 nmethod 790 0x00000245b4862210 code [0x00000245b4862480, 0x00000245b48631d0]
Event: 0.669 Thread 0x00000245d03cb800  791       3       jdk.internal.org.objectweb.asm.MethodWriter::noSuccessor (95 bytes)
Event: 0.669 Thread 0x00000245d03cb800 nmethod 791 0x00000245b4863490 code [0x00000245b48636a0, 0x00000245b4863d70]
Event: 0.669 Thread 0x00000245d03cb800  794       3       java.lang.invoke.DirectMethodHandle::afIndex (20 bytes)
Event: 0.669 Thread 0x00000245d03cb800 nmethod 794 0x00000245b4863f90 code [0x00000245b4864140, 0x00000245b48642f8]
Event: 0.669 Thread 0x00000245d03cb800  796       3       sun.invoke.util.BytecodeDescriptor::unparseMethod (66 bytes)
Event: 0.669 Thread 0x00000245d03cb800 nmethod 796 0x00000245b4864390 code [0x00000245b4864600, 0x00000245b4864f70]
Event: 0.669 Thread 0x00000245d03cb800  798       3       java.lang.invoke.MethodTypeForm::<init> (687 bytes)

GC Heap History (0 events):
No events

Deoptimization events (20 events):
Event: 0.444 Thread 0x00000245abb17000 DEOPT PACKING pc=0x00000245b4787a58 sp=0x0000006501ffa7e0
Event: 0.444 Thread 0x00000245abb17000 DEOPT UNPACKING pc=0x00000245b41cd6ce sp=0x0000006501ff9ca8 mode 0
Event: 0.445 Thread 0x00000245abb17000 DEOPT PACKING pc=0x00000245b4787a58 sp=0x0000006501ffa7e0
Event: 0.445 Thread 0x00000245abb17000 DEOPT UNPACKING pc=0x00000245b41cd6ce sp=0x0000006501ff9ca8 mode 0
Event: 0.446 Thread 0x00000245abb17000 DEOPT PACKING pc=0x00000245b4787a58 sp=0x0000006501ffa7e0
Event: 0.446 Thread 0x00000245abb17000 DEOPT UNPACKING pc=0x00000245b41cd6ce sp=0x0000006501ff9ca8 mode 0
Event: 0.446 Thread 0x00000245abb17000 DEOPT PACKING pc=0x00000245b4787a58 sp=0x0000006501ffa7e0
Event: 0.446 Thread 0x00000245abb17000 DEOPT UNPACKING pc=0x00000245b41cd6ce sp=0x0000006501ff9ca8 mode 0
Event: 0.448 Thread 0x00000245abb17000 DEOPT PACKING pc=0x00000245b4787a58 sp=0x0000006501ffbb30
Event: 0.448 Thread 0x00000245abb17000 DEOPT UNPACKING pc=0x00000245b41cd6ce sp=0x0000006501ffaff8 mode 0
Event: 0.448 Thread 0x00000245abb17000 DEOPT PACKING pc=0x00000245b4787a58 sp=0x0000006501ffbb30
Event: 0.448 Thread 0x00000245abb17000 DEOPT UNPACKING pc=0x00000245b41cd6ce sp=0x0000006501ffaff8 mode 0
Event: 0.448 Thread 0x00000245abb17000 DEOPT PACKING pc=0x00000245b4787a58 sp=0x0000006501ffbb30
Event: 0.448 Thread 0x00000245abb17000 DEOPT UNPACKING pc=0x00000245b41cd6ce sp=0x0000006501ffaff8 mode 0
Event: 0.455 Thread 0x00000245abb17000 DEOPT PACKING pc=0x00000245b4787a58 sp=0x0000006501ffa3d0
Event: 0.455 Thread 0x00000245abb17000 DEOPT UNPACKING pc=0x00000245b41cd6ce sp=0x0000006501ff9898 mode 0
Event: 0.455 Thread 0x00000245abb17000 DEOPT PACKING pc=0x00000245b4787a58 sp=0x0000006501ffa3d0
Event: 0.455 Thread 0x00000245abb17000 DEOPT UNPACKING pc=0x00000245b41cd6ce sp=0x0000006501ff9898 mode 0
Event: 0.456 Thread 0x00000245abb17000 DEOPT PACKING pc=0x00000245b4787a58 sp=0x0000006501ffa3d0
Event: 0.456 Thread 0x00000245abb17000 DEOPT UNPACKING pc=0x00000245b41cd6ce sp=0x0000006501ff9898 mode 0

Classes redefined (0 events):
No events

Internal exceptions (18 events):
Event: 0.468 Thread 0x00000245abb17000 Exception <a 'java/lang/ClassNotFoundException'{0x0000000710ac0cf8}: sun/awt/resources/spi/awtProvider> (0x0000000710ac0cf8) thrown at [./src/hotspot/share/classfile/systemDictionary.cpp, line 231]
Event: 0.489 Thread 0x00000245abb17000 Exception <a 'java/io/FileNotFoundException'{0x0000000710972718}> (0x0000000710972718) thrown at [./src/hotspot/share/prims/jni.cpp, line 615]
Event: 0.496 Thread 0x00000245abb17000 Exception <a 'java/lang/NoSuchMethodError'{0x00000007109d1210}: 'java.lang.Object java.lang.invoke.DirectMethodHandle$Holder.invokeStatic(java.lang.Object, java.lang.Object, java.lang.Object, java.lang.Object, java.lang.Object, java.lang.Object, java.lang.Object, java.lang.Object, java.lang.Object, java.lang.Object, java.lang.Object, java.lang.Object, java.lang.Object, java.lang.Object, java.lang.Object)'> (0x00000007109d1210) thrown at [./src/hotspot/share/interpreter/linkResolver.cpp, line 773]
Event: 0.497 Thread 0x00000245abb17000 Exception <a 'java/lang/NoSuchMethodError'{0x00000007109e0758}: 'java.lang.Object java.lang.invoke.DirectMethodHandle$Holder.invokeStatic(java.lang.Object, java.lang.Object, java.lang.Object, java.lang.Object, java.lang.Object, java.lang.Object, java.lang.Object, java.lang.Object, java.lang.Object, java.lang.Object, java.lang.Object, java.lang.Object, java.lang.Object, java.lang.Object, java.lang.Object, java.lang.Object)'> (0x00000007109e0758) thrown at [./src/hotspot/share/interpreter/linkResolver.cpp, l
Event: 0.498 Thread 0x00000245abb17000 Exception <a 'java/lang/NoSuchMethodError'{0x00000007109ee6d8}: 'java.lang.Object java.lang.invoke.DirectMethodHandle$Holder.invokeSpecial(java.lang.Object, java.lang.Object, int, int, java.lang.Object, java.lang.Object, java.lang.Object)'> (0x00000007109ee6d8) thrown at [./src/hotspot/share/interpreter/linkResolver.cpp, line 773]
Event: 0.498 Thread 0x00000245abb17000 Exception <a 'java/lang/NoSuchMethodError'{0x00000007109f1c68}: 'java.lang.Object java.lang.invoke.DelegatingMethodHandle$Holder.reinvoke_L(java.lang.Object, int, int, java.lang.Object, java.lang.Object, java.lang.Object)'> (0x00000007109f1c68) thrown at [./src/hotspot/share/interpreter/linkResolver.cpp, line 773]
Event: 0.499 Thread 0x00000245abb17000 Exception <a 'java/lang/NoSuchMethodError'{0x00000007109f6840}: 'java.lang.Object java.lang.invoke.DirectMethodHandle$Holder.invokeStatic(java.lang.Object, java.lang.Object, java.lang.Object, java.lang.Object, int)'> (0x00000007109f6840) thrown at [./src/hotspot/share/interpreter/linkResolver.cpp, line 773]
Event: 0.505 Thread 0x00000245abb17000 Exception <a 'java/io/FileNotFoundException'{0x000000071085ddf0}> (0x000000071085ddf0) thrown at [./src/hotspot/share/prims/jni.cpp, line 615]
Event: 0.542 Thread 0x00000245d09d2000 Exception <a 'java/lang/NoSuchMethodError'{0x00000007107ee298}: 'void java.lang.invoke.DirectMethodHandle$Holder.invokeSpecial(java.lang.Object, java.lang.Object)'> (0x00000007107ee298) thrown at [./src/hotspot/share/interpreter/linkResolver.cpp, line 773]
Event: 0.544 Thread 0x00000245abb17000 Exception <a 'java/lang/NoSuchMethodError'{0x00000007106093b0}: 'java.lang.Object java.lang.invoke.DirectMethodHandle$Holder.invokeStatic(java.lang.Object, java.lang.Object, java.lang.Object, java.lang.Object, java.lang.Object, java.lang.Object, java.lang.Object, java.lang.Object, int)'> (0x00000007106093b0) thrown at [./src/hotspot/share/interpreter/linkResolver.cpp, line 773]
Event: 0.546 Thread 0x00000245abb17000 Exception <a 'java/lang/NoSuchMethodError'{0x00000007106241e8}: 'java.lang.Object java.lang.invoke.DirectMethodHandle$Holder.invokeStatic(java.lang.Object, java.lang.Object, java.lang.Object, java.lang.Object, java.lang.Object, java.lang.Object, java.lang.Object, java.lang.Object, int, int)'> (0x00000007106241e8) thrown at [./src/hotspot/share/interpreter/linkResolver.cpp, line 773]
Event: 0.637 Thread 0x00000245abb17000 Exception <a 'java/lang/NoSuchMethodError'{0x0000000710556130}: 'void java.lang.invoke.DirectMethodHandle$Holder.invokeStaticInit(java.lang.Object)'> (0x0000000710556130) thrown at [./src/hotspot/share/interpreter/linkResolver.cpp, line 773]
Event: 0.644 Thread 0x00000245abb17000 Exception <a 'java/io/FileNotFoundException'{0x0000000710409bb8}> (0x0000000710409bb8) thrown at [./src/hotspot/share/prims/jni.cpp, line 615]
Event: 0.644 Thread 0x00000245abb17000 Exception <a 'java/lang/NullPointerException'{0x000000071040a4a8}> (0x000000071040a4a8) thrown at [./src/hotspot/share/interpreter/linkResolver.cpp, line 1358]
Event: 0.667 Thread 0x00000245abb17000 Exception <a 'java/lang/NoSuchMethodError'{0x000000071038fe00}: 'java.lang.Object java.lang.invoke.DirectMethodHandle$Holder.invokeStatic(java.lang.Object, java.lang.Object, java.lang.Object, java.lang.Object, java.lang.Object, java.lang.Object, java.lang.Object, java.lang.Object, java.lang.Object, java.lang.Object, java.lang.Object, int)'> (0x000000071038fe00) thrown at [./src/hotspot/share/interpreter/linkResolver.cpp, line 773]
Event: 0.668 Thread 0x00000245abb17000 Exception <a 'java/lang/NoSuchMethodError'{0x00000007103af0d8}: 'java.lang.Object java.lang.invoke.DirectMethodHandle$Holder.invokeStatic(java.lang.Object, java.lang.Object, java.lang.Object, java.lang.Object, java.lang.Object, java.lang.Object, java.lang.Object, java.lang.Object, java.lang.Object, java.lang.Object, java.lang.Object, int, int)'> (0x00000007103af0d8) thrown at [./src/hotspot/share/interpreter/linkResolver.cpp, line 773]
Event: 0.669 Thread 0x00000245abb17000 Exception <a 'java/lang/NoSuchMethodError'{0x00000007103cf208}: 'java.lang.Object java.lang.invoke.DirectMethodHandle$Holder.invokeStatic(java.lang.Object, java.lang.Object, java.lang.Object, java.lang.Object, java.lang.Object, java.lang.Object, java.lang.Object, java.lang.Object, java.lang.Object, java.lang.Object, java.lang.Object, int, int, java.lang.Object)'> (0x00000007103cf208) thrown at [./src/hotspot/share/interpreter/linkResolver.cpp, line 773]
Event: 0.670 Thread 0x00000245abb17000 Exception <a 'java/lang/NoSuchMethodError'{0x00000007103db1b8}: 'java.lang.Object java.lang.invoke.Invokers$Holder.linkToTargetMethod(java.lang.Object, int, java.lang.Object)'> (0x00000007103db1b8) thrown at [./src/hotspot/share/interpreter/linkResolver.cpp, line 773]

Events (20 events):
Event: 0.663 loading class sun/awt/windows/WDefaultFontCharset$Encoder
Event: 0.663 loading class sun/awt/AWTCharset$Encoder
Event: 0.663 loading class sun/awt/AWTCharset$Encoder done
Event: 0.663 loading class sun/awt/windows/WDefaultFontCharset$Encoder done
Event: 0.663 loading class sun/nio/cs/SingleByte$Encoder
Event: 0.663 loading class sun/nio/cs/SingleByte$Encoder done
Event: 0.664 loading class sun/awt/windows/WingDings
Event: 0.664 loading class sun/awt/windows/WingDings done
Event: 0.664 loading class sun/awt/windows/WingDings$Encoder
Event: 0.664 loading class sun/awt/windows/WingDings$Encoder done
Event: 0.664 loading class sun/awt/Symbol
Event: 0.664 loading class sun/awt/Symbol done
Event: 0.664 loading class sun/awt/Symbol$Encoder
Event: 0.664 loading class sun/awt/Symbol$Encoder done
Event: 0.666 loading class java/lang/invoke/BoundMethodHandle$Species_LLLLLLLLI
Event: 0.666 loading class java/lang/invoke/BoundMethodHandle$Species_LLLLLLLLI done
Event: 0.667 loading class java/lang/invoke/BoundMethodHandle$Species_LLLLLLLLII
Event: 0.667 loading class java/lang/invoke/BoundMethodHandle$Species_LLLLLLLLII done
Event: 0.669 loading class java/lang/invoke/BoundMethodHandle$Species_LLLLLLLLIIL
Event: 0.669 loading class java/lang/invoke/BoundMethodHandle$Species_LLLLLLLLIIL done


Dynamic libraries:
0x00007ff6c7020000 - 0x00007ff6c702d000 	C:\Users\tansa\Desktop\pleiades\java\11\bin\javaw.exe
0x00007fffb00d0000 - 0x00007fffb02c5000 	C:\Windows\SYSTEM32\ntdll.dll
0x00007fffae3f0000 - 0x00007fffae4ad000 	C:\Windows\System32\KERNEL32.DLL
0x00007fffada60000 - 0x00007fffadd27000 	C:\Windows\System32\KERNELBASE.dll
0x00007fffad810000 - 0x00007fffad910000 	C:\Windows\System32\ucrtbase.dll
0x00007fff97510000 - 0x00007fff97527000 	C:\Users\tansa\Desktop\pleiades\java\11\bin\jli.dll
0x00007fff96e90000 - 0x00007fff96ea5000 	C:\Users\tansa\Desktop\pleiades\java\11\bin\VCRUNTIME140.dll
0x00007fffae130000 - 0x00007fffae2d0000 	C:\Windows\System32\USER32.dll
0x00007fffae0b0000 - 0x00007fffae0d2000 	C:\Windows\System32\win32u.dll
0x00007fff994c0000 - 0x00007fff9975b000 	C:\Windows\WinSxS\amd64_microsoft.windows.common-controls_6595b64144ccf1df_6.0.19041.488_none_ca04af081b815d21\COMCTL32.dll
0x00007fffaf090000 - 0x00007fffaf0ba000 	C:\Windows\System32\GDI32.dll
0x00007fffae5b0000 - 0x00007fffae64e000 	C:\Windows\System32\msvcrt.dll
0x00007fffadd30000 - 0x00007fffade39000 	C:\Windows\System32\gdi32full.dll
0x00007fffad910000 - 0x00007fffad9ad000 	C:\Windows\System32\msvcp_win.dll
0x00007fffaf1a0000 - 0x00007fffaf1d0000 	C:\Windows\System32\IMM32.DLL
0x00007fff6dea0000 - 0x00007fff6df3b000 	C:\Users\tansa\Desktop\pleiades\java\11\bin\msvcp140.dll
0x00007fff46a50000 - 0x00007fff4750c000 	C:\Users\tansa\Desktop\pleiades\java\11\bin\server\jvm.dll
0x00007fffae700000 - 0x00007fffae7aa000 	C:\Windows\System32\ADVAPI32.dll
0x00007fffae4b0000 - 0x00007fffae54b000 	C:\Windows\System32\sechost.dll
0x00007fffaef60000 - 0x00007fffaf084000 	C:\Windows\System32\RPCRT4.dll
0x00007fffaf1f0000 - 0x00007fffaf1f8000 	C:\Windows\System32\PSAPI.DLL
0x00007fffa1f10000 - 0x00007fffa1f37000 	C:\Windows\SYSTEM32\WINMM.dll
0x00007fffa7f60000 - 0x00007fffa7f6a000 	C:\Windows\SYSTEM32\VERSION.dll
0x00007fff9b430000 - 0x00007fff9b439000 	C:\Windows\SYSTEM32\WSOCK32.dll
0x00007fffb0020000 - 0x00007fffb008b000 	C:\Windows\System32\WS2_32.dll
0x00007fffab790000 - 0x00007fffab7a3000 	C:\Windows\SYSTEM32\kernel.appcore.dll
0x00007fffa1ba0000 - 0x00007fffa1bb0000 	C:\Users\tansa\Desktop\pleiades\java\11\bin\verify.dll
0x00007fffa61b0000 - 0x00007fffa6394000 	C:\Windows\SYSTEM32\DBGHELP.DLL
0x00007fffa5c90000 - 0x00007fffa5cbc000 	C:\Windows\SYSTEM32\dbgcore.DLL
0x00007fffade40000 - 0x00007fffadebf000 	C:\Windows\System32\bcryptPrimitives.dll
0x00007fff8f3e0000 - 0x00007fff8f408000 	C:\Users\tansa\Desktop\pleiades\java\11\bin\java.dll
0x00007fff8e370000 - 0x00007fff8e3a8000 	C:\Users\tansa\Desktop\pleiades\java\11\bin\jdwp.dll
0x00007fff9ae90000 - 0x00007fff9ae9e000 	C:\Users\tansa\Desktop\pleiades\java\11\bin\instrument.dll
0x00007fff96e70000 - 0x00007fff96e86000 	C:\Users\tansa\Desktop\pleiades\java\11\bin\zip.dll
0x00007fff97460000 - 0x00007fff9746a000 	C:\Users\tansa\Desktop\pleiades\java\11\bin\jimage.dll
0x00007fffae810000 - 0x00007fffaef51000 	C:\Windows\System32\SHELL32.dll
0x00007fffab990000 - 0x00007fffac123000 	C:\Windows\SYSTEM32\windows.storage.dll
0x00007fffaf850000 - 0x00007fffafba5000 	C:\Windows\System32\combase.dll
0x00007fffad210000 - 0x00007fffad23c000 	C:\Windows\SYSTEM32\Wldp.dll
0x00007fffaf200000 - 0x00007fffaf2ae000 	C:\Windows\System32\SHCORE.dll
0x00007fffae550000 - 0x00007fffae5a5000 	C:\Windows\System32\shlwapi.dll
0x00007fffad740000 - 0x00007fffad766000 	C:\Windows\SYSTEM32\profapi.dll
0x00007fff96d40000 - 0x00007fff96d4a000 	C:\Users\tansa\Desktop\pleiades\java\11\bin\dt_socket.dll
0x00007fffacf30000 - 0x00007fffacf9a000 	C:\Windows\System32\mswsock.dll
0x00007fffacc60000 - 0x00007fffacd2b000 	C:\Windows\SYSTEM32\DNSAPI.dll
0x00007fffacc20000 - 0x00007fffacc5b000 	C:\Windows\SYSTEM32\IPHLPAPI.DLL
0x00007fffaf7b0000 - 0x00007fffaf7b9000 	C:\Windows\System32\NSI.dll
0x000000005a5a0000 - 0x000000005a5c6000 	C:\Program Files\Bonjour\mdnsNSP.dll
0x00007fffa31b0000 - 0x00007fffa322f000 	C:\Windows\System32\fwpuclnt.dll
0x00007fffadf20000 - 0x00007fffadf47000 	C:\Windows\System32\bcrypt.dll
0x00007fffa3160000 - 0x00007fffa316a000 	C:\Windows\System32\rasadhlp.dll
0x00007fff91540000 - 0x00007fff91559000 	C:\Users\tansa\Desktop\pleiades\java\11\bin\net.dll
0x00007fffa4440000 - 0x00007fffa4540000 	C:\Windows\SYSTEM32\WINHTTP.dll
0x00007fff8e040000 - 0x00007fff8e052000 	C:\Users\tansa\Desktop\pleiades\java\11\bin\nio.dll
0x00007fff5cf60000 - 0x00007fff5d0f9000 	C:\Users\tansa\Desktop\pleiades\java\11\bin\awt.dll
0x00007fffafce0000 - 0x00007fffafdad000 	C:\Windows\System32\OLEAUT32.dll
0x00007fffab100000 - 0x00007fffab190000 	C:\Windows\SYSTEM32\apphelp.dll
0x00007fffab5b0000 - 0x00007fffab5df000 	C:\Windows\system32\DWMAPI.DLL
0x00007fffab2d0000 - 0x00007fffab36f000 	C:\Windows\system32\uxtheme.dll
0x00007fff84e60000 - 0x00007fff84f85000 	C:\Windows\system32\opengl32.dll
0x00007fffa7760000 - 0x00007fffa778c000 	C:\Windows\SYSTEM32\GLU32.dll
0x00007fffae2d0000 - 0x00007fffae3e5000 	C:\Windows\System32\MSCTF.dll
0x00007fffafbb0000 - 0x00007fffafcd9000 	C:\Windows\System32\ole32.dll
0x00007fffa7400000 - 0x00007fffa75cd000 	C:\Windows\system32\d3d9.dll
0x00007fffa23b0000 - 0x00007fffa249e000 	C:\Windows\System32\DriverStore\FileRepository\nv_dispi.inf_amd64_90685a092bcf58c7\nvldumdx.dll
0x00007fffadf50000 - 0x00007fffae0ad000 	C:\Windows\System32\crypt32.dll
0x00007fffadec0000 - 0x00007fffadf20000 	C:\Windows\System32\WINTRUST.DLL
0x00007fffad400000 - 0x00007fffad412000 	C:\Windows\SYSTEM32\MSASN1.dll
0x00007fffaf1d0000 - 0x00007fffaf1ed000 	C:\Windows\System32\imagehlp.dll
0x00007fffad110000 - 0x00007fffad128000 	C:\Windows\SYSTEM32\CRYPTSP.dll
0x00007fffac8c0000 - 0x00007fffac8f4000 	C:\Windows\system32\rsaenh.dll
0x00007fffad100000 - 0x00007fffad10c000 	C:\Windows\SYSTEM32\CRYPTBASE.dll
0x00007fff6c5b0000 - 0x00007fff6da4b000 	C:\Windows\System32\DriverStore\FileRepository\nv_dispi.inf_amd64_90685a092bcf58c7\nvd3dumx.dll
0x00007fffad260000 - 0x00007fffad2ab000 	C:\Windows\system32\powrprof.dll
0x00007fffad240000 - 0x00007fffad252000 	C:\Windows\SYSTEM32\UMPDC.dll
0x00007fffac140000 - 0x00007fffac163000 	C:\Windows\SYSTEM32\gpapi.dll
0x00007fffa12f0000 - 0x00007fffa1321000 	C:\Windows\SYSTEM32\cryptnet.dll
0x00007fffa28a0000 - 0x00007fffa28db000 	C:\Windows\SYSTEM32\dxcore.dll
0x00007fffae0e0000 - 0x00007fffae12d000 	C:\Windows\System32\cfgmgr32.dll
0x00007fff6de10000 - 0x00007fff6de92000 	C:\Users\tansa\Desktop\pleiades\java\11\bin\freetype.dll
0x00007fff5fbd0000 - 0x00007fff5fc76000 	C:\Users\tansa\Desktop\pleiades\java\11\bin\fontmanager.dll

dbghelp: loaded successfully - version: 4.0.5 - missing functions: none
symbol engine: initialized successfully - sym options: 0x614 - pdb path: .;C:\Users\tansa\Desktop\pleiades\java\11\bin;C:\Windows\SYSTEM32;C:\Windows\WinSxS\amd64_microsoft.windows.common-controls_6595b64144ccf1df_6.0.19041.488_none_ca04af081b815d21;C:\Users\tansa\Desktop\pleiades\java\11\bin\server;C:\Program Files\Bonjour;C:\Windows\System32\DriverStore\FileRepository\nv_dispi.inf_amd64_90685a092bcf58c7

VM Arguments:
jvm_args: -agentlib:jdwp=transport=dt_socket,suspend=y,address=localhost:61296 -javaagent:C:\Users\tansa\Desktop\pleiades\eclipse\configuration\org.eclipse.osgi\413\0\.cp\lib\javaagent-shaded.jar -Dfile.encoding=UTF-8 
java_command: View2
java_class_path (initial): C:\Users\tansa\Desktop\Program\Java\week1008\bin
Launcher Type: SUN_STANDARD

[Global flags]
     intx CICompilerCount                          = 3                                         {product} {ergonomic}
     uint ConcGCThreads                            = 2                                         {product} {ergonomic}
     uint G1ConcRefinementThreads                  = 6                                         {product} {ergonomic}
   size_t G1HeapRegionSize                         = 1048576                                   {product} {ergonomic}
    uintx GCDrainStackTargetSize                   = 64                                        {product} {ergonomic}
   size_t InitialHeapSize                          = 268435456                                 {product} {ergonomic}
   size_t MarkStackSize                            = 4194304                                   {product} {ergonomic}
   size_t MaxHeapSize                              = 4278190080                                {product} {ergonomic}
   size_t MaxNewSize                               = 2566914048                                {product} {ergonomic}
   size_t MinHeapDeltaBytes                        = 1048576                                   {product} {ergonomic}
    uintx NonNMethodCodeHeapSize                   = 5830732                                {pd product} {ergonomic}
    uintx NonProfiledCodeHeapSize                  = 122913754                              {pd product} {ergonomic}
    uintx ProfiledCodeHeapSize                     = 122913754                              {pd product} {ergonomic}
    uintx ReservedCodeCacheSize                    = 251658240                              {pd product} {ergonomic}
     bool SegmentedCodeCache                       = true                                      {product} {ergonomic}
     bool UseCompressedClassPointers               = true                                 {lp64_product} {ergonomic}
     bool UseCompressedOops                        = true                                 {lp64_product} {ergonomic}
     bool UseG1GC                                  = true                                      {product} {ergonomic}
     bool UseLargePagesIndividualAllocation        = false                                  {pd product} {ergonomic}

Logging:
Log output configuration:
 #0: stdout all=warning uptime,level,tags
 #1: stderr all=off uptime,level,tags

Environment Variables:
PATH=C:/Users/tansa/Desktop/pleiades/eclipse//jre/bin/server;C:/Users/tansa/Desktop/pleiades/eclipse//jre/bin;C:\Program Files (x86)\Common Files\Oracle\Java\javapath;C:\Program Files (x86)\Common Files\Intel\Shared Libraries\redist\intel64\compiler;C:\Windows\system32;C:\Windows;C:\Windows\System32\Wbem;C:\Windows\System32\WindowsPowerShell\v1.0\;C:\Windows\System32\OpenSSH\;C:\Program Files\swipl\bin;C:\Users\tansa\AppData\Local\Microsoft\WindowsApps;C:\Users\tansa\AppData\Local\Programs\Microsoft VS Code\bin;C:\MinGW\bin;C:\Program Files (x86)\Java\jre1.8.0_251\bin;;C:\Users\tansa\Desktop\pleiades\eclipse;
USERNAME=tansaku
OS=Windows_NT
PROCESSOR_IDENTIFIER=AMD64 Family 23 Model 113 Stepping 0, AuthenticAMD



---------------  S Y S T E M  ---------------

OS: Windows 10 , 64 bit Build 19041 (10.0.19041.292)
OS uptime: 5 days 21:29 hours

CPU:total 6 (initial active 6) (6 cores per cpu, 1 threads per core) family 23 model 113 stepping 0, cmov, cx8, fxsr, mmx, sse, sse2, sse3, ssse3, sse4.1, sse4.2, popcnt, avx, avx2, aes, clmul, mmxext, 3dnowpref, lzcnt, sse4a, tsc, tscinvbit, tscinv, bmi1, bmi2, adx, sha, fma

Memory: 4k page, system-wide physical 16315M (8294M free)
TotalPageFile size 18747M (AvailPageFile size 8153M)
current process WorkingSet (physical memory assigned to process): 87M, peak: 88M
current process commit charge ("private bytes"): 368M, peak: 368M

vm_info: OpenJDK 64-Bit Server VM (11.0.7+10) for windows-amd64 JRE (11.0.7+10), built on Apr 22 2020 11:46:09 by "" with MS VC++ 15.9 (VS2017)

END.
