#
# A fatal error has been detected by the Java Runtime Environment:
#
#  EXCEPTION_ACCESS_VIOLATION (0xc0000005) at pc=0x00007fff5d3ffa16, pid=13892, tid=10444
#
# JRE version: OpenJDK Runtime Environment (11.0.7+10) (build 11.0.7+10)
# Java VM: OpenJDK 64-Bit Server VM (11.0.7+10, mixed mode, tiered, compressed oops, g1 gc, windows-amd64)
# Problematic frame:
# C  [awt.dll+0x8fa16]
#
# No core dump will be written. Minidumps are not enabled by default on client versions of Windows
#
# If you would like to submit a bug report, please visit:
#   https://github.com/AdoptOpenJDK/openjdk-support/issues
# The crash happened outside the Java Virtual Machine in native code.
# See problematic frame for where to report the bug.
#

---------------  S U M M A R Y ------------

Command Line: -Dfile.encoding=UTF-8 View2

Host: AMD Ryzen 5 3500 6-Core Processor              , 6 cores, 15G,  Windows 10 , 64 bit Build 19041 (10.0.19041.292)
Time: Sun Oct 11 23:10:35 2020 ìåãû (ïWèÄéû) elapsed time: 0 seconds (0d 0h 0m 0s)

---------------  T H R E A D  ---------------

Current thread (0x0000026758149800):  JavaThread "main" [_thread_in_native, id=10444, stack(0x000000f015e00000,0x000000f015f00000)]

Stack: [0x000000f015e00000,0x000000f015f00000],  sp=0x000000f015efedf0,  free space=1019k
Native frames: (J=compiled Java code, j=interpreted, Vv=VM code, C=native code)
C  [awt.dll+0x8fa16]

Java frames: (J=compiled Java code, j=interpreted, Vv=VM code)
j  sun.awt.windows.WComponentPeer._setFont(Ljava/awt/Font;)V+0 java.desktop@11.0.7
j  sun.awt.windows.WComponentPeer.setFont(Ljava/awt/Font;)V+7 java.desktop@11.0.7
j  sun.awt.windows.WWindowPeer.initialize()V+42 java.desktop@11.0.7
j  sun.awt.windows.WFramePeer.initialize()V+1 java.desktop@11.0.7
j  sun.awt.windows.WComponentPeer.<init>(Ljava/awt/Component;)V+83 java.desktop@11.0.7
j  sun.awt.windows.WCanvasPeer.<init>(Ljava/awt/Component;)V+2 java.desktop@11.0.7
j  sun.awt.windows.WPanelPeer.<init>(Ljava/awt/Component;)V+2 java.desktop@11.0.7
j  sun.awt.windows.WWindowPeer.<init>(Ljava/awt/Window;)V+2 java.desktop@11.0.7
j  sun.awt.windows.WFramePeer.<init>(Ljava/awt/Frame;)V+2 java.desktop@11.0.7
j  sun.awt.windows.WToolkit.createFrame(Ljava/awt/Frame;)Ljava/awt/peer/FramePeer;+5 java.desktop@11.0.7
j  java.awt.Frame.addNotify()V+20 java.desktop@11.0.7
j  java.awt.Window.pack()V+28 java.desktop@11.0.7
j  View2.<init>()V+178
j  View2.main([Ljava/lang/String;)V+3
v  ~StubRoutines::call_stub

siginfo: EXCEPTION_ACCESS_VIOLATION (0xc0000005), reading address 0x0000000000000058


Register to memory mapping:

RIP=0x00007fff5d3ffa16 awt.dll
RAX=0x00007fff5d47b680 awt.dll
RBX=0x0000026758149b40 points into unknown readable memory: 00 bc 3d 47 ff 7f 00 00
RCX=0x000002677d335d60 points into unknown readable memory: 80 b6 47 5d ff 7f 00 00
RDX=0x0 is NULL
RSP=0x000000f015efedf0 is pointing into the stack for thread: 0x0000026758149800
RBP=0x0 is NULL
RSI=0x000002677ce84460 is a global jni handle
RDI=0x000002677ce84468 is a global jni handle
R8 =0x0000000000000004 is an unknown value
R9 =0x00000008000a8040 is a pointer to class: 
java.awt.Font {0x00000008000a8048}
R10=0x0000000000008000 is an unknown value
R11=0x000000f015efedf0 is pointing into the stack for thread: 0x0000026758149800
R12=0x0 is NULL
R13={method} {0x000002677c700640} '_setFont' '(Ljava/awt/Font;)V' in 'sun/awt/windows/WComponentPeer'
R14=0x000002677d335d60 points into unknown readable memory: 80 b6 47 5d ff 7f 00 00
R15=0x000002677d35a600 points into unknown readable memory: 60 44 e8 7c 67 02 00 00


Registers:
RAX=0x00007fff5d47b680, RBX=0x0000026758149b40, RCX=0x000002677d335d60, RDX=0x0000000000000000
RSP=0x000000f015efedf0, RBP=0x0000000000000000, RSI=0x000002677ce84460, RDI=0x000002677ce84468
R8 =0x0000000000000004, R9 =0x00000008000a8040, R10=0x0000000000008000, R11=0x000000f015efedf0
R12=0x0000000000000000, R13=0x000002677c700638, R14=0x000002677d335d60, R15=0x000002677d35a600
RIP=0x00007fff5d3ffa16, EFLAGS=0x0000000000010206

Top of Stack: (sp=0x000000f015efedf0)
0x000000f015efedf0:   000002677d35a600 000002677d335d60
0x000000f015efee00:   000002677d35a600 000002677d335d60
0x000000f015efee10:   000002677ce84468 00007fff5d404921
0x000000f015efee20:   0000026758149b40 0000026758149b40
0x000000f015efee30:   0000000000000000 000002677ce84460
0x000000f015efee40:   0000026758149800 000000f015efef90
0x000000f015efee50:   000002677d35a600 00007fff5d43dbcb
0x000000f015efee60:   00007fff5d4c1078 000000f015efef68
0x000000f015efee70:   00007fff5d4047f4 0000000000000000
0x000000f015efee80:   fffffffffffffffe fffffffffffffffe
0x000000f015efee90:   000002677ce84460 00007fff5d405ae8
0x000000f015efeea0:   000002677ce84468 000000f015efef88
0x000000f015efeeb0:   000000f015efef88 00007fff5d4c1078
0x000000f015efeec0:   fffffffffffffffe 0000026758149800
0x000000f015efeed0:   00000267607c9e67 00000267607cfe08
0x000000f015efeee0:   000002677c700638 000002677c3c07a8 

Instructions: (pc=0x00007fff5d3ffa16)
0x00007fff5d3ff916:   00 48 8b d9 e8 d9 dc ff ff 48 8b f8 48 85 c0 75
0x00007fff5d3ff926:   04 48 8b 7b 48 48 8b cf e8 50 19 05 00 48 8b d8
0x00007fff5d3ff936:   48 85 c0 74 60 83 64 24 20 00 0f 57 c0 83 64 24
0x00007fff5d3ff946:   34 00 b9 11 00 00 00 83 64 24 38 00 f3 0f 7f 44
0x00007fff5d3ff956:   24 24 ff 15 da d9 0b 00 4c 8d 44 24 40 ba 5c 00
0x00007fff5d3ff966:   00 00 48 8b c8 ff 15 7f dc 0b 00 83 f8 5c 75 0d
0x00007fff5d3ff976:   48 8d 54 24 40 48 8b cb e8 af 19 05 00 48 8d 54
0x00007fff5d3ff986:   24 20 48 8b cb e8 c6 19 05 00 48 8b d3 48 8b cf
0x00007fff5d3ff996:   e8 73 19 05 00 48 8b 8c 24 a0 00 00 00 48 33 cc
0x00007fff5d3ff9a6:   e8 a5 26 05 00 48 8b 9c 24 c8 00 00 00 48 81 c4
0x00007fff5d3ff9b6:   b0 00 00 00 5f c3 40 53 48 83 ec 20 48 8b d9 ff
0x00007fff5d3ff9c6:   15 bd e1 0b 00 48 85 c0 75 0a 48 8b 4b 48 ff 15
0x00007fff5d3ff9d6:   a6 e1 0b 00 48 83 c4 20 5b c3 4c 63 c2 48 8b 15
0x00007fff5d3ff9e6:   5e c5 0b 00 48 ff 25 37 e0 0b 00 cc cc cc 48 8b
0x00007fff5d3ff9f6:   d1 48 8b 0d 82 f5 0b 00 48 89 15 7b f5 0b 00 e9
0x00007fff5d3ffa06:   5a 67 04 00 cc cc 48 89 5c 24 08 57 48 83 ec 20
0x00007fff5d3ffa16:   83 7a 58 00 48 8b da 48 8b f9 7d 08 48 8b ca e8
0x00007fff5d3ffa26:   32 95 01 00 4c 8b 43 48 45 33 c9 48 8b 4f 48 4d
0x00007fff5d3ffa36:   8b 00 41 8d 51 30 ff 15 ae e2 0b 00 48 8b 4f 48
0x00007fff5d3ffa46:   33 d2 44 8d 42 01 48 8b 5c 24 30 48 83 c4 20 5f
0x00007fff5d3ffa56:   48 ff 25 4b e1 0b 00 cc cc cc 48 8b c4 48 89 58
0x00007fff5d3ffa66:   08 48 89 68 10 48 89 70 18 48 89 78 20 41 56 48
0x00007fff5d3ffa76:   83 ec 20 4c 8b f2 48 8b f9 48 8b 0d f2 13 0c 00
0x00007fff5d3ffa86:   ba 02 00 01 00 41 8b e8 e8 c0 24 05 00 48 8b 97
0x00007fff5d3ffa96:   c0 00 00 00 33 db 48 8b f0 48 85 d2 74 0d 4c 8b
0x00007fff5d3ffaa6:   08 48 8b c8 41 ff 91 b0 00 00 00 4d 85 f6 74 14
0x00007fff5d3ffab6:   48 8b 06 49 8b d6 48 8b ce ff 90 a8 00 00 00 48
0x00007fff5d3ffac6:   8b d8 eb 05 bd 01 00 00 00 48 89 9f c0 00 00 00
0x00007fff5d3ffad6:   89 af c8 00 00 00 48 8b 5c 24 30 48 8b 6c 24 38
0x00007fff5d3ffae6:   48 8b 74 24 40 48 8b 7c 24 48 48 83 c4 20 41 5e
0x00007fff5d3ffaf6:   c3 cc 48 89 5c 24 08 48 89 6c 24 10 48 89 74 24
0x00007fff5d3ffb06:   18 57 48 83 ec 20 33 db 48 8b f9 48 85 c9 75 09 


Stack slot to memory mapping:
stack at sp + 0 slots: 0x000002677d35a600 points into unknown readable memory: 60 44 e8 7c 67 02 00 00
stack at sp + 1 slots: 0x000002677d335d60 points into unknown readable memory: 80 b6 47 5d ff 7f 00 00
stack at sp + 2 slots: 0x000002677d35a600 points into unknown readable memory: 60 44 e8 7c 67 02 00 00
stack at sp + 3 slots: 0x000002677d335d60 points into unknown readable memory: 80 b6 47 5d ff 7f 00 00
stack at sp + 4 slots: 0x000002677ce84468 is a global jni handle
stack at sp + 5 slots: 0x00007fff5d404921 awt.dll
stack at sp + 6 slots: 0x0000026758149b40 points into unknown readable memory: 00 bc 3d 47 ff 7f 00 00
stack at sp + 7 slots: 0x0000026758149b40 points into unknown readable memory: 00 bc 3d 47 ff 7f 00 00


---------------  P R O C E S S  ---------------

Threads class SMR info:
_java_thread_list=0x000002677d204c40, length=14, elements={
0x0000026758149800, 0x000002677c0ed800, 0x000002677c0ee800, 0x000002677c9c8800,
0x000002677c9ca800, 0x000002677c9cc000, 0x000002677c9e2800, 0x000002677ca0c000,
0x000002677cb63000, 0x000002677cb6b000, 0x000002677ce91000, 0x000002677cee9800,
0x000002677cf01000, 0x000002677d445800
}

Java Threads: ( => current thread )
=>0x0000026758149800 JavaThread "main" [_thread_in_native, id=10444, stack(0x000000f015e00000,0x000000f015f00000)]
  0x000002677c0ed800 JavaThread "Reference Handler" daemon [_thread_blocked, id=14356, stack(0x000000f016500000,0x000000f016600000)]
  0x000002677c0ee800 JavaThread "Finalizer" daemon [_thread_blocked, id=12280, stack(0x000000f016600000,0x000000f016700000)]
  0x000002677c9c8800 JavaThread "Signal Dispatcher" daemon [_thread_blocked, id=10956, stack(0x000000f016700000,0x000000f016800000)]
  0x000002677c9ca800 JavaThread "Attach Listener" daemon [_thread_blocked, id=14972, stack(0x000000f016800000,0x000000f016900000)]
  0x000002677c9cc000 JavaThread "C2 CompilerThread0" daemon [_thread_blocked, id=17988, stack(0x000000f016900000,0x000000f016a00000)]
  0x000002677c9e2800 JavaThread "C1 CompilerThread0" daemon [_thread_blocked, id=14944, stack(0x000000f016a00000,0x000000f016b00000)]
  0x000002677ca0c000 JavaThread "Sweeper thread" daemon [_thread_blocked, id=17960, stack(0x000000f016b00000,0x000000f016c00000)]
  0x000002677cb63000 JavaThread "Service Thread" daemon [_thread_blocked, id=20352, stack(0x000000f016c00000,0x000000f016d00000)]
  0x000002677cb6b000 JavaThread "Common-Cleaner" daemon [_thread_blocked, id=5204, stack(0x000000f016e00000,0x000000f016f00000)]
  0x000002677ce91000 JavaThread "Java2D Disposer" daemon [_thread_blocked, id=19972, stack(0x000000f016f00000,0x000000f017000000)]
  0x000002677cee9800 JavaThread "AWT-Shutdown" [_thread_blocked, id=11800, stack(0x000000f017000000,0x000000f017100000)]
  0x000002677cf01000 JavaThread "AWT-Windows" daemon [_thread_in_native, id=6944, stack(0x000000f017100000,0x000000f017200000)]
  0x000002677d445800 JavaThread "AWT-EventQueue-0" [_thread_blocked, id=6948, stack(0x000000f017400000,0x000000f017500000)]

Other Threads:
  0x000002677c0b9800 VMThread "VM Thread" [stack: 0x000000f016400000,0x000000f016500000] [id=18604]
  0x000002677cb66000 WatcherThread [stack: 0x000000f016d00000,0x000000f016e00000] [id=6884]
  0x0000026758161000 GCTaskThread "GC Thread#0" [stack: 0x000000f015f00000,0x000000f016000000] [id=9028]
  0x00000267581bb800 ConcurrentGCThread "G1 Main Marker" [stack: 0x000000f016000000,0x000000f016100000] [id=17984]
  0x00000267581bd000 ConcurrentGCThread "G1 Conc#0" [stack: 0x000000f016100000,0x000000f016200000] [id=19632]
  0x000002677bf9b800 ConcurrentGCThread "G1 Refine#0" [stack: 0x000000f016200000,0x000000f016300000] [id=4648]
  0x000002677bf9c800 ConcurrentGCThread "G1 Young RemSet Sampling" [stack: 0x000000f016300000,0x000000f016400000] [id=1252]

Threads with active compile tasks:

VM state:not at safepoint (normal execution)

VM Mutex/Monitor currently owned by a thread: None

Heap address: 0x0000000701000000, size: 4080 MB, Compressed Oops mode: Zero based, Oop shift amount: 3
Narrow klass base: 0x0000000800000000, Narrow klass shift: 0
Compressed class space size: 1073741824 Address: 0x0000000800000000

Heap:
 garbage-first heap   total 262144K, used 6144K [0x0000000701000000, 0x0000000800000000)
  region size 1024K, 7 young (7168K), 0 survivors (0K)
 Metaspace       used 10220K, capacity 10469K, committed 10624K, reserved 1058816K
  class space    used 1016K, capacity 1117K, committed 1152K, reserved 1048576K
Heap Regions: E=young(eden), S=young(survivor), O=old, HS=humongous(starts), HC=humongous(continues), CS=collection set, F=free, A=archive, TAMS=top-at-mark-start (previous, next)
|   0|0x0000000701000000, 0x0000000701000000, 0x0000000701100000|  0%| F|  |TAMS 0x0000000701000000, 0x0000000701000000| Untracked 
|   1|0x0000000701100000, 0x0000000701100000, 0x0000000701200000|  0%| F|  |TAMS 0x0000000701100000, 0x0000000701100000| Untracked 
|   2|0x0000000701200000, 0x0000000701200000, 0x0000000701300000|  0%| F|  |TAMS 0x0000000701200000, 0x0000000701200000| Untracked 
|   3|0x0000000701300000, 0x0000000701300000, 0x0000000701400000|  0%| F|  |TAMS 0x0000000701300000, 0x0000000701300000| Untracked 
|   4|0x0000000701400000, 0x0000000701400000, 0x0000000701500000|  0%| F|  |TAMS 0x0000000701400000, 0x0000000701400000| Untracked 
|   5|0x0000000701500000, 0x0000000701500000, 0x0000000701600000|  0%| F|  |TAMS 0x0000000701500000, 0x0000000701500000| Untracked 
|   6|0x0000000701600000, 0x0000000701600000, 0x0000000701700000|  0%| F|  |TAMS 0x0000000701600000, 0x0000000701600000| Untracked 
|   7|0x0000000701700000, 0x0000000701700000, 0x0000000701800000|  0%| F|  |TAMS 0x0000000701700000, 0x0000000701700000| Untracked 
|   8|0x0000000701800000, 0x0000000701800000, 0x0000000701900000|  0%| F|  |TAMS 0x0000000701800000, 0x0000000701800000| Untracked 
|   9|0x0000000701900000, 0x0000000701900000, 0x0000000701a00000|  0%| F|  |TAMS 0x0000000701900000, 0x0000000701900000| Untracked 
|  10|0x0000000701a00000, 0x0000000701a00000, 0x0000000701b00000|  0%| F|  |TAMS 0x0000000701a00000, 0x0000000701a00000| Untracked 
|  11|0x0000000701b00000, 0x0000000701b00000, 0x0000000701c00000|  0%| F|  |TAMS 0x0000000701b00000, 0x0000000701b00000| Untracked 
|  12|0x0000000701c00000, 0x0000000701c00000, 0x0000000701d00000|  0%| F|  |TAMS 0x0000000701c00000, 0x0000000701c00000| Untracked 
|  13|0x0000000701d00000, 0x0000000701d00000, 0x0000000701e00000|  0%| F|  |TAMS 0x0000000701d00000, 0x0000000701d00000| Untracked 
|  14|0x0000000701e00000, 0x0000000701e00000, 0x0000000701f00000|  0%| F|  |TAMS 0x0000000701e00000, 0x0000000701e00000| Untracked 
|  15|0x0000000701f00000, 0x0000000701f00000, 0x0000000702000000|  0%| F|  |TAMS 0x0000000701f00000, 0x0000000701f00000| Untracked 
|  16|0x0000000702000000, 0x0000000702000000, 0x0000000702100000|  0%| F|  |TAMS 0x0000000702000000, 0x0000000702000000| Untracked 
|  17|0x0000000702100000, 0x0000000702100000, 0x0000000702200000|  0%| F|  |TAMS 0x0000000702100000, 0x0000000702100000| Untracked 
|  18|0x0000000702200000, 0x0000000702200000, 0x0000000702300000|  0%| F|  |TAMS 0x0000000702200000, 0x0000000702200000| Untracked 
|  19|0x0000000702300000, 0x0000000702300000, 0x0000000702400000|  0%| F|  |TAMS 0x0000000702300000, 0x0000000702300000| Untracked 
|  20|0x0000000702400000, 0x0000000702400000, 0x0000000702500000|  0%| F|  |TAMS 0x0000000702400000, 0x0000000702400000| Untracked 
|  21|0x0000000702500000, 0x0000000702500000, 0x0000000702600000|  0%| F|  |TAMS 0x0000000702500000, 0x0000000702500000| Untracked 
|  22|0x0000000702600000, 0x0000000702600000, 0x0000000702700000|  0%| F|  |TAMS 0x0000000702600000, 0x0000000702600000| Untracked 
|  23|0x0000000702700000, 0x0000000702700000, 0x0000000702800000|  0%| F|  |TAMS 0x0000000702700000, 0x0000000702700000| Untracked 
|  24|0x0000000702800000, 0x0000000702800000, 0x0000000702900000|  0%| F|  |TAMS 0x0000000702800000, 0x0000000702800000| Untracked 
|  25|0x0000000702900000, 0x0000000702900000, 0x0000000702a00000|  0%| F|  |TAMS 0x0000000702900000, 0x0000000702900000| Untracked 
|  26|0x0000000702a00000, 0x0000000702a00000, 0x0000000702b00000|  0%| F|  |TAMS 0x0000000702a00000, 0x0000000702a00000| Untracked 
|  27|0x0000000702b00000, 0x0000000702b00000, 0x0000000702c00000|  0%| F|  |TAMS 0x0000000702b00000, 0x0000000702b00000| Untracked 
|  28|0x0000000702c00000, 0x0000000702c00000, 0x0000000702d00000|  0%| F|  |TAMS 0x0000000702c00000, 0x0000000702c00000| Untracked 
|  29|0x0000000702d00000, 0x0000000702d00000, 0x0000000702e00000|  0%| F|  |TAMS 0x0000000702d00000, 0x0000000702d00000| Untracked 
|  30|0x0000000702e00000, 0x0000000702e00000, 0x0000000702f00000|  0%| F|  |TAMS 0x0000000702e00000, 0x0000000702e00000| Untracked 
|  31|0x0000000702f00000, 0x0000000702f00000, 0x0000000703000000|  0%| F|  |TAMS 0x0000000702f00000, 0x0000000702f00000| Untracked 
|  32|0x0000000703000000, 0x0000000703000000, 0x0000000703100000|  0%| F|  |TAMS 0x0000000703000000, 0x0000000703000000| Untracked 
|  33|0x0000000703100000, 0x0000000703100000, 0x0000000703200000|  0%| F|  |TAMS 0x0000000703100000, 0x0000000703100000| Untracked 
|  34|0x0000000703200000, 0x0000000703200000, 0x0000000703300000|  0%| F|  |TAMS 0x0000000703200000, 0x0000000703200000| Untracked 
|  35|0x0000000703300000, 0x0000000703300000, 0x0000000703400000|  0%| F|  |TAMS 0x0000000703300000, 0x0000000703300000| Untracked 
|  36|0x0000000703400000, 0x0000000703400000, 0x0000000703500000|  0%| F|  |TAMS 0x0000000703400000, 0x0000000703400000| Untracked 
|  37|0x0000000703500000, 0x0000000703500000, 0x0000000703600000|  0%| F|  |TAMS 0x0000000703500000, 0x0000000703500000| Untracked 
|  38|0x0000000703600000, 0x0000000703600000, 0x0000000703700000|  0%| F|  |TAMS 0x0000000703600000, 0x0000000703600000| Untracked 
|  39|0x0000000703700000, 0x0000000703700000, 0x0000000703800000|  0%| F|  |TAMS 0x0000000703700000, 0x0000000703700000| Untracked 
|  40|0x0000000703800000, 0x0000000703800000, 0x0000000703900000|  0%| F|  |TAMS 0x0000000703800000, 0x0000000703800000| Untracked 
|  41|0x0000000703900000, 0x0000000703900000, 0x0000000703a00000|  0%| F|  |TAMS 0x0000000703900000, 0x0000000703900000| Untracked 
|  42|0x0000000703a00000, 0x0000000703a00000, 0x0000000703b00000|  0%| F|  |TAMS 0x0000000703a00000, 0x0000000703a00000| Untracked 
|  43|0x0000000703b00000, 0x0000000703b00000, 0x0000000703c00000|  0%| F|  |TAMS 0x0000000703b00000, 0x0000000703b00000| Untracked 
|  44|0x0000000703c00000, 0x0000000703c00000, 0x0000000703d00000|  0%| F|  |TAMS 0x0000000703c00000, 0x0000000703c00000| Untracked 
|  45|0x0000000703d00000, 0x0000000703d00000, 0x0000000703e00000|  0%| F|  |TAMS 0x0000000703d00000, 0x0000000703d00000| Untracked 
|  46|0x0000000703e00000, 0x0000000703e00000, 0x0000000703f00000|  0%| F|  |TAMS 0x0000000703e00000, 0x0000000703e00000| Untracked 
|  47|0x0000000703f00000, 0x0000000703f00000, 0x0000000704000000|  0%| F|  |TAMS 0x0000000703f00000, 0x0000000703f00000| Untracked 
|  48|0x0000000704000000, 0x0000000704000000, 0x0000000704100000|  0%| F|  |TAMS 0x0000000704000000, 0x0000000704000000| Untracked 
|  49|0x0000000704100000, 0x0000000704100000, 0x0000000704200000|  0%| F|  |TAMS 0x0000000704100000, 0x0000000704100000| Untracked 
|  50|0x0000000704200000, 0x0000000704200000, 0x0000000704300000|  0%| F|  |TAMS 0x0000000704200000, 0x0000000704200000| Untracked 
|  51|0x0000000704300000, 0x0000000704300000, 0x0000000704400000|  0%| F|  |TAMS 0x0000000704300000, 0x0000000704300000| Untracked 
|  52|0x0000000704400000, 0x0000000704400000, 0x0000000704500000|  0%| F|  |TAMS 0x0000000704400000, 0x0000000704400000| Untracked 
|  53|0x0000000704500000, 0x0000000704500000, 0x0000000704600000|  0%| F|  |TAMS 0x0000000704500000, 0x0000000704500000| Untracked 
|  54|0x0000000704600000, 0x0000000704600000, 0x0000000704700000|  0%| F|  |TAMS 0x0000000704600000, 0x0000000704600000| Untracked 
|  55|0x0000000704700000, 0x0000000704700000, 0x0000000704800000|  0%| F|  |TAMS 0x0000000704700000, 0x0000000704700000| Untracked 
|  56|0x0000000704800000, 0x0000000704800000, 0x0000000704900000|  0%| F|  |TAMS 0x0000000704800000, 0x0000000704800000| Untracked 
|  57|0x0000000704900000, 0x0000000704900000, 0x0000000704a00000|  0%| F|  |TAMS 0x0000000704900000, 0x0000000704900000| Untracked 
|  58|0x0000000704a00000, 0x0000000704a00000, 0x0000000704b00000|  0%| F|  |TAMS 0x0000000704a00000, 0x0000000704a00000| Untracked 
|  59|0x0000000704b00000, 0x0000000704b00000, 0x0000000704c00000|  0%| F|  |TAMS 0x0000000704b00000, 0x0000000704b00000| Untracked 
|  60|0x0000000704c00000, 0x0000000704c00000, 0x0000000704d00000|  0%| F|  |TAMS 0x0000000704c00000, 0x0000000704c00000| Untracked 
|  61|0x0000000704d00000, 0x0000000704d00000, 0x0000000704e00000|  0%| F|  |TAMS 0x0000000704d00000, 0x0000000704d00000| Untracked 
|  62|0x0000000704e00000, 0x0000000704e00000, 0x0000000704f00000|  0%| F|  |TAMS 0x0000000704e00000, 0x0000000704e00000| Untracked 
|  63|0x0000000704f00000, 0x0000000704f00000, 0x0000000705000000|  0%| F|  |TAMS 0x0000000704f00000, 0x0000000704f00000| Untracked 
|  64|0x0000000705000000, 0x0000000705000000, 0x0000000705100000|  0%| F|  |TAMS 0x0000000705000000, 0x0000000705000000| Untracked 
|  65|0x0000000705100000, 0x0000000705100000, 0x0000000705200000|  0%| F|  |TAMS 0x0000000705100000, 0x0000000705100000| Untracked 
|  66|0x0000000705200000, 0x0000000705200000, 0x0000000705300000|  0%| F|  |TAMS 0x0000000705200000, 0x0000000705200000| Untracked 
|  67|0x0000000705300000, 0x0000000705300000, 0x0000000705400000|  0%| F|  |TAMS 0x0000000705300000, 0x0000000705300000| Untracked 
|  68|0x0000000705400000, 0x0000000705400000, 0x0000000705500000|  0%| F|  |TAMS 0x0000000705400000, 0x0000000705400000| Untracked 
|  69|0x0000000705500000, 0x0000000705500000, 0x0000000705600000|  0%| F|  |TAMS 0x0000000705500000, 0x0000000705500000| Untracked 
|  70|0x0000000705600000, 0x0000000705600000, 0x0000000705700000|  0%| F|  |TAMS 0x0000000705600000, 0x0000000705600000| Untracked 
|  71|0x0000000705700000, 0x0000000705700000, 0x0000000705800000|  0%| F|  |TAMS 0x0000000705700000, 0x0000000705700000| Untracked 
|  72|0x0000000705800000, 0x0000000705800000, 0x0000000705900000|  0%| F|  |TAMS 0x0000000705800000, 0x0000000705800000| Untracked 
|  73|0x0000000705900000, 0x0000000705900000, 0x0000000705a00000|  0%| F|  |TAMS 0x0000000705900000, 0x0000000705900000| Untracked 
|  74|0x0000000705a00000, 0x0000000705a00000, 0x0000000705b00000|  0%| F|  |TAMS 0x0000000705a00000, 0x0000000705a00000| Untracked 
|  75|0x0000000705b00000, 0x0000000705b00000, 0x0000000705c00000|  0%| F|  |TAMS 0x0000000705b00000, 0x0000000705b00000| Untracked 
|  76|0x0000000705c00000, 0x0000000705c00000, 0x0000000705d00000|  0%| F|  |TAMS 0x0000000705c00000, 0x0000000705c00000| Untracked 
|  77|0x0000000705d00000, 0x0000000705d00000, 0x0000000705e00000|  0%| F|  |TAMS 0x0000000705d00000, 0x0000000705d00000| Untracked 
|  78|0x0000000705e00000, 0x0000000705e00000, 0x0000000705f00000|  0%| F|  |TAMS 0x0000000705e00000, 0x0000000705e00000| Untracked 
|  79|0x0000000705f00000, 0x0000000705f00000, 0x0000000706000000|  0%| F|  |TAMS 0x0000000705f00000, 0x0000000705f00000| Untracked 
|  80|0x0000000706000000, 0x0000000706000000, 0x0000000706100000|  0%| F|  |TAMS 0x0000000706000000, 0x0000000706000000| Untracked 
|  81|0x0000000706100000, 0x0000000706100000, 0x0000000706200000|  0%| F|  |TAMS 0x0000000706100000, 0x0000000706100000| Untracked 
|  82|0x0000000706200000, 0x0000000706200000, 0x0000000706300000|  0%| F|  |TAMS 0x0000000706200000, 0x0000000706200000| Untracked 
|  83|0x0000000706300000, 0x0000000706300000, 0x0000000706400000|  0%| F|  |TAMS 0x0000000706300000, 0x0000000706300000| Untracked 
|  84|0x0000000706400000, 0x0000000706400000, 0x0000000706500000|  0%| F|  |TAMS 0x0000000706400000, 0x0000000706400000| Untracked 
|  85|0x0000000706500000, 0x0000000706500000, 0x0000000706600000|  0%| F|  |TAMS 0x0000000706500000, 0x0000000706500000| Untracked 
|  86|0x0000000706600000, 0x0000000706600000, 0x0000000706700000|  0%| F|  |TAMS 0x0000000706600000, 0x0000000706600000| Untracked 
|  87|0x0000000706700000, 0x0000000706700000, 0x0000000706800000|  0%| F|  |TAMS 0x0000000706700000, 0x0000000706700000| Untracked 
|  88|0x0000000706800000, 0x0000000706800000, 0x0000000706900000|  0%| F|  |TAMS 0x0000000706800000, 0x0000000706800000| Untracked 
|  89|0x0000000706900000, 0x0000000706900000, 0x0000000706a00000|  0%| F|  |TAMS 0x0000000706900000, 0x0000000706900000| Untracked 
|  90|0x0000000706a00000, 0x0000000706a00000, 0x0000000706b00000|  0%| F|  |TAMS 0x0000000706a00000, 0x0000000706a00000| Untracked 
|  91|0x0000000706b00000, 0x0000000706b00000, 0x0000000706c00000|  0%| F|  |TAMS 0x0000000706b00000, 0x0000000706b00000| Untracked 
|  92|0x0000000706c00000, 0x0000000706c00000, 0x0000000706d00000|  0%| F|  |TAMS 0x0000000706c00000, 0x0000000706c00000| Untracked 
|  93|0x0000000706d00000, 0x0000000706d00000, 0x0000000706e00000|  0%| F|  |TAMS 0x0000000706d00000, 0x0000000706d00000| Untracked 
|  94|0x0000000706e00000, 0x0000000706e00000, 0x0000000706f00000|  0%| F|  |TAMS 0x0000000706e00000, 0x0000000706e00000| Untracked 
|  95|0x0000000706f00000, 0x0000000706f00000, 0x0000000707000000|  0%| F|  |TAMS 0x0000000706f00000, 0x0000000706f00000| Untracked 
|  96|0x0000000707000000, 0x0000000707000000, 0x0000000707100000|  0%| F|  |TAMS 0x0000000707000000, 0x0000000707000000| Untracked 
|  97|0x0000000707100000, 0x0000000707100000, 0x0000000707200000|  0%| F|  |TAMS 0x0000000707100000, 0x0000000707100000| Untracked 
|  98|0x0000000707200000, 0x0000000707200000, 0x0000000707300000|  0%| F|  |TAMS 0x0000000707200000, 0x0000000707200000| Untracked 
|  99|0x0000000707300000, 0x0000000707300000, 0x0000000707400000|  0%| F|  |TAMS 0x0000000707300000, 0x0000000707300000| Untracked 
| 100|0x0000000707400000, 0x0000000707400000, 0x0000000707500000|  0%| F|  |TAMS 0x0000000707400000, 0x0000000707400000| Untracked 
| 101|0x0000000707500000, 0x0000000707500000, 0x0000000707600000|  0%| F|  |TAMS 0x0000000707500000, 0x0000000707500000| Untracked 
| 102|0x0000000707600000, 0x0000000707600000, 0x0000000707700000|  0%| F|  |TAMS 0x0000000707600000, 0x0000000707600000| Untracked 
| 103|0x0000000707700000, 0x0000000707700000, 0x0000000707800000|  0%| F|  |TAMS 0x0000000707700000, 0x0000000707700000| Untracked 
| 104|0x0000000707800000, 0x0000000707800000, 0x0000000707900000|  0%| F|  |TAMS 0x0000000707800000, 0x0000000707800000| Untracked 
| 105|0x0000000707900000, 0x0000000707900000, 0x0000000707a00000|  0%| F|  |TAMS 0x0000000707900000, 0x0000000707900000| Untracked 
| 106|0x0000000707a00000, 0x0000000707a00000, 0x0000000707b00000|  0%| F|  |TAMS 0x0000000707a00000, 0x0000000707a00000| Untracked 
| 107|0x0000000707b00000, 0x0000000707b00000, 0x0000000707c00000|  0%| F|  |TAMS 0x0000000707b00000, 0x0000000707b00000| Untracked 
| 108|0x0000000707c00000, 0x0000000707c00000, 0x0000000707d00000|  0%| F|  |TAMS 0x0000000707c00000, 0x0000000707c00000| Untracked 
| 109|0x0000000707d00000, 0x0000000707d00000, 0x0000000707e00000|  0%| F|  |TAMS 0x0000000707d00000, 0x0000000707d00000| Untracked 
| 110|0x0000000707e00000, 0x0000000707e00000, 0x0000000707f00000|  0%| F|  |TAMS 0x0000000707e00000, 0x0000000707e00000| Untracked 
| 111|0x0000000707f00000, 0x0000000707f00000, 0x0000000708000000|  0%| F|  |TAMS 0x0000000707f00000, 0x0000000707f00000| Untracked 
| 112|0x0000000708000000, 0x0000000708000000, 0x0000000708100000|  0%| F|  |TAMS 0x0000000708000000, 0x0000000708000000| Untracked 
| 113|0x0000000708100000, 0x0000000708100000, 0x0000000708200000|  0%| F|  |TAMS 0x0000000708100000, 0x0000000708100000| Untracked 
| 114|0x0000000708200000, 0x0000000708200000, 0x0000000708300000|  0%| F|  |TAMS 0x0000000708200000, 0x0000000708200000| Untracked 
| 115|0x0000000708300000, 0x0000000708300000, 0x0000000708400000|  0%| F|  |TAMS 0x0000000708300000, 0x0000000708300000| Untracked 
| 116|0x0000000708400000, 0x0000000708400000, 0x0000000708500000|  0%| F|  |TAMS 0x0000000708400000, 0x0000000708400000| Untracked 
| 117|0x0000000708500000, 0x0000000708500000, 0x0000000708600000|  0%| F|  |TAMS 0x0000000708500000, 0x0000000708500000| Untracked 
| 118|0x0000000708600000, 0x0000000708600000, 0x0000000708700000|  0%| F|  |TAMS 0x0000000708600000, 0x0000000708600000| Untracked 
| 119|0x0000000708700000, 0x0000000708700000, 0x0000000708800000|  0%| F|  |TAMS 0x0000000708700000, 0x0000000708700000| Untracked 
| 120|0x0000000708800000, 0x0000000708800000, 0x0000000708900000|  0%| F|  |TAMS 0x0000000708800000, 0x0000000708800000| Untracked 
| 121|0x0000000708900000, 0x0000000708900000, 0x0000000708a00000|  0%| F|  |TAMS 0x0000000708900000, 0x0000000708900000| Untracked 
| 122|0x0000000708a00000, 0x0000000708a00000, 0x0000000708b00000|  0%| F|  |TAMS 0x0000000708a00000, 0x0000000708a00000| Untracked 
| 123|0x0000000708b00000, 0x0000000708b00000, 0x0000000708c00000|  0%| F|  |TAMS 0x0000000708b00000, 0x0000000708b00000| Untracked 
| 124|0x0000000708c00000, 0x0000000708c00000, 0x0000000708d00000|  0%| F|  |TAMS 0x0000000708c00000, 0x0000000708c00000| Untracked 
| 125|0x0000000708d00000, 0x0000000708d00000, 0x0000000708e00000|  0%| F|  |TAMS 0x0000000708d00000, 0x0000000708d00000| Untracked 
| 126|0x0000000708e00000, 0x0000000708e00000, 0x0000000708f00000|  0%| F|  |TAMS 0x0000000708e00000, 0x0000000708e00000| Untracked 
| 127|0x0000000708f00000, 0x0000000708f00000, 0x0000000709000000|  0%| F|  |TAMS 0x0000000708f00000, 0x0000000708f00000| Untracked 
| 128|0x0000000709000000, 0x0000000709000000, 0x0000000709100000|  0%| F|  |TAMS 0x0000000709000000, 0x0000000709000000| Untracked 
| 129|0x0000000709100000, 0x0000000709100000, 0x0000000709200000|  0%| F|  |TAMS 0x0000000709100000, 0x0000000709100000| Untracked 
| 130|0x0000000709200000, 0x0000000709200000, 0x0000000709300000|  0%| F|  |TAMS 0x0000000709200000, 0x0000000709200000| Untracked 
| 131|0x0000000709300000, 0x0000000709300000, 0x0000000709400000|  0%| F|  |TAMS 0x0000000709300000, 0x0000000709300000| Untracked 
| 132|0x0000000709400000, 0x0000000709400000, 0x0000000709500000|  0%| F|  |TAMS 0x0000000709400000, 0x0000000709400000| Untracked 
| 133|0x0000000709500000, 0x0000000709500000, 0x0000000709600000|  0%| F|  |TAMS 0x0000000709500000, 0x0000000709500000| Untracked 
| 134|0x0000000709600000, 0x0000000709600000, 0x0000000709700000|  0%| F|  |TAMS 0x0000000709600000, 0x0000000709600000| Untracked 
| 135|0x0000000709700000, 0x0000000709700000, 0x0000000709800000|  0%| F|  |TAMS 0x0000000709700000, 0x0000000709700000| Untracked 
| 136|0x0000000709800000, 0x0000000709800000, 0x0000000709900000|  0%| F|  |TAMS 0x0000000709800000, 0x0000000709800000| Untracked 
| 137|0x0000000709900000, 0x0000000709900000, 0x0000000709a00000|  0%| F|  |TAMS 0x0000000709900000, 0x0000000709900000| Untracked 
| 138|0x0000000709a00000, 0x0000000709a00000, 0x0000000709b00000|  0%| F|  |TAMS 0x0000000709a00000, 0x0000000709a00000| Untracked 
| 139|0x0000000709b00000, 0x0000000709b00000, 0x0000000709c00000|  0%| F|  |TAMS 0x0000000709b00000, 0x0000000709b00000| Untracked 
| 140|0x0000000709c00000, 0x0000000709c00000, 0x0000000709d00000|  0%| F|  |TAMS 0x0000000709c00000, 0x0000000709c00000| Untracked 
| 141|0x0000000709d00000, 0x0000000709d00000, 0x0000000709e00000|  0%| F|  |TAMS 0x0000000709d00000, 0x0000000709d00000| Untracked 
| 142|0x0000000709e00000, 0x0000000709e00000, 0x0000000709f00000|  0%| F|  |TAMS 0x0000000709e00000, 0x0000000709e00000| Untracked 
| 143|0x0000000709f00000, 0x0000000709f00000, 0x000000070a000000|  0%| F|  |TAMS 0x0000000709f00000, 0x0000000709f00000| Untracked 
| 144|0x000000070a000000, 0x000000070a000000, 0x000000070a100000|  0%| F|  |TAMS 0x000000070a000000, 0x000000070a000000| Untracked 
| 145|0x000000070a100000, 0x000000070a100000, 0x000000070a200000|  0%| F|  |TAMS 0x000000070a100000, 0x000000070a100000| Untracked 
| 146|0x000000070a200000, 0x000000070a200000, 0x000000070a300000|  0%| F|  |TAMS 0x000000070a200000, 0x000000070a200000| Untracked 
| 147|0x000000070a300000, 0x000000070a300000, 0x000000070a400000|  0%| F|  |TAMS 0x000000070a300000, 0x000000070a300000| Untracked 
| 148|0x000000070a400000, 0x000000070a400000, 0x000000070a500000|  0%| F|  |TAMS 0x000000070a400000, 0x000000070a400000| Untracked 
| 149|0x000000070a500000, 0x000000070a500000, 0x000000070a600000|  0%| F|  |TAMS 0x000000070a500000, 0x000000070a500000| Untracked 
| 150|0x000000070a600000, 0x000000070a600000, 0x000000070a700000|  0%| F|  |TAMS 0x000000070a600000, 0x000000070a600000| Untracked 
| 151|0x000000070a700000, 0x000000070a700000, 0x000000070a800000|  0%| F|  |TAMS 0x000000070a700000, 0x000000070a700000| Untracked 
| 152|0x000000070a800000, 0x000000070a800000, 0x000000070a900000|  0%| F|  |TAMS 0x000000070a800000, 0x000000070a800000| Untracked 
| 153|0x000000070a900000, 0x000000070a900000, 0x000000070aa00000|  0%| F|  |TAMS 0x000000070a900000, 0x000000070a900000| Untracked 
| 154|0x000000070aa00000, 0x000000070aa00000, 0x000000070ab00000|  0%| F|  |TAMS 0x000000070aa00000, 0x000000070aa00000| Untracked 
| 155|0x000000070ab00000, 0x000000070ab00000, 0x000000070ac00000|  0%| F|  |TAMS 0x000000070ab00000, 0x000000070ab00000| Untracked 
| 156|0x000000070ac00000, 0x000000070ac00000, 0x000000070ad00000|  0%| F|  |TAMS 0x000000070ac00000, 0x000000070ac00000| Untracked 
| 157|0x000000070ad00000, 0x000000070ad00000, 0x000000070ae00000|  0%| F|  |TAMS 0x000000070ad00000, 0x000000070ad00000| Untracked 
| 158|0x000000070ae00000, 0x000000070ae00000, 0x000000070af00000|  0%| F|  |TAMS 0x000000070ae00000, 0x000000070ae00000| Untracked 
| 159|0x000000070af00000, 0x000000070af00000, 0x000000070b000000|  0%| F|  |TAMS 0x000000070af00000, 0x000000070af00000| Untracked 
| 160|0x000000070b000000, 0x000000070b000000, 0x000000070b100000|  0%| F|  |TAMS 0x000000070b000000, 0x000000070b000000| Untracked 
| 161|0x000000070b100000, 0x000000070b100000, 0x000000070b200000|  0%| F|  |TAMS 0x000000070b100000, 0x000000070b100000| Untracked 
| 162|0x000000070b200000, 0x000000070b200000, 0x000000070b300000|  0%| F|  |TAMS 0x000000070b200000, 0x000000070b200000| Untracked 
| 163|0x000000070b300000, 0x000000070b300000, 0x000000070b400000|  0%| F|  |TAMS 0x000000070b300000, 0x000000070b300000| Untracked 
| 164|0x000000070b400000, 0x000000070b400000, 0x000000070b500000|  0%| F|  |TAMS 0x000000070b400000, 0x000000070b400000| Untracked 
| 165|0x000000070b500000, 0x000000070b500000, 0x000000070b600000|  0%| F|  |TAMS 0x000000070b500000, 0x000000070b500000| Untracked 
| 166|0x000000070b600000, 0x000000070b600000, 0x000000070b700000|  0%| F|  |TAMS 0x000000070b600000, 0x000000070b600000| Untracked 
| 167|0x000000070b700000, 0x000000070b700000, 0x000000070b800000|  0%| F|  |TAMS 0x000000070b700000, 0x000000070b700000| Untracked 
| 168|0x000000070b800000, 0x000000070b800000, 0x000000070b900000|  0%| F|  |TAMS 0x000000070b800000, 0x000000070b800000| Untracked 
| 169|0x000000070b900000, 0x000000070b900000, 0x000000070ba00000|  0%| F|  |TAMS 0x000000070b900000, 0x000000070b900000| Untracked 
| 170|0x000000070ba00000, 0x000000070ba00000, 0x000000070bb00000|  0%| F|  |TAMS 0x000000070ba00000, 0x000000070ba00000| Untracked 
| 171|0x000000070bb00000, 0x000000070bb00000, 0x000000070bc00000|  0%| F|  |TAMS 0x000000070bb00000, 0x000000070bb00000| Untracked 
| 172|0x000000070bc00000, 0x000000070bc00000, 0x000000070bd00000|  0%| F|  |TAMS 0x000000070bc00000, 0x000000070bc00000| Untracked 
| 173|0x000000070bd00000, 0x000000070bd00000, 0x000000070be00000|  0%| F|  |TAMS 0x000000070bd00000, 0x000000070bd00000| Untracked 
| 174|0x000000070be00000, 0x000000070be00000, 0x000000070bf00000|  0%| F|  |TAMS 0x000000070be00000, 0x000000070be00000| Untracked 
| 175|0x000000070bf00000, 0x000000070bf00000, 0x000000070c000000|  0%| F|  |TAMS 0x000000070bf00000, 0x000000070bf00000| Untracked 
| 176|0x000000070c000000, 0x000000070c000000, 0x000000070c100000|  0%| F|  |TAMS 0x000000070c000000, 0x000000070c000000| Untracked 
| 177|0x000000070c100000, 0x000000070c100000, 0x000000070c200000|  0%| F|  |TAMS 0x000000070c100000, 0x000000070c100000| Untracked 
| 178|0x000000070c200000, 0x000000070c200000, 0x000000070c300000|  0%| F|  |TAMS 0x000000070c200000, 0x000000070c200000| Untracked 
| 179|0x000000070c300000, 0x000000070c300000, 0x000000070c400000|  0%| F|  |TAMS 0x000000070c300000, 0x000000070c300000| Untracked 
| 180|0x000000070c400000, 0x000000070c400000, 0x000000070c500000|  0%| F|  |TAMS 0x000000070c400000, 0x000000070c400000| Untracked 
| 181|0x000000070c500000, 0x000000070c500000, 0x000000070c600000|  0%| F|  |TAMS 0x000000070c500000, 0x000000070c500000| Untracked 
| 182|0x000000070c600000, 0x000000070c600000, 0x000000070c700000|  0%| F|  |TAMS 0x000000070c600000, 0x000000070c600000| Untracked 
| 183|0x000000070c700000, 0x000000070c700000, 0x000000070c800000|  0%| F|  |TAMS 0x000000070c700000, 0x000000070c700000| Untracked 
| 184|0x000000070c800000, 0x000000070c800000, 0x000000070c900000|  0%| F|  |TAMS 0x000000070c800000, 0x000000070c800000| Untracked 
| 185|0x000000070c900000, 0x000000070c900000, 0x000000070ca00000|  0%| F|  |TAMS 0x000000070c900000, 0x000000070c900000| Untracked 
| 186|0x000000070ca00000, 0x000000070ca00000, 0x000000070cb00000|  0%| F|  |TAMS 0x000000070ca00000, 0x000000070ca00000| Untracked 
| 187|0x000000070cb00000, 0x000000070cb00000, 0x000000070cc00000|  0%| F|  |TAMS 0x000000070cb00000, 0x000000070cb00000| Untracked 
| 188|0x000000070cc00000, 0x000000070cc00000, 0x000000070cd00000|  0%| F|  |TAMS 0x000000070cc00000, 0x000000070cc00000| Untracked 
| 189|0x000000070cd00000, 0x000000070cd00000, 0x000000070ce00000|  0%| F|  |TAMS 0x000000070cd00000, 0x000000070cd00000| Untracked 
| 190|0x000000070ce00000, 0x000000070ce00000, 0x000000070cf00000|  0%| F|  |TAMS 0x000000070ce00000, 0x000000070ce00000| Untracked 
| 191|0x000000070cf00000, 0x000000070cf00000, 0x000000070d000000|  0%| F|  |TAMS 0x000000070cf00000, 0x000000070cf00000| Untracked 
| 192|0x000000070d000000, 0x000000070d000000, 0x000000070d100000|  0%| F|  |TAMS 0x000000070d000000, 0x000000070d000000| Untracked 
| 193|0x000000070d100000, 0x000000070d100000, 0x000000070d200000|  0%| F|  |TAMS 0x000000070d100000, 0x000000070d100000| Untracked 
| 194|0x000000070d200000, 0x000000070d200000, 0x000000070d300000|  0%| F|  |TAMS 0x000000070d200000, 0x000000070d200000| Untracked 
| 195|0x000000070d300000, 0x000000070d300000, 0x000000070d400000|  0%| F|  |TAMS 0x000000070d300000, 0x000000070d300000| Untracked 
| 196|0x000000070d400000, 0x000000070d400000, 0x000000070d500000|  0%| F|  |TAMS 0x000000070d400000, 0x000000070d400000| Untracked 
| 197|0x000000070d500000, 0x000000070d500000, 0x000000070d600000|  0%| F|  |TAMS 0x000000070d500000, 0x000000070d500000| Untracked 
| 198|0x000000070d600000, 0x000000070d600000, 0x000000070d700000|  0%| F|  |TAMS 0x000000070d600000, 0x000000070d600000| Untracked 
| 199|0x000000070d700000, 0x000000070d700000, 0x000000070d800000|  0%| F|  |TAMS 0x000000070d700000, 0x000000070d700000| Untracked 
| 200|0x000000070d800000, 0x000000070d800000, 0x000000070d900000|  0%| F|  |TAMS 0x000000070d800000, 0x000000070d800000| Untracked 
| 201|0x000000070d900000, 0x000000070d900000, 0x000000070da00000|  0%| F|  |TAMS 0x000000070d900000, 0x000000070d900000| Untracked 
| 202|0x000000070da00000, 0x000000070da00000, 0x000000070db00000|  0%| F|  |TAMS 0x000000070da00000, 0x000000070da00000| Untracked 
| 203|0x000000070db00000, 0x000000070db00000, 0x000000070dc00000|  0%| F|  |TAMS 0x000000070db00000, 0x000000070db00000| Untracked 
| 204|0x000000070dc00000, 0x000000070dc00000, 0x000000070dd00000|  0%| F|  |TAMS 0x000000070dc00000, 0x000000070dc00000| Untracked 
| 205|0x000000070dd00000, 0x000000070dd00000, 0x000000070de00000|  0%| F|  |TAMS 0x000000070dd00000, 0x000000070dd00000| Untracked 
| 206|0x000000070de00000, 0x000000070de00000, 0x000000070df00000|  0%| F|  |TAMS 0x000000070de00000, 0x000000070de00000| Untracked 
| 207|0x000000070df00000, 0x000000070df00000, 0x000000070e000000|  0%| F|  |TAMS 0x000000070df00000, 0x000000070df00000| Untracked 
| 208|0x000000070e000000, 0x000000070e000000, 0x000000070e100000|  0%| F|  |TAMS 0x000000070e000000, 0x000000070e000000| Untracked 
| 209|0x000000070e100000, 0x000000070e100000, 0x000000070e200000|  0%| F|  |TAMS 0x000000070e100000, 0x000000070e100000| Untracked 
| 210|0x000000070e200000, 0x000000070e200000, 0x000000070e300000|  0%| F|  |TAMS 0x000000070e200000, 0x000000070e200000| Untracked 
| 211|0x000000070e300000, 0x000000070e300000, 0x000000070e400000|  0%| F|  |TAMS 0x000000070e300000, 0x000000070e300000| Untracked 
| 212|0x000000070e400000, 0x000000070e400000, 0x000000070e500000|  0%| F|  |TAMS 0x000000070e400000, 0x000000070e400000| Untracked 
| 213|0x000000070e500000, 0x000000070e500000, 0x000000070e600000|  0%| F|  |TAMS 0x000000070e500000, 0x000000070e500000| Untracked 
| 214|0x000000070e600000, 0x000000070e600000, 0x000000070e700000|  0%| F|  |TAMS 0x000000070e600000, 0x000000070e600000| Untracked 
| 215|0x000000070e700000, 0x000000070e700000, 0x000000070e800000|  0%| F|  |TAMS 0x000000070e700000, 0x000000070e700000| Untracked 
| 216|0x000000070e800000, 0x000000070e800000, 0x000000070e900000|  0%| F|  |TAMS 0x000000070e800000, 0x000000070e800000| Untracked 
| 217|0x000000070e900000, 0x000000070e900000, 0x000000070ea00000|  0%| F|  |TAMS 0x000000070e900000, 0x000000070e900000| Untracked 
| 218|0x000000070ea00000, 0x000000070ea00000, 0x000000070eb00000|  0%| F|  |TAMS 0x000000070ea00000, 0x000000070ea00000| Untracked 
| 219|0x000000070eb00000, 0x000000070eb00000, 0x000000070ec00000|  0%| F|  |TAMS 0x000000070eb00000, 0x000000070eb00000| Untracked 
| 220|0x000000070ec00000, 0x000000070ec00000, 0x000000070ed00000|  0%| F|  |TAMS 0x000000070ec00000, 0x000000070ec00000| Untracked 
| 221|0x000000070ed00000, 0x000000070ed00000, 0x000000070ee00000|  0%| F|  |TAMS 0x000000070ed00000, 0x000000070ed00000| Untracked 
| 222|0x000000070ee00000, 0x000000070ee00000, 0x000000070ef00000|  0%| F|  |TAMS 0x000000070ee00000, 0x000000070ee00000| Untracked 
| 223|0x000000070ef00000, 0x000000070ef00000, 0x000000070f000000|  0%| F|  |TAMS 0x000000070ef00000, 0x000000070ef00000| Untracked 
| 224|0x000000070f000000, 0x000000070f000000, 0x000000070f100000|  0%| F|  |TAMS 0x000000070f000000, 0x000000070f000000| Untracked 
| 225|0x000000070f100000, 0x000000070f100000, 0x000000070f200000|  0%| F|  |TAMS 0x000000070f100000, 0x000000070f100000| Untracked 
| 226|0x000000070f200000, 0x000000070f200000, 0x000000070f300000|  0%| F|  |TAMS 0x000000070f200000, 0x000000070f200000| Untracked 
| 227|0x000000070f300000, 0x000000070f300000, 0x000000070f400000|  0%| F|  |TAMS 0x000000070f300000, 0x000000070f300000| Untracked 
| 228|0x000000070f400000, 0x000000070f400000, 0x000000070f500000|  0%| F|  |TAMS 0x000000070f400000, 0x000000070f400000| Untracked 
| 229|0x000000070f500000, 0x000000070f500000, 0x000000070f600000|  0%| F|  |TAMS 0x000000070f500000, 0x000000070f500000| Untracked 
| 230|0x000000070f600000, 0x000000070f600000, 0x000000070f700000|  0%| F|  |TAMS 0x000000070f600000, 0x000000070f600000| Untracked 
| 231|0x000000070f700000, 0x000000070f700000, 0x000000070f800000|  0%| F|  |TAMS 0x000000070f700000, 0x000000070f700000| Untracked 
| 232|0x000000070f800000, 0x000000070f800000, 0x000000070f900000|  0%| F|  |TAMS 0x000000070f800000, 0x000000070f800000| Untracked 
| 233|0x000000070f900000, 0x000000070f900000, 0x000000070fa00000|  0%| F|  |TAMS 0x000000070f900000, 0x000000070f900000| Untracked 
| 234|0x000000070fa00000, 0x000000070fa00000, 0x000000070fb00000|  0%| F|  |TAMS 0x000000070fa00000, 0x000000070fa00000| Untracked 
| 235|0x000000070fb00000, 0x000000070fb00000, 0x000000070fc00000|  0%| F|  |TAMS 0x000000070fb00000, 0x000000070fb00000| Untracked 
| 236|0x000000070fc00000, 0x000000070fc00000, 0x000000070fd00000|  0%| F|  |TAMS 0x000000070fc00000, 0x000000070fc00000| Untracked 
| 237|0x000000070fd00000, 0x000000070fd00000, 0x000000070fe00000|  0%| F|  |TAMS 0x000000070fd00000, 0x000000070fd00000| Untracked 
| 238|0x000000070fe00000, 0x000000070fe00000, 0x000000070ff00000|  0%| F|  |TAMS 0x000000070fe00000, 0x000000070fe00000| Untracked 
| 239|0x000000070ff00000, 0x000000070ff00000, 0x0000000710000000|  0%| F|  |TAMS 0x000000070ff00000, 0x000000070ff00000| Untracked 
| 240|0x0000000710000000, 0x0000000710000000, 0x0000000710100000|  0%| F|  |TAMS 0x0000000710000000, 0x0000000710000000| Untracked 
| 241|0x0000000710100000, 0x0000000710100000, 0x0000000710200000|  0%| F|  |TAMS 0x0000000710100000, 0x0000000710100000| Untracked 
| 242|0x0000000710200000, 0x0000000710200000, 0x0000000710300000|  0%| F|  |TAMS 0x0000000710200000, 0x0000000710200000| Untracked 
| 243|0x0000000710300000, 0x0000000710300000, 0x0000000710400000|  0%| F|  |TAMS 0x0000000710300000, 0x0000000710300000| Untracked 
| 244|0x0000000710400000, 0x0000000710400000, 0x0000000710500000|  0%| F|  |TAMS 0x0000000710400000, 0x0000000710400000| Untracked 
| 245|0x0000000710500000, 0x0000000710500000, 0x0000000710600000|  0%| F|  |TAMS 0x0000000710500000, 0x0000000710500000| Untracked 
| 246|0x0000000710600000, 0x0000000710600000, 0x0000000710700000|  0%| F|  |TAMS 0x0000000710600000, 0x0000000710600000| Untracked 
| 247|0x0000000710700000, 0x0000000710700000, 0x0000000710800000|  0%| F|  |TAMS 0x0000000710700000, 0x0000000710700000| Untracked 
| 248|0x0000000710800000, 0x0000000710800000, 0x0000000710900000|  0%| F|  |TAMS 0x0000000710800000, 0x0000000710800000| Untracked 
| 249|0x0000000710900000, 0x00000007109e1d60, 0x0000000710a00000| 88%| E|  |TAMS 0x0000000710900000, 0x0000000710900000| Complete 
| 250|0x0000000710a00000, 0x0000000710b00000, 0x0000000710b00000|100%| E|CS|TAMS 0x0000000710a00000, 0x0000000710a00000| Complete 
| 251|0x0000000710b00000, 0x0000000710c00000, 0x0000000710c00000|100%| E|CS|TAMS 0x0000000710b00000, 0x0000000710b00000| Complete 
| 252|0x0000000710c00000, 0x0000000710d00000, 0x0000000710d00000|100%| E|CS|TAMS 0x0000000710c00000, 0x0000000710c00000| Complete 
| 253|0x0000000710d00000, 0x0000000710e00000, 0x0000000710e00000|100%| E|CS|TAMS 0x0000000710d00000, 0x0000000710d00000| Complete 
| 254|0x0000000710e00000, 0x0000000710f00000, 0x0000000710f00000|100%| E|CS|TAMS 0x0000000710e00000, 0x0000000710e00000| Complete 
| 255|0x0000000710f00000, 0x0000000711000000, 0x0000000711000000|100%| E|CS|TAMS 0x0000000710f00000, 0x0000000710f00000| Complete 

Card table byte_map: [0x0000026770800000,0x0000026771000000] _byte_map_base: 0x000002676cff8000

Marking Bits (Prev, Next): (CMBitMap*) 0x00000267581aac08, (CMBitMap*) 0x00000267581aac40
 Prev Bits: [0x0000026771800000, 0x00000267757c0000)
 Next Bits: [0x00000267757c0000, 0x0000026779780000)

Polling page: 0x00000267568b0000

Metaspace:

Usage:
  Non-class:      9.13 MB capacity,     8.99 MB ( 98%) used,   122.45 KB (  1%) free+waste,    25.19 KB ( <1%) overhead. 
      Class:      1.09 MB capacity,  1016.27 KB ( 91%) used,    88.11 KB (  8%) free+waste,    12.63 KB (  1%) overhead. 
       Both:     10.22 MB capacity,     9.98 MB ( 98%) used,   210.56 KB (  2%) free+waste,    37.81 KB ( <1%) overhead. 

Virtual space:
  Non-class space:       10.00 MB reserved,       9.25 MB ( 93%) committed 
      Class space:        1.00 GB reserved,       1.13 MB ( <1%) committed 
             Both:        1.01 GB reserved,      10.38 MB (  1%) committed 

Chunk freelists:
   Non-Class:  56.00 KB
       Class:  0 bytes
        Both:  56.00 KB

MaxMetaspaceSize: 17179869184.00 GB
CompressedClassSpaceSize: 1.00 GB

CodeHeap 'non-profiled nmethods': size=120064Kb used=206Kb max_used=206Kb free=119857Kb
 bounds [0x0000026768280000, 0x00000267684f0000, 0x000002676f7c0000]
CodeHeap 'profiled nmethods': size=120000Kb used=1009Kb max_used=1009Kb free=118990Kb
 bounds [0x0000026760d50000, 0x0000026760fc0000, 0x0000026768280000]
CodeHeap 'non-nmethods': size=5696Kb used=1150Kb max_used=1171Kb free=4545Kb
 bounds [0x00000267607c0000, 0x0000026760a30000, 0x0000026760d50000]
 total_blobs=1487 nmethods=623 adapters=385
 compilation: enabled
              stopped_count=0, restarted_count=0
 full_count=0

Compilation events (20 events):
Event: 0.462 Thread 0x000002677c9e2800  605       3       java.lang.invoke.DirectMethodHandle::make (21 bytes)
Event: 0.462 Thread 0x000002677c9e2800 nmethod 605 0x0000026760e46690 code [0x0000026760e46860, 0x0000026760e46ab0]
Event: 0.462 Thread 0x000002677c9e2800  607       3       java.lang.invoke.ClassSpecializer::classBCName (33 bytes)
Event: 0.462 Thread 0x000002677c9e2800 nmethod 607 0x0000026760e46b90 code [0x0000026760e46d40, 0x0000026760e46ed0]
Event: 0.462 Thread 0x000002677c9e2800  608       3       java.lang.invoke.ClassSpecializer::className (33 bytes)
Event: 0.462 Thread 0x000002677c9e2800 nmethod 608 0x0000026760e46f90 code [0x0000026760e47160, 0x0000026760e473b0]
Event: 0.462 Thread 0x000002677c9e2800  609       3       java.lang.invoke.ClassSpecializer::classSig (94 bytes)
Event: 0.462 Thread 0x000002677c9e2800 nmethod 609 0x0000026760e47490 code [0x0000026760e47700, 0x0000026760e47fa0]
Event: 0.462 Thread 0x000002677c9e2800  612       3       jdk.internal.org.objectweb.asm.MethodWriter::noSuccessor (95 bytes)
Event: 0.462 Thread 0x000002677c9e2800 nmethod 612 0x0000026760e48290 code [0x0000026760e484a0, 0x0000026760e48b70]
Event: 0.462 Thread 0x000002677c9e2800  613       3       java.lang.invoke.MethodHandles$Lookup::restrictProtectedReceiver (51 bytes)
Event: 0.463 Thread 0x000002677c9e2800 nmethod 613 0x0000026760e48d90 code [0x0000026760e49040, 0x0000026760e49c30]
Event: 0.463 Thread 0x000002677c9e2800  614       3       java.lang.invoke.MemberName::isProtected (8 bytes)
Event: 0.463 Thread 0x000002677c9e2800 nmethod 614 0x0000026760e49f90 code [0x0000026760e4a140, 0x0000026760e4a358]
Event: 0.463 Thread 0x000002677c9e2800  617       3       jdk.internal.org.objectweb.asm.MethodWriter::visitLabel (321 bytes)
Event: 0.464 Thread 0x000002677c9e2800 nmethod 617 0x0000026760e4a410 code [0x0000026760e4a680, 0x0000026760e4b3d0]
Event: 0.464 Thread 0x000002677c9e2800  615       3       java.lang.invoke.DirectMethodHandle::afIndex (20 bytes)
Event: 0.464 Thread 0x000002677c9e2800 nmethod 615 0x0000026760e4b690 code [0x0000026760e4b840, 0x0000026760e4b9f8]
Event: 0.464 Thread 0x000002677c9e2800  620   !   3       java.lang.invoke.ClassSpecializer$Factory::findGetter (41 bytes)
Event: 0.464 Thread 0x000002677c9e2800 nmethod 620 0x0000026760e4ba90 code [0x0000026760e4bcc0, 0x0000026760e4c370]

GC Heap History (0 events):
No events

Deoptimization events (4 events):
Event: 0.060 Thread 0x0000026758149800 Uncommon trap: trap_request=0xffffff4d fr.pc=0x0000026768284b1c relative=0x00000000000001fc
Event: 0.061 Thread 0x0000026758149800 Uncommon trap: reason=unstable_if action=reinterpret pc=0x0000026768284b1c method=java.lang.String.hashCode()I @ 14 c2
Event: 0.061 Thread 0x0000026758149800 DEOPT PACKING pc=0x0000026768284b1c sp=0x000000f015efd790
Event: 0.061 Thread 0x0000026758149800 DEOPT UNPACKING pc=0x00000267607e91af sp=0x000000f015efd728 mode 2

Classes redefined (0 events):
No events

Internal exceptions (18 events):
Event: 0.096 Thread 0x0000026758149800 Exception <a 'java/lang/ClassNotFoundException'{0x0000000710e5c980}: sun/awt/resources/spi/awtProvider> (0x0000000710e5c980) thrown at [./src/hotspot/share/classfile/systemDictionary.cpp, line 231]
Event: 0.160 Thread 0x0000026758149800 Exception <a 'java/io/FileNotFoundException'{0x0000000710ef6200}> (0x0000000710ef6200) thrown at [./src/hotspot/share/prims/jni.cpp, line 615]
Event: 0.168 Thread 0x0000026758149800 Exception <a 'java/lang/NoSuchMethodError'{0x0000000710d51630}: 'java.lang.Object java.lang.invoke.DirectMethodHandle$Holder.invokeStatic(java.lang.Object, java.lang.Object, java.lang.Object, java.lang.Object, java.lang.Object, java.lang.Object, java.lang.Object, java.lang.Object, java.lang.Object, java.lang.Object, java.lang.Object, java.lang.Object, java.lang.Object, java.lang.Object, java.lang.Object)'> (0x0000000710d51630) thrown at [./src/hotspot/share/interpreter/linkResolver.cpp, line 773]
Event: 0.169 Thread 0x0000026758149800 Exception <a 'java/lang/NoSuchMethodError'{0x0000000710d5f8e0}: 'java.lang.Object java.lang.invoke.DirectMethodHandle$Holder.invokeStatic(java.lang.Object, java.lang.Object, java.lang.Object, java.lang.Object, java.lang.Object, java.lang.Object, java.lang.Object, java.lang.Object, java.lang.Object, java.lang.Object, java.lang.Object, java.lang.Object, java.lang.Object, java.lang.Object, java.lang.Object, java.lang.Object)'> (0x0000000710d5f8e0) thrown at [./src/hotspot/share/interpreter/linkResolver.cpp, l
Event: 0.170 Thread 0x0000026758149800 Exception <a 'java/lang/NoSuchMethodError'{0x0000000710d6d550}: 'java.lang.Object java.lang.invoke.DirectMethodHandle$Holder.invokeSpecial(java.lang.Object, java.lang.Object, int, int, java.lang.Object, java.lang.Object, java.lang.Object)'> (0x0000000710d6d550) thrown at [./src/hotspot/share/interpreter/linkResolver.cpp, line 773]
Event: 0.171 Thread 0x0000026758149800 Exception <a 'java/lang/NoSuchMethodError'{0x0000000710d70ae0}: 'java.lang.Object java.lang.invoke.DelegatingMethodHandle$Holder.reinvoke_L(java.lang.Object, int, int, java.lang.Object, java.lang.Object, java.lang.Object)'> (0x0000000710d70ae0) thrown at [./src/hotspot/share/interpreter/linkResolver.cpp, line 773]
Event: 0.171 Thread 0x0000026758149800 Exception <a 'java/lang/NoSuchMethodError'{0x0000000710d74e28}: 'java.lang.Object java.lang.invoke.DirectMethodHandle$Holder.invokeStatic(java.lang.Object, java.lang.Object, java.lang.Object, java.lang.Object, int)'> (0x0000000710d74e28) thrown at [./src/hotspot/share/interpreter/linkResolver.cpp, line 773]
Event: 0.177 Thread 0x0000026758149800 Exception <a 'java/io/FileNotFoundException'{0x0000000710dd77d8}> (0x0000000710dd77d8) thrown at [./src/hotspot/share/prims/jni.cpp, line 615]
Event: 0.252 Thread 0x000002677cf01000 Exception <a 'java/lang/NoSuchMethodError'{0x0000000710c763c8}: 'void java.lang.invoke.DirectMethodHandle$Holder.invokeSpecial(java.lang.Object, java.lang.Object)'> (0x0000000710c763c8) thrown at [./src/hotspot/share/interpreter/linkResolver.cpp, line 773]
Event: 0.255 Thread 0x0000026758149800 Exception <a 'java/lang/NoSuchMethodError'{0x0000000710cfa430}: 'java.lang.Object java.lang.invoke.DirectMethodHandle$Holder.invokeStatic(java.lang.Object, java.lang.Object, java.lang.Object, java.lang.Object, java.lang.Object, java.lang.Object, java.lang.Object, java.lang.Object, int)'> (0x0000000710cfa430) thrown at [./src/hotspot/share/interpreter/linkResolver.cpp, line 773]
Event: 0.256 Thread 0x0000026758149800 Exception <a 'java/lang/NoSuchMethodError'{0x0000000710b149c0}: 'java.lang.Object java.lang.invoke.DirectMethodHandle$Holder.invokeStatic(java.lang.Object, java.lang.Object, java.lang.Object, java.lang.Object, java.lang.Object, java.lang.Object, java.lang.Object, java.lang.Object, int, int)'> (0x0000000710b149c0) thrown at [./src/hotspot/share/interpreter/linkResolver.cpp, line 773]
Event: 0.376 Thread 0x0000026758149800 Exception <a 'java/lang/NoSuchMethodError'{0x0000000710b9dfe0}: 'void java.lang.invoke.DirectMethodHandle$Holder.invokeStaticInit(java.lang.Object)'> (0x0000000710b9dfe0) thrown at [./src/hotspot/share/interpreter/linkResolver.cpp, line 773]
Event: 0.428 Thread 0x0000026758149800 Exception <a 'java/io/FileNotFoundException'{0x0000000710bad128}> (0x0000000710bad128) thrown at [./src/hotspot/share/prims/jni.cpp, line 615]
Event: 0.428 Thread 0x0000026758149800 Exception <a 'java/lang/NullPointerException'{0x0000000710bada18}> (0x0000000710bada18) thrown at [./src/hotspot/share/interpreter/linkResolver.cpp, line 1358]
Event: 0.461 Thread 0x0000026758149800 Exception <a 'java/lang/NoSuchMethodError'{0x0000000710952ae0}: 'java.lang.Object java.lang.invoke.DirectMethodHandle$Holder.invokeStatic(java.lang.Object, java.lang.Object, java.lang.Object, java.lang.Object, java.lang.Object, java.lang.Object, java.lang.Object, java.lang.Object, java.lang.Object, java.lang.Object, java.lang.Object, int)'> (0x0000000710952ae0) thrown at [./src/hotspot/share/interpreter/linkResolver.cpp, line 773]
Event: 0.462 Thread 0x0000026758149800 Exception <a 'java/lang/NoSuchMethodError'{0x0000000710970fa0}: 'java.lang.Object java.lang.invoke.DirectMethodHandle$Holder.invokeStatic(java.lang.Object, java.lang.Object, java.lang.Object, java.lang.Object, java.lang.Object, java.lang.Object, java.lang.Object, java.lang.Object, java.lang.Object, java.lang.Object, java.lang.Object, int, int)'> (0x0000000710970fa0) thrown at [./src/hotspot/share/interpreter/linkResolver.cpp, line 773]
Event: 0.464 Thread 0x0000026758149800 Exception <a 'java/lang/NoSuchMethodError'{0x00000007109901f0}: 'java.lang.Object java.lang.invoke.DirectMethodHandle$Holder.invokeStatic(java.lang.Object, java.lang.Object, java.lang.Object, java.lang.Object, java.lang.Object, java.lang.Object, java.lang.Object, java.lang.Object, java.lang.Object, java.lang.Object, java.lang.Object, int, int, java.lang.Object)'> (0x00000007109901f0) thrown at [./src/hotspot/share/interpreter/linkResolver.cpp, line 773]
Event: 0.464 Thread 0x0000026758149800 Exception <a 'java/lang/NoSuchMethodError'{0x000000071099c1a0}: 'java.lang.Object java.lang.invoke.Invokers$Holder.linkToTargetMethod(java.lang.Object, int, java.lang.Object)'> (0x000000071099c1a0) thrown at [./src/hotspot/share/interpreter/linkResolver.cpp, line 773]

Events (20 events):
Event: 0.457 loading class sun/awt/AWTCharset$Encoder done
Event: 0.457 loading class sun/awt/windows/WDefaultFontCharset$Encoder done
Event: 0.457 loading class sun/nio/cs/SingleByte$Encoder
Event: 0.457 loading class sun/nio/cs/SingleByte$Encoder done
Event: 0.458 loading class java/io/ByteArrayOutputStream
Event: 0.458 loading class java/io/ByteArrayOutputStream done
Event: 0.458 loading class sun/awt/windows/WingDings
Event: 0.458 loading class sun/awt/windows/WingDings done
Event: 0.458 loading class sun/awt/windows/WingDings$Encoder
Event: 0.458 loading class sun/awt/windows/WingDings$Encoder done
Event: 0.458 loading class sun/awt/Symbol
Event: 0.459 loading class sun/awt/Symbol done
Event: 0.459 loading class sun/awt/Symbol$Encoder
Event: 0.459 loading class sun/awt/Symbol$Encoder done
Event: 0.460 loading class java/lang/invoke/BoundMethodHandle$Species_LLLLLLLLI
Event: 0.460 loading class java/lang/invoke/BoundMethodHandle$Species_LLLLLLLLI done
Event: 0.462 loading class java/lang/invoke/BoundMethodHandle$Species_LLLLLLLLII
Event: 0.462 loading class java/lang/invoke/BoundMethodHandle$Species_LLLLLLLLII done
Event: 0.463 loading class java/lang/invoke/BoundMethodHandle$Species_LLLLLLLLIIL
Event: 0.463 loading class java/lang/invoke/BoundMethodHandle$Species_LLLLLLLLIIL done


Dynamic libraries:
0x00007ff6c7020000 - 0x00007ff6c702d000 	C:\Users\tansa\Desktop\pleiades\java\11\bin\javaw.exe
0x00007fffb00d0000 - 0x00007fffb02c5000 	C:\Windows\SYSTEM32\ntdll.dll
0x00007fffae3f0000 - 0x00007fffae4ad000 	C:\Windows\System32\KERNEL32.DLL
0x00007fffada60000 - 0x00007fffadd27000 	C:\Windows\System32\KERNELBASE.dll
0x00007fffad810000 - 0x00007fffad910000 	C:\Windows\System32\ucrtbase.dll
0x00007fff97510000 - 0x00007fff97527000 	C:\Users\tansa\Desktop\pleiades\java\11\bin\jli.dll
0x00007fff96e90000 - 0x00007fff96ea5000 	C:\Users\tansa\Desktop\pleiades\java\11\bin\VCRUNTIME140.dll
0x00007fffae130000 - 0x00007fffae2d0000 	C:\Windows\System32\USER32.dll
0x00007fffae0b0000 - 0x00007fffae0d2000 	C:\Windows\System32\win32u.dll
0x00007fff994c0000 - 0x00007fff9975b000 	C:\Windows\WinSxS\amd64_microsoft.windows.common-controls_6595b64144ccf1df_6.0.19041.488_none_ca04af081b815d21\COMCTL32.dll
0x00007fffaf090000 - 0x00007fffaf0ba000 	C:\Windows\System32\GDI32.dll
0x00007fffae5b0000 - 0x00007fffae64e000 	C:\Windows\System32\msvcrt.dll
0x00007fffadd30000 - 0x00007fffade39000 	C:\Windows\System32\gdi32full.dll
0x00007fffad910000 - 0x00007fffad9ad000 	C:\Windows\System32\msvcp_win.dll
0x00007fffaf1a0000 - 0x00007fffaf1d0000 	C:\Windows\System32\IMM32.DLL
0x00007fff6dea0000 - 0x00007fff6df3b000 	C:\Users\tansa\Desktop\pleiades\java\11\bin\msvcp140.dll
0x00007fff46a50000 - 0x00007fff4750c000 	C:\Users\tansa\Desktop\pleiades\java\11\bin\server\jvm.dll
0x00007fffae700000 - 0x00007fffae7aa000 	C:\Windows\System32\ADVAPI32.dll
0x00007fffae4b0000 - 0x00007fffae54b000 	C:\Windows\System32\sechost.dll
0x00007fffaef60000 - 0x00007fffaf084000 	C:\Windows\System32\RPCRT4.dll
0x00007fffaf1f0000 - 0x00007fffaf1f8000 	C:\Windows\System32\PSAPI.DLL
0x00007fffa1f10000 - 0x00007fffa1f37000 	C:\Windows\SYSTEM32\WINMM.dll
0x00007fff9b430000 - 0x00007fff9b439000 	C:\Windows\SYSTEM32\WSOCK32.dll
0x00007fffa7f60000 - 0x00007fffa7f6a000 	C:\Windows\SYSTEM32\VERSION.dll
0x00007fffb0020000 - 0x00007fffb008b000 	C:\Windows\System32\WS2_32.dll
0x00007fffab790000 - 0x00007fffab7a3000 	C:\Windows\SYSTEM32\kernel.appcore.dll
0x00007fffa1ba0000 - 0x00007fffa1bb0000 	C:\Users\tansa\Desktop\pleiades\java\11\bin\verify.dll
0x00007fffa61b0000 - 0x00007fffa6394000 	C:\Windows\SYSTEM32\DBGHELP.DLL
0x00007fffa5c90000 - 0x00007fffa5cbc000 	C:\Windows\SYSTEM32\dbgcore.DLL
0x00007fffade40000 - 0x00007fffadebf000 	C:\Windows\System32\bcryptPrimitives.dll
0x00007fff96d30000 - 0x00007fff96d58000 	C:\Users\tansa\Desktop\pleiades\java\11\bin\java.dll
0x00007fff96e70000 - 0x00007fff96e86000 	C:\Users\tansa\Desktop\pleiades\java\11\bin\zip.dll
0x00007fff9ae90000 - 0x00007fff9ae9a000 	C:\Users\tansa\Desktop\pleiades\java\11\bin\jimage.dll
0x00007fffae810000 - 0x00007fffaef51000 	C:\Windows\System32\SHELL32.dll
0x00007fffab990000 - 0x00007fffac123000 	C:\Windows\SYSTEM32\windows.storage.dll
0x00007fffaf850000 - 0x00007fffafba5000 	C:\Windows\System32\combase.dll
0x00007fffad210000 - 0x00007fffad23c000 	C:\Windows\SYSTEM32\Wldp.dll
0x00007fffaf200000 - 0x00007fffaf2ae000 	C:\Windows\System32\SHCORE.dll
0x00007fffae550000 - 0x00007fffae5a5000 	C:\Windows\System32\shlwapi.dll
0x00007fffad740000 - 0x00007fffad766000 	C:\Windows\SYSTEM32\profapi.dll
0x00007fff5d370000 - 0x00007fff5d509000 	C:\Users\tansa\Desktop\pleiades\java\11\bin\awt.dll
0x00007fffafce0000 - 0x00007fffafdad000 	C:\Windows\System32\OLEAUT32.dll
0x00007fffab100000 - 0x00007fffab190000 	C:\Windows\SYSTEM32\apphelp.dll
0x00007fffab5b0000 - 0x00007fffab5df000 	C:\Windows\system32\DWMAPI.DLL
0x00007fffab2d0000 - 0x00007fffab36f000 	C:\Windows\system32\uxtheme.dll
0x00007fff84e60000 - 0x00007fff84f85000 	C:\Windows\system32\opengl32.dll
0x00007fffa7760000 - 0x00007fffa778c000 	C:\Windows\SYSTEM32\GLU32.dll
0x00007fffae2d0000 - 0x00007fffae3e5000 	C:\Windows\System32\MSCTF.dll
0x00007fffafbb0000 - 0x00007fffafcd9000 	C:\Windows\System32\ole32.dll
0x00007fffa7400000 - 0x00007fffa75cd000 	C:\Windows\system32\d3d9.dll
0x00007fffa23b0000 - 0x00007fffa249e000 	C:\Windows\System32\DriverStore\FileRepository\nv_dispi.inf_amd64_90685a092bcf58c7\nvldumdx.dll
0x00007fffadf50000 - 0x00007fffae0ad000 	C:\Windows\System32\crypt32.dll
0x00007fffadec0000 - 0x00007fffadf20000 	C:\Windows\System32\WINTRUST.DLL
0x00007fffad400000 - 0x00007fffad412000 	C:\Windows\SYSTEM32\MSASN1.dll
0x00007fffaf1d0000 - 0x00007fffaf1ed000 	C:\Windows\System32\imagehlp.dll
0x00007fffad110000 - 0x00007fffad128000 	C:\Windows\SYSTEM32\CRYPTSP.dll
0x00007fffac8c0000 - 0x00007fffac8f4000 	C:\Windows\system32\rsaenh.dll
0x00007fffadf20000 - 0x00007fffadf47000 	C:\Windows\System32\bcrypt.dll
0x00007fffad100000 - 0x00007fffad10c000 	C:\Windows\SYSTEM32\CRYPTBASE.dll
0x00007fff6c5b0000 - 0x00007fff6da4b000 	C:\Windows\System32\DriverStore\FileRepository\nv_dispi.inf_amd64_90685a092bcf58c7\nvd3dumx.dll
0x00007fffad260000 - 0x00007fffad2ab000 	C:\Windows\system32\powrprof.dll
0x00007fffad240000 - 0x00007fffad252000 	C:\Windows\SYSTEM32\UMPDC.dll
0x00007fffac140000 - 0x00007fffac163000 	C:\Windows\SYSTEM32\gpapi.dll
0x00007fffa12f0000 - 0x00007fffa1321000 	C:\Windows\SYSTEM32\cryptnet.dll
0x00007fffa28a0000 - 0x00007fffa28db000 	C:\Windows\SYSTEM32\dxcore.dll
0x00007fffae0e0000 - 0x00007fffae12d000 	C:\Windows\System32\cfgmgr32.dll
0x00007fff6de10000 - 0x00007fff6de92000 	C:\Users\tansa\Desktop\pleiades\java\11\bin\freetype.dll
0x00007fff5fbd0000 - 0x00007fff5fc76000 	C:\Users\tansa\Desktop\pleiades\java\11\bin\fontmanager.dll

dbghelp: loaded successfully - version: 4.0.5 - missing functions: none
symbol engine: initialized successfully - sym options: 0x614 - pdb path: .;C:\Users\tansa\Desktop\pleiades\java\11\bin;C:\Windows\SYSTEM32;C:\Windows\WinSxS\amd64_microsoft.windows.common-controls_6595b64144ccf1df_6.0.19041.488_none_ca04af081b815d21;C:\Users\tansa\Desktop\pleiades\java\11\bin\server;C:\Windows\System32\DriverStore\FileRepository\nv_dispi.inf_amd64_90685a092bcf58c7

VM Arguments:
jvm_args: -Dfile.encoding=UTF-8 
java_command: View2
java_class_path (initial): C:\Users\tansa\Desktop\Program\Java\week1008\bin
Launcher Type: SUN_STANDARD

[Global flags]
     intx CICompilerCount                          = 3                                         {product} {ergonomic}
     uint ConcGCThreads                            = 2                                         {product} {ergonomic}
     uint G1ConcRefinementThreads                  = 6                                         {product} {ergonomic}
   size_t G1HeapRegionSize                         = 1048576                                   {product} {ergonomic}
    uintx GCDrainStackTargetSize                   = 64                                        {product} {ergonomic}
   size_t InitialHeapSize                          = 268435456                                 {product} {ergonomic}
   size_t MarkStackSize                            = 4194304                                   {product} {ergonomic}
   size_t MaxHeapSize                              = 4278190080                                {product} {ergonomic}
   size_t MaxNewSize                               = 2566914048                                {product} {ergonomic}
   size_t MinHeapDeltaBytes                        = 1048576                                   {product} {ergonomic}
    uintx NonNMethodCodeHeapSize                   = 5830732                                {pd product} {ergonomic}
    uintx NonProfiledCodeHeapSize                  = 122913754                              {pd product} {ergonomic}
    uintx ProfiledCodeHeapSize                     = 122913754                              {pd product} {ergonomic}
    uintx ReservedCodeCacheSize                    = 251658240                              {pd product} {ergonomic}
     bool SegmentedCodeCache                       = true                                      {product} {ergonomic}
     bool UseCompressedClassPointers               = true                                 {lp64_product} {ergonomic}
     bool UseCompressedOops                        = true                                 {lp64_product} {ergonomic}
     bool UseG1GC                                  = true                                      {product} {ergonomic}
     bool UseLargePagesIndividualAllocation        = false                                  {pd product} {ergonomic}

Logging:
Log output configuration:
 #0: stdout all=warning uptime,level,tags
 #1: stderr all=off uptime,level,tags

Environment Variables:
PATH=C:/Users/tansa/Desktop/pleiades/eclipse//jre/bin/server;C:/Users/tansa/Desktop/pleiades/eclipse//jre/bin;C:\Program Files (x86)\Common Files\Oracle\Java\javapath;C:\Program Files (x86)\Common Files\Intel\Shared Libraries\redist\intel64\compiler;C:\Windows\system32;C:\Windows;C:\Windows\System32\Wbem;C:\Windows\System32\WindowsPowerShell\v1.0\;C:\Windows\System32\OpenSSH\;C:\Program Files\swipl\bin;C:\Users\tansa\AppData\Local\Microsoft\WindowsApps;C:\Users\tansa\AppData\Local\Programs\Microsoft VS Code\bin;C:\MinGW\bin;C:\Program Files (x86)\Java\jre1.8.0_251\bin;;C:\Users\tansa\Desktop\pleiades\eclipse;
USERNAME=tansaku
OS=Windows_NT
PROCESSOR_IDENTIFIER=AMD64 Family 23 Model 113 Stepping 0, AuthenticAMD



---------------  S Y S T E M  ---------------

OS: Windows 10 , 64 bit Build 19041 (10.0.19041.292)
OS uptime: 5 days 21:28 hours

CPU:total 6 (initial active 6) (6 cores per cpu, 1 threads per core) family 23 model 113 stepping 0, cmov, cx8, fxsr, mmx, sse, sse2, sse3, ssse3, sse4.1, sse4.2, popcnt, avx, avx2, aes, clmul, mmxext, 3dnowpref, lzcnt, sse4a, tsc, tscinvbit, tscinv, bmi1, bmi2, adx, sha, fma

Memory: 4k page, system-wide physical 16315M (8235M free)
TotalPageFile size 18747M (AvailPageFile size 7975M)
current process WorkingSet (physical memory assigned to process): 73M, peak: 73M
current process commit charge ("private bytes"): 361M, peak: 361M

vm_info: OpenJDK 64-Bit Server VM (11.0.7+10) for windows-amd64 JRE (11.0.7+10), built on Apr 22 2020 11:46:09 by "" with MS VC++ 15.9 (VS2017)

END.
